<testsuites id="" name="" tests="126" failures="126" skipped="0" errors="0" time="213.879847">
<testsuite name="accessibility/AccessibilityTest.spec.cjs" timestamp="2025-07-03T13:28:10.455Z" hostname="chromium" tests="10" failures="10" skipped="0" time="0.144" errors="0">
<testcase name="Nuclear Engagement Accessibility Tests › Quiz component accessibility" classname="accessibility/AccessibilityTest.spec.cjs" time="0.022">
<failure message="AccessibilityTest.spec.cjs:10:3 Quiz component accessibility" type="FAILURE">
<![CDATA[  [chromium] › accessibility/AccessibilityTest.spec.cjs:10:3 › Nuclear Engagement Accessibility Tests › Quiz component accessibility 

    Error: browserType.launch: 
    ╔══════════════════════════════════════════════════════╗
    ║ Host system is missing dependencies to run browsers. ║
    ║ Please install them with the following command:      ║
    ║                                                      ║
    ║     sudo npx playwright install-deps                 ║
    ║                                                      ║
    ║ Alternatively, use apt:                              ║
    ║     sudo apt-get install libnspr4\                   ║
    ║         libnss3\                                     ║
    ║         libasound2t64                                ║
    ║                                                      ║
    ║ <3 Playwright Team                                   ║
    ╚══════════════════════════════════════════════════════╝
]]>
</failure>
</testcase>
<testcase name="Nuclear Engagement Accessibility Tests › Table of Contents accessibility" classname="accessibility/AccessibilityTest.spec.cjs" time="0.014">
<failure message="AccessibilityTest.spec.cjs:47:3 Table of Contents accessibility" type="FAILURE">
<![CDATA[  [chromium] › accessibility/AccessibilityTest.spec.cjs:47:3 › Nuclear Engagement Accessibility Tests › Table of Contents accessibility 

    Error: browserType.launch: 
    ╔══════════════════════════════════════════════════════╗
    ║ Host system is missing dependencies to run browsers. ║
    ║ Please install them with the following command:      ║
    ║                                                      ║
    ║     sudo npx playwright install-deps                 ║
    ║                                                      ║
    ║ Alternatively, use apt:                              ║
    ║     sudo apt-get install libnspr4\                   ║
    ║         libnss3\                                     ║
    ║         libasound2t64                                ║
    ║                                                      ║
    ║ <3 Playwright Team                                   ║
    ╚══════════════════════════════════════════════════════╝
]]>
</failure>
</testcase>
<testcase name="Nuclear Engagement Accessibility Tests › Summary component accessibility" classname="accessibility/AccessibilityTest.spec.cjs" time="0.014">
<failure message="AccessibilityTest.spec.cjs:88:3 Summary component accessibility" type="FAILURE">
<![CDATA[  [chromium] › accessibility/AccessibilityTest.spec.cjs:88:3 › Nuclear Engagement Accessibility Tests › Summary component accessibility 

    Error: browserType.launch: 
    ╔══════════════════════════════════════════════════════╗
    ║ Host system is missing dependencies to run browsers. ║
    ║ Please install them with the following command:      ║
    ║                                                      ║
    ║     sudo npx playwright install-deps                 ║
    ║                                                      ║
    ║ Alternatively, use apt:                              ║
    ║     sudo apt-get install libnspr4\                   ║
    ║         libnss3\                                     ║
    ║         libasound2t64                                ║
    ║                                                      ║
    ║ <3 Playwright Team                                   ║
    ╚══════════════════════════════════════════════════════╝
]]>
</failure>
</testcase>
<testcase name="Nuclear Engagement Accessibility Tests › Color contrast and visual accessibility" classname="accessibility/AccessibilityTest.spec.cjs" time="0.012">
<failure message="AccessibilityTest.spec.cjs:119:3 Color contrast and visual accessibility" type="FAILURE">
<![CDATA[  [chromium] › accessibility/AccessibilityTest.spec.cjs:119:3 › Nuclear Engagement Accessibility Tests › Color contrast and visual accessibility 

    Error: browserType.launch: 
    ╔══════════════════════════════════════════════════════╗
    ║ Host system is missing dependencies to run browsers. ║
    ║ Please install them with the following command:      ║
    ║                                                      ║
    ║     sudo npx playwright install-deps                 ║
    ║                                                      ║
    ║ Alternatively, use apt:                              ║
    ║     sudo apt-get install libnspr4\                   ║
    ║         libnss3\                                     ║
    ║         libasound2t64                                ║
    ║                                                      ║
    ║ <3 Playwright Team                                   ║
    ╚══════════════════════════════════════════════════════╝
]]>
</failure>
</testcase>
<testcase name="Nuclear Engagement Accessibility Tests › Screen reader compatibility" classname="accessibility/AccessibilityTest.spec.cjs" time="0.013">
<failure message="AccessibilityTest.spec.cjs:158:3 Screen reader compatibility" type="FAILURE">
<![CDATA[  [chromium] › accessibility/AccessibilityTest.spec.cjs:158:3 › Nuclear Engagement Accessibility Tests › Screen reader compatibility 

    Error: browserType.launch: 
    ╔══════════════════════════════════════════════════════╗
    ║ Host system is missing dependencies to run browsers. ║
    ║ Please install them with the following command:      ║
    ║                                                      ║
    ║     sudo npx playwright install-deps                 ║
    ║                                                      ║
    ║ Alternatively, use apt:                              ║
    ║     sudo apt-get install libnspr4\                   ║
    ║         libnss3\                                     ║
    ║         libasound2t64                                ║
    ║                                                      ║
    ║ <3 Playwright Team                                   ║
    ╚══════════════════════════════════════════════════════╝
]]>
</failure>
</testcase>
<testcase name="Nuclear Engagement Accessibility Tests › Mobile accessibility" classname="accessibility/AccessibilityTest.spec.cjs" time="0.015">
<failure message="AccessibilityTest.spec.cjs:203:3 Mobile accessibility" type="FAILURE">
<![CDATA[  [chromium] › accessibility/AccessibilityTest.spec.cjs:203:3 › Nuclear Engagement Accessibility Tests › Mobile accessibility 

    Error: browserType.launch: 
    ╔══════════════════════════════════════════════════════╗
    ║ Host system is missing dependencies to run browsers. ║
    ║ Please install them with the following command:      ║
    ║                                                      ║
    ║     sudo npx playwright install-deps                 ║
    ║                                                      ║
    ║ Alternatively, use apt:                              ║
    ║     sudo apt-get install libnspr4\                   ║
    ║         libnss3\                                     ║
    ║         libasound2t64                                ║
    ║                                                      ║
    ║ <3 Playwright Team                                   ║
    ╚══════════════════════════════════════════════════════╝
]]>
</failure>
</testcase>
<testcase name="Nuclear Engagement Accessibility Tests › Reduced motion preferences" classname="accessibility/AccessibilityTest.spec.cjs" time="0.012">
<failure message="AccessibilityTest.spec.cjs:241:3 Reduced motion preferences" type="FAILURE">
<![CDATA[  [chromium] › accessibility/AccessibilityTest.spec.cjs:241:3 › Nuclear Engagement Accessibility Tests › Reduced motion preferences 

    Error: browserType.launch: 
    ╔══════════════════════════════════════════════════════╗
    ║ Host system is missing dependencies to run browsers. ║
    ║ Please install them with the following command:      ║
    ║                                                      ║
    ║     sudo npx playwright install-deps                 ║
    ║                                                      ║
    ║ Alternatively, use apt:                              ║
    ║     sudo apt-get install libnspr4\                   ║
    ║         libnss3\                                     ║
    ║         libasound2t64                                ║
    ║                                                      ║
    ║ <3 Playwright Team                                   ║
    ╚══════════════════════════════════════════════════════╝
]]>
</failure>
</testcase>
<testcase name="Nuclear Engagement Accessibility Tests › High contrast mode compatibility" classname="accessibility/AccessibilityTest.spec.cjs" time="0.017">
<failure message="AccessibilityTest.spec.cjs:270:3 High contrast mode compatibility" type="FAILURE">
<![CDATA[  [chromium] › accessibility/AccessibilityTest.spec.cjs:270:3 › Nuclear Engagement Accessibility Tests › High contrast mode compatibility 

    Error: browserType.launch: 
    ╔══════════════════════════════════════════════════════╗
    ║ Host system is missing dependencies to run browsers. ║
    ║ Please install them with the following command:      ║
    ║                                                      ║
    ║     sudo npx playwright install-deps                 ║
    ║                                                      ║
    ║ Alternatively, use apt:                              ║
    ║     sudo apt-get install libnspr4\                   ║
    ║         libnss3\                                     ║
    ║         libasound2t64                                ║
    ║                                                      ║
    ║ <3 Playwright Team                                   ║
    ╚══════════════════════════════════════════════════════╝
]]>
</failure>
</testcase>
<testcase name="Nuclear Engagement Accessibility Tests › Form accessibility" classname="accessibility/AccessibilityTest.spec.cjs" time="0.014">
<failure message="AccessibilityTest.spec.cjs:299:3 Form accessibility" type="FAILURE">
<![CDATA[  [chromium] › accessibility/AccessibilityTest.spec.cjs:299:3 › Nuclear Engagement Accessibility Tests › Form accessibility 

    Error: browserType.launch: 
    ╔══════════════════════════════════════════════════════╗
    ║ Host system is missing dependencies to run browsers. ║
    ║ Please install them with the following command:      ║
    ║                                                      ║
    ║     sudo npx playwright install-deps                 ║
    ║                                                      ║
    ║ Alternatively, use apt:                              ║
    ║     sudo apt-get install libnspr4\                   ║
    ║         libnss3\                                     ║
    ║         libasound2t64                                ║
    ║                                                      ║
    ║ <3 Playwright Team                                   ║
    ╚══════════════════════════════════════════════════════╝
]]>
</failure>
</testcase>
<testcase name="Nuclear Engagement Accessibility Tests › Page structure and semantics" classname="accessibility/AccessibilityTest.spec.cjs" time="0.011">
<failure message="AccessibilityTest.spec.cjs:340:3 Page structure and semantics" type="FAILURE">
<![CDATA[  [chromium] › accessibility/AccessibilityTest.spec.cjs:340:3 › Nuclear Engagement Accessibility Tests › Page structure and semantics 

    Error: browserType.launch: 
    ╔══════════════════════════════════════════════════════╗
    ║ Host system is missing dependencies to run browsers. ║
    ║ Please install them with the following command:      ║
    ║                                                      ║
    ║     sudo npx playwright install-deps                 ║
    ║                                                      ║
    ║ Alternatively, use apt:                              ║
    ║     sudo apt-get install libnspr4\                   ║
    ║         libnss3\                                     ║
    ║         libasound2t64                                ║
    ║                                                      ║
    ║ <3 Playwright Team                                   ║
    ╚══════════════════════════════════════════════════════╝
]]>
</failure>
</testcase>
</testsuite>
<testsuite name="e2e/simple.spec.js" timestamp="2025-07-03T13:28:10.455Z" hostname="chromium" tests="1" failures="1" skipped="0" time="0.011" errors="0">
<testcase name="Simple Playwright Test › basic test to verify playwright works" classname="e2e/simple.spec.js" time="0.011">
<failure message="simple.spec.js:4:3 basic test to verify playwright works" type="FAILURE">
<![CDATA[  [chromium] › e2e/simple.spec.js:4:3 › Simple Playwright Test › basic test to verify playwright works 

    Error: browserType.launch: 
    ╔══════════════════════════════════════════════════════╗
    ║ Host system is missing dependencies to run browsers. ║
    ║ Please install them with the following command:      ║
    ║                                                      ║
    ║     sudo npx playwright install-deps                 ║
    ║                                                      ║
    ║ Alternatively, use apt:                              ║
    ║     sudo apt-get install libnspr4\                   ║
    ║         libnss3\                                     ║
    ║         libasound2t64                                ║
    ║                                                      ║
    ║ <3 Playwright Team                                   ║
    ╚══════════════════════════════════════════════════════╝
]]>
</failure>
</testcase>
</testsuite>
<testsuite name="e2e/web-workflows.spec.js" timestamp="2025-07-03T13:28:10.455Z" hostname="chromium" tests="10" failures="10" skipped="0" time="0" errors="0">
<testcase name="Nuclear Engagement Web Workflows › Complete plugin setup workflow" classname="e2e/web-workflows.spec.js" time="0">
<failure message="web-workflows.spec.js:35:3 Complete plugin setup workflow" type="FAILURE">
<![CDATA[  [chromium] › e2e/web-workflows.spec.js:35:3 › Nuclear Engagement Web Workflows › Complete plugin setup workflow 

    Error: browserType.launch: 
    ╔══════════════════════════════════════════════════════╗
    ║ Host system is missing dependencies to run browsers. ║
    ║ Please install them with the following command:      ║
    ║                                                      ║
    ║     sudo npx playwright install-deps                 ║
    ║                                                      ║
    ║ Alternatively, use apt:                              ║
    ║     sudo apt-get install libnspr4\                   ║
    ║         libnss3\                                     ║
    ║         libasound2t64                                ║
    ║                                                      ║
    ║ <3 Playwright Team                                   ║
    ╚══════════════════════════════════════════════════════╝

    TypeError: Cannot read properties of undefined (reading 'close')

      324 |
      325 |   test.afterAll(async () => {
    > 326 |     await adminPage.close();
          |                     ^
      327 |     await frontendPage.close();
      328 |   });
      329 | });
        at /mnt/wsl/docker-desktop-bind-mounts/Ubuntu/b1b687231e36a9dad8030de0e949ac74d048ee86a99fd2d0a4bd38e5e01d8541/tests/e2e/web-workflows.spec.js:326:21
]]>
</failure>
</testcase>
<testcase name="Nuclear Engagement Web Workflows › Content generation workflow" classname="e2e/web-workflows.spec.js" time="0">
<failure message="web-workflows.spec.js:60:3 Content generation workflow" type="FAILURE">
<![CDATA[  [chromium] › e2e/web-workflows.spec.js:60:3 › Nuclear Engagement Web Workflows › Content generation workflow 

    Error: browserType.launch: 
    ╔══════════════════════════════════════════════════════╗
    ║ Host system is missing dependencies to run browsers. ║
    ║ Please install them with the following command:      ║
    ║                                                      ║
    ║     sudo npx playwright install-deps                 ║
    ║                                                      ║
    ║ Alternatively, use apt:                              ║
    ║     sudo apt-get install libnspr4\                   ║
    ║         libnss3\                                     ║
    ║         libasound2t64                                ║
    ║                                                      ║
    ║ <3 Playwright Team                                   ║
    ╚══════════════════════════════════════════════════════╝

    TypeError: Cannot read properties of undefined (reading 'close')

      324 |
      325 |   test.afterAll(async () => {
    > 326 |     await adminPage.close();
          |                     ^
      327 |     await frontendPage.close();
      328 |   });
      329 | });
        at /mnt/wsl/docker-desktop-bind-mounts/Ubuntu/b1b687231e36a9dad8030de0e949ac74d048ee86a99fd2d0a4bd38e5e01d8541/tests/e2e/web-workflows.spec.js:326:21
]]>
</failure>
</testcase>
<testcase name="Nuclear Engagement Web Workflows › Quiz interaction workflow" classname="e2e/web-workflows.spec.js" time="0">
<failure message="web-workflows.spec.js:93:3 Quiz interaction workflow" type="FAILURE">
<![CDATA[  [chromium] › e2e/web-workflows.spec.js:93:3 › Nuclear Engagement Web Workflows › Quiz interaction workflow 

    Error: browserType.launch: 
    ╔══════════════════════════════════════════════════════╗
    ║ Host system is missing dependencies to run browsers. ║
    ║ Please install them with the following command:      ║
    ║                                                      ║
    ║     sudo npx playwright install-deps                 ║
    ║                                                      ║
    ║ Alternatively, use apt:                              ║
    ║     sudo apt-get install libnspr4\                   ║
    ║         libnss3\                                     ║
    ║         libasound2t64                                ║
    ║                                                      ║
    ║ <3 Playwright Team                                   ║
    ╚══════════════════════════════════════════════════════╝

    TypeError: Cannot read properties of undefined (reading 'close')

      324 |
      325 |   test.afterAll(async () => {
    > 326 |     await adminPage.close();
          |                     ^
      327 |     await frontendPage.close();
      328 |   });
      329 | });
        at /mnt/wsl/docker-desktop-bind-mounts/Ubuntu/b1b687231e36a9dad8030de0e949ac74d048ee86a99fd2d0a4bd38e5e01d8541/tests/e2e/web-workflows.spec.js:326:21
]]>
</failure>
</testcase>
<testcase name="Nuclear Engagement Web Workflows › Table of Contents interaction workflow" classname="e2e/web-workflows.spec.js" time="0">
<failure message="web-workflows.spec.js:127:3 Table of Contents interaction workflow" type="FAILURE">
<![CDATA[  [chromium] › e2e/web-workflows.spec.js:127:3 › Nuclear Engagement Web Workflows › Table of Contents interaction workflow 

    Error: browserType.launch: 
    ╔══════════════════════════════════════════════════════╗
    ║ Host system is missing dependencies to run browsers. ║
    ║ Please install them with the following command:      ║
    ║                                                      ║
    ║     sudo npx playwright install-deps                 ║
    ║                                                      ║
    ║ Alternatively, use apt:                              ║
    ║     sudo apt-get install libnspr4\                   ║
    ║         libnss3\                                     ║
    ║         libasound2t64                                ║
    ║                                                      ║
    ║ <3 Playwright Team                                   ║
    ╚══════════════════════════════════════════════════════╝

    TypeError: Cannot read properties of undefined (reading 'close')

      324 |
      325 |   test.afterAll(async () => {
    > 326 |     await adminPage.close();
          |                     ^
      327 |     await frontendPage.close();
      328 |   });
      329 | });
        at /mnt/wsl/docker-desktop-bind-mounts/Ubuntu/b1b687231e36a9dad8030de0e949ac74d048ee86a99fd2d0a4bd38e5e01d8541/tests/e2e/web-workflows.spec.js:326:21
]]>
</failure>
</testcase>
<testcase name="Nuclear Engagement Web Workflows › Summary display workflow" classname="e2e/web-workflows.spec.js" time="0">
<failure message="web-workflows.spec.js:152:3 Summary display workflow" type="FAILURE">
<![CDATA[  [chromium] › e2e/web-workflows.spec.js:152:3 › Nuclear Engagement Web Workflows › Summary display workflow 

    Error: browserType.launch: 
    ╔══════════════════════════════════════════════════════╗
    ║ Host system is missing dependencies to run browsers. ║
    ║ Please install them with the following command:      ║
    ║                                                      ║
    ║     sudo npx playwright install-deps                 ║
    ║                                                      ║
    ║ Alternatively, use apt:                              ║
    ║     sudo apt-get install libnspr4\                   ║
    ║         libnss3\                                     ║
    ║         libasound2t64                                ║
    ║                                                      ║
    ║ <3 Playwright Team                                   ║
    ╚══════════════════════════════════════════════════════╝

    TypeError: Cannot read properties of undefined (reading 'close')

      324 |
      325 |   test.afterAll(async () => {
    > 326 |     await adminPage.close();
          |                     ^
      327 |     await frontendPage.close();
      328 |   });
      329 | });
        at /mnt/wsl/docker-desktop-bind-mounts/Ubuntu/b1b687231e36a9dad8030de0e949ac74d048ee86a99fd2d0a4bd38e5e01d8541/tests/e2e/web-workflows.spec.js:326:21
]]>
</failure>
</testcase>
<testcase name="Nuclear Engagement Web Workflows › Admin bulk generation workflow" classname="e2e/web-workflows.spec.js" time="0">
<failure message="web-workflows.spec.js:175:3 Admin bulk generation workflow" type="FAILURE">
<![CDATA[  [chromium] › e2e/web-workflows.spec.js:175:3 › Nuclear Engagement Web Workflows › Admin bulk generation workflow 

    Error: browserType.launch: 
    ╔══════════════════════════════════════════════════════╗
    ║ Host system is missing dependencies to run browsers. ║
    ║ Please install them with the following command:      ║
    ║                                                      ║
    ║     sudo npx playwright install-deps                 ║
    ║                                                      ║
    ║ Alternatively, use apt:                              ║
    ║     sudo apt-get install libnspr4\                   ║
    ║         libnss3\                                     ║
    ║         libasound2t64                                ║
    ║                                                      ║
    ║ <3 Playwright Team                                   ║
    ╚══════════════════════════════════════════════════════╝

    TypeError: Cannot read properties of undefined (reading 'close')

      324 |
      325 |   test.afterAll(async () => {
    > 326 |     await adminPage.close();
          |                     ^
      327 |     await frontendPage.close();
      328 |   });
      329 | });
        at /mnt/wsl/docker-desktop-bind-mounts/Ubuntu/b1b687231e36a9dad8030de0e949ac74d048ee86a99fd2d0a4bd38e5e01d8541/tests/e2e/web-workflows.spec.js:326:21
]]>
</failure>
</testcase>
<testcase name="Nuclear Engagement Web Workflows › Settings management workflow" classname="e2e/web-workflows.spec.js" time="0">
<failure message="web-workflows.spec.js:204:3 Settings management workflow" type="FAILURE">
<![CDATA[  [chromium] › e2e/web-workflows.spec.js:204:3 › Nuclear Engagement Web Workflows › Settings management workflow 

    Error: browserType.launch: 
    ╔══════════════════════════════════════════════════════╗
    ║ Host system is missing dependencies to run browsers. ║
    ║ Please install them with the following command:      ║
    ║                                                      ║
    ║     sudo npx playwright install-deps                 ║
    ║                                                      ║
    ║ Alternatively, use apt:                              ║
    ║     sudo apt-get install libnspr4\                   ║
    ║         libnss3\                                     ║
    ║         libasound2t64                                ║
    ║                                                      ║
    ║ <3 Playwright Team                                   ║
    ╚══════════════════════════════════════════════════════╝

    TypeError: Cannot read properties of undefined (reading 'close')

      324 |
      325 |   test.afterAll(async () => {
    > 326 |     await adminPage.close();
          |                     ^
      327 |     await frontendPage.close();
      328 |   });
      329 | });
        at /mnt/wsl/docker-desktop-bind-mounts/Ubuntu/b1b687231e36a9dad8030de0e949ac74d048ee86a99fd2d0a4bd38e5e01d8541/tests/e2e/web-workflows.spec.js:326:21
]]>
</failure>
</testcase>
<testcase name="Nuclear Engagement Web Workflows › Error handling workflow" classname="e2e/web-workflows.spec.js" time="0">
<failure message="web-workflows.spec.js:232:3 Error handling workflow" type="FAILURE">
<![CDATA[  [chromium] › e2e/web-workflows.spec.js:232:3 › Nuclear Engagement Web Workflows › Error handling workflow 

    Error: browserType.launch: 
    ╔══════════════════════════════════════════════════════╗
    ║ Host system is missing dependencies to run browsers. ║
    ║ Please install them with the following command:      ║
    ║                                                      ║
    ║     sudo npx playwright install-deps                 ║
    ║                                                      ║
    ║ Alternatively, use apt:                              ║
    ║     sudo apt-get install libnspr4\                   ║
    ║         libnss3\                                     ║
    ║         libasound2t64                                ║
    ║                                                      ║
    ║ <3 Playwright Team                                   ║
    ╚══════════════════════════════════════════════════════╝

    TypeError: Cannot read properties of undefined (reading 'close')

      324 |
      325 |   test.afterAll(async () => {
    > 326 |     await adminPage.close();
          |                     ^
      327 |     await frontendPage.close();
      328 |   });
      329 | });
        at /mnt/wsl/docker-desktop-bind-mounts/Ubuntu/b1b687231e36a9dad8030de0e949ac74d048ee86a99fd2d0a4bd38e5e01d8541/tests/e2e/web-workflows.spec.js:326:21
]]>
</failure>
</testcase>
<testcase name="Nuclear Engagement Web Workflows › Responsive design workflow" classname="e2e/web-workflows.spec.js" time="0">
<failure message="web-workflows.spec.js:258:3 Responsive design workflow" type="FAILURE">
<![CDATA[  [chromium] › e2e/web-workflows.spec.js:258:3 › Nuclear Engagement Web Workflows › Responsive design workflow 

    Error: browserType.launch: 
    ╔══════════════════════════════════════════════════════╗
    ║ Host system is missing dependencies to run browsers. ║
    ║ Please install them with the following command:      ║
    ║                                                      ║
    ║     sudo npx playwright install-deps                 ║
    ║                                                      ║
    ║ Alternatively, use apt:                              ║
    ║     sudo apt-get install libnspr4\                   ║
    ║         libnss3\                                     ║
    ║         libasound2t64                                ║
    ║                                                      ║
    ║ <3 Playwright Team                                   ║
    ╚══════════════════════════════════════════════════════╝

    TypeError: Cannot read properties of undefined (reading 'close')

      324 |
      325 |   test.afterAll(async () => {
    > 326 |     await adminPage.close();
          |                     ^
      327 |     await frontendPage.close();
      328 |   });
      329 | });
        at /mnt/wsl/docker-desktop-bind-mounts/Ubuntu/b1b687231e36a9dad8030de0e949ac74d048ee86a99fd2d0a4bd38e5e01d8541/tests/e2e/web-workflows.spec.js:326:21
]]>
</failure>
</testcase>
<testcase name="Nuclear Engagement Web Workflows › Performance workflow" classname="e2e/web-workflows.spec.js" time="0">
<failure message="web-workflows.spec.js:296:3 Performance workflow" type="FAILURE">
<![CDATA[  [chromium] › e2e/web-workflows.spec.js:296:3 › Nuclear Engagement Web Workflows › Performance workflow 

    Error: browserType.launch: 
    ╔══════════════════════════════════════════════════════╗
    ║ Host system is missing dependencies to run browsers. ║
    ║ Please install them with the following command:      ║
    ║                                                      ║
    ║     sudo npx playwright install-deps                 ║
    ║                                                      ║
    ║ Alternatively, use apt:                              ║
    ║     sudo apt-get install libnspr4\                   ║
    ║         libnss3\                                     ║
    ║         libasound2t64                                ║
    ║                                                      ║
    ║ <3 Playwright Team                                   ║
    ╚══════════════════════════════════════════════════════╝

    TypeError: Cannot read properties of undefined (reading 'close')

      324 |
      325 |   test.afterAll(async () => {
    > 326 |     await adminPage.close();
          |                     ^
      327 |     await frontendPage.close();
      328 |   });
      329 | });
        at /mnt/wsl/docker-desktop-bind-mounts/Ubuntu/b1b687231e36a9dad8030de0e949ac74d048ee86a99fd2d0a4bd38e5e01d8541/tests/e2e/web-workflows.spec.js:326:21
]]>
</failure>
</testcase>
</testsuite>
<testsuite name="accessibility/AccessibilityTest.spec.cjs" timestamp="2025-07-03T13:28:10.455Z" hostname="firefox" tests="10" failures="10" skipped="0" time="0.155" errors="0">
<testcase name="Nuclear Engagement Accessibility Tests › Quiz component accessibility" classname="accessibility/AccessibilityTest.spec.cjs" time="0.025">
<failure message="AccessibilityTest.spec.cjs:10:3 Quiz component accessibility" type="FAILURE">
<![CDATA[  [firefox] › accessibility/AccessibilityTest.spec.cjs:10:3 › Nuclear Engagement Accessibility Tests › Quiz component accessibility 

    Error: browserType.launch: 
    ╔══════════════════════════════════════════════════════╗
    ║ Host system is missing dependencies to run browsers. ║
    ║ Please install them with the following command:      ║
    ║                                                      ║
    ║     sudo npx playwright install-deps                 ║
    ║                                                      ║
    ║ Alternatively, use apt:                              ║
    ║     sudo apt-get install libasound2t64               ║
    ║                                                      ║
    ║ <3 Playwright Team                                   ║
    ╚══════════════════════════════════════════════════════╝
]]>
</failure>
</testcase>
<testcase name="Nuclear Engagement Accessibility Tests › Table of Contents accessibility" classname="accessibility/AccessibilityTest.spec.cjs" time="0.025">
<failure message="AccessibilityTest.spec.cjs:47:3 Table of Contents accessibility" type="FAILURE">
<![CDATA[  [firefox] › accessibility/AccessibilityTest.spec.cjs:47:3 › Nuclear Engagement Accessibility Tests › Table of Contents accessibility 

    Error: browserType.launch: 
    ╔══════════════════════════════════════════════════════╗
    ║ Host system is missing dependencies to run browsers. ║
    ║ Please install them with the following command:      ║
    ║                                                      ║
    ║     sudo npx playwright install-deps                 ║
    ║                                                      ║
    ║ Alternatively, use apt:                              ║
    ║     sudo apt-get install libasound2t64               ║
    ║                                                      ║
    ║ <3 Playwright Team                                   ║
    ╚══════════════════════════════════════════════════════╝
]]>
</failure>
</testcase>
<testcase name="Nuclear Engagement Accessibility Tests › Summary component accessibility" classname="accessibility/AccessibilityTest.spec.cjs" time="0.017">
<failure message="AccessibilityTest.spec.cjs:88:3 Summary component accessibility" type="FAILURE">
<![CDATA[  [firefox] › accessibility/AccessibilityTest.spec.cjs:88:3 › Nuclear Engagement Accessibility Tests › Summary component accessibility 

    Error: browserType.launch: 
    ╔══════════════════════════════════════════════════════╗
    ║ Host system is missing dependencies to run browsers. ║
    ║ Please install them with the following command:      ║
    ║                                                      ║
    ║     sudo npx playwright install-deps                 ║
    ║                                                      ║
    ║ Alternatively, use apt:                              ║
    ║     sudo apt-get install libasound2t64               ║
    ║                                                      ║
    ║ <3 Playwright Team                                   ║
    ╚══════════════════════════════════════════════════════╝
]]>
</failure>
</testcase>
<testcase name="Nuclear Engagement Accessibility Tests › Color contrast and visual accessibility" classname="accessibility/AccessibilityTest.spec.cjs" time="0.01">
<failure message="AccessibilityTest.spec.cjs:119:3 Color contrast and visual accessibility" type="FAILURE">
<![CDATA[  [firefox] › accessibility/AccessibilityTest.spec.cjs:119:3 › Nuclear Engagement Accessibility Tests › Color contrast and visual accessibility 

    Error: browserType.launch: 
    ╔══════════════════════════════════════════════════════╗
    ║ Host system is missing dependencies to run browsers. ║
    ║ Please install them with the following command:      ║
    ║                                                      ║
    ║     sudo npx playwright install-deps                 ║
    ║                                                      ║
    ║ Alternatively, use apt:                              ║
    ║     sudo apt-get install libasound2t64               ║
    ║                                                      ║
    ║ <3 Playwright Team                                   ║
    ╚══════════════════════════════════════════════════════╝
]]>
</failure>
</testcase>
<testcase name="Nuclear Engagement Accessibility Tests › Screen reader compatibility" classname="accessibility/AccessibilityTest.spec.cjs" time="0.01">
<failure message="AccessibilityTest.spec.cjs:158:3 Screen reader compatibility" type="FAILURE">
<![CDATA[  [firefox] › accessibility/AccessibilityTest.spec.cjs:158:3 › Nuclear Engagement Accessibility Tests › Screen reader compatibility 

    Error: browserType.launch: 
    ╔══════════════════════════════════════════════════════╗
    ║ Host system is missing dependencies to run browsers. ║
    ║ Please install them with the following command:      ║
    ║                                                      ║
    ║     sudo npx playwright install-deps                 ║
    ║                                                      ║
    ║ Alternatively, use apt:                              ║
    ║     sudo apt-get install libasound2t64               ║
    ║                                                      ║
    ║ <3 Playwright Team                                   ║
    ╚══════════════════════════════════════════════════════╝
]]>
</failure>
</testcase>
<testcase name="Nuclear Engagement Accessibility Tests › Mobile accessibility" classname="accessibility/AccessibilityTest.spec.cjs" time="0.012">
<failure message="AccessibilityTest.spec.cjs:203:3 Mobile accessibility" type="FAILURE">
<![CDATA[  [firefox] › accessibility/AccessibilityTest.spec.cjs:203:3 › Nuclear Engagement Accessibility Tests › Mobile accessibility 

    Error: browserType.launch: 
    ╔══════════════════════════════════════════════════════╗
    ║ Host system is missing dependencies to run browsers. ║
    ║ Please install them with the following command:      ║
    ║                                                      ║
    ║     sudo npx playwright install-deps                 ║
    ║                                                      ║
    ║ Alternatively, use apt:                              ║
    ║     sudo apt-get install libasound2t64               ║
    ║                                                      ║
    ║ <3 Playwright Team                                   ║
    ╚══════════════════════════════════════════════════════╝
]]>
</failure>
</testcase>
<testcase name="Nuclear Engagement Accessibility Tests › Reduced motion preferences" classname="accessibility/AccessibilityTest.spec.cjs" time="0.012">
<failure message="AccessibilityTest.spec.cjs:241:3 Reduced motion preferences" type="FAILURE">
<![CDATA[  [firefox] › accessibility/AccessibilityTest.spec.cjs:241:3 › Nuclear Engagement Accessibility Tests › Reduced motion preferences 

    Error: browserType.launch: 
    ╔══════════════════════════════════════════════════════╗
    ║ Host system is missing dependencies to run browsers. ║
    ║ Please install them with the following command:      ║
    ║                                                      ║
    ║     sudo npx playwright install-deps                 ║
    ║                                                      ║
    ║ Alternatively, use apt:                              ║
    ║     sudo apt-get install libasound2t64               ║
    ║                                                      ║
    ║ <3 Playwright Team                                   ║
    ╚══════════════════════════════════════════════════════╝
]]>
</failure>
</testcase>
<testcase name="Nuclear Engagement Accessibility Tests › High contrast mode compatibility" classname="accessibility/AccessibilityTest.spec.cjs" time="0.016">
<failure message="AccessibilityTest.spec.cjs:270:3 High contrast mode compatibility" type="FAILURE">
<![CDATA[  [firefox] › accessibility/AccessibilityTest.spec.cjs:270:3 › Nuclear Engagement Accessibility Tests › High contrast mode compatibility 

    Error: browserType.launch: 
    ╔══════════════════════════════════════════════════════╗
    ║ Host system is missing dependencies to run browsers. ║
    ║ Please install them with the following command:      ║
    ║                                                      ║
    ║     sudo npx playwright install-deps                 ║
    ║                                                      ║
    ║ Alternatively, use apt:                              ║
    ║     sudo apt-get install libasound2t64               ║
    ║                                                      ║
    ║ <3 Playwright Team                                   ║
    ╚══════════════════════════════════════════════════════╝
]]>
</failure>
</testcase>
<testcase name="Nuclear Engagement Accessibility Tests › Form accessibility" classname="accessibility/AccessibilityTest.spec.cjs" time="0.015">
<failure message="AccessibilityTest.spec.cjs:299:3 Form accessibility" type="FAILURE">
<![CDATA[  [firefox] › accessibility/AccessibilityTest.spec.cjs:299:3 › Nuclear Engagement Accessibility Tests › Form accessibility 

    Error: browserType.launch: 
    ╔══════════════════════════════════════════════════════╗
    ║ Host system is missing dependencies to run browsers. ║
    ║ Please install them with the following command:      ║
    ║                                                      ║
    ║     sudo npx playwright install-deps                 ║
    ║                                                      ║
    ║ Alternatively, use apt:                              ║
    ║     sudo apt-get install libasound2t64               ║
    ║                                                      ║
    ║ <3 Playwright Team                                   ║
    ╚══════════════════════════════════════════════════════╝
]]>
</failure>
</testcase>
<testcase name="Nuclear Engagement Accessibility Tests › Page structure and semantics" classname="accessibility/AccessibilityTest.spec.cjs" time="0.013">
<failure message="AccessibilityTest.spec.cjs:340:3 Page structure and semantics" type="FAILURE">
<![CDATA[  [firefox] › accessibility/AccessibilityTest.spec.cjs:340:3 › Nuclear Engagement Accessibility Tests › Page structure and semantics 

    Error: browserType.launch: 
    ╔══════════════════════════════════════════════════════╗
    ║ Host system is missing dependencies to run browsers. ║
    ║ Please install them with the following command:      ║
    ║                                                      ║
    ║     sudo npx playwright install-deps                 ║
    ║                                                      ║
    ║ Alternatively, use apt:                              ║
    ║     sudo apt-get install libasound2t64               ║
    ║                                                      ║
    ║ <3 Playwright Team                                   ║
    ╚══════════════════════════════════════════════════════╝
]]>
</failure>
</testcase>
</testsuite>
<testsuite name="e2e/simple.spec.js" timestamp="2025-07-03T13:28:10.455Z" hostname="firefox" tests="1" failures="1" skipped="0" time="0.013" errors="0">
<testcase name="Simple Playwright Test › basic test to verify playwright works" classname="e2e/simple.spec.js" time="0.013">
<failure message="simple.spec.js:4:3 basic test to verify playwright works" type="FAILURE">
<![CDATA[  [firefox] › e2e/simple.spec.js:4:3 › Simple Playwright Test › basic test to verify playwright works 

    Error: browserType.launch: 
    ╔══════════════════════════════════════════════════════╗
    ║ Host system is missing dependencies to run browsers. ║
    ║ Please install them with the following command:      ║
    ║                                                      ║
    ║     sudo npx playwright install-deps                 ║
    ║                                                      ║
    ║ Alternatively, use apt:                              ║
    ║     sudo apt-get install libasound2t64               ║
    ║                                                      ║
    ║ <3 Playwright Team                                   ║
    ╚══════════════════════════════════════════════════════╝
]]>
</failure>
</testcase>
</testsuite>
<testsuite name="e2e/web-workflows.spec.js" timestamp="2025-07-03T13:28:10.455Z" hostname="firefox" tests="10" failures="10" skipped="0" time="0.001" errors="0">
<testcase name="Nuclear Engagement Web Workflows › Complete plugin setup workflow" classname="e2e/web-workflows.spec.js" time="0">
<failure message="web-workflows.spec.js:35:3 Complete plugin setup workflow" type="FAILURE">
<![CDATA[  [firefox] › e2e/web-workflows.spec.js:35:3 › Nuclear Engagement Web Workflows › Complete plugin setup workflow 

    Error: browserType.launch: 
    ╔══════════════════════════════════════════════════════╗
    ║ Host system is missing dependencies to run browsers. ║
    ║ Please install them with the following command:      ║
    ║                                                      ║
    ║     sudo npx playwright install-deps                 ║
    ║                                                      ║
    ║ Alternatively, use apt:                              ║
    ║     sudo apt-get install libasound2t64               ║
    ║                                                      ║
    ║ <3 Playwright Team                                   ║
    ╚══════════════════════════════════════════════════════╝

    TypeError: Cannot read properties of undefined (reading 'close')

      324 |
      325 |   test.afterAll(async () => {
    > 326 |     await adminPage.close();
          |                     ^
      327 |     await frontendPage.close();
      328 |   });
      329 | });
        at /mnt/wsl/docker-desktop-bind-mounts/Ubuntu/b1b687231e36a9dad8030de0e949ac74d048ee86a99fd2d0a4bd38e5e01d8541/tests/e2e/web-workflows.spec.js:326:21
]]>
</failure>
</testcase>
<testcase name="Nuclear Engagement Web Workflows › Content generation workflow" classname="e2e/web-workflows.spec.js" time="0">
<failure message="web-workflows.spec.js:60:3 Content generation workflow" type="FAILURE">
<![CDATA[  [firefox] › e2e/web-workflows.spec.js:60:3 › Nuclear Engagement Web Workflows › Content generation workflow 

    Error: browserType.launch: 
    ╔══════════════════════════════════════════════════════╗
    ║ Host system is missing dependencies to run browsers. ║
    ║ Please install them with the following command:      ║
    ║                                                      ║
    ║     sudo npx playwright install-deps                 ║
    ║                                                      ║
    ║ Alternatively, use apt:                              ║
    ║     sudo apt-get install libasound2t64               ║
    ║                                                      ║
    ║ <3 Playwright Team                                   ║
    ╚══════════════════════════════════════════════════════╝

    TypeError: Cannot read properties of undefined (reading 'close')

      324 |
      325 |   test.afterAll(async () => {
    > 326 |     await adminPage.close();
          |                     ^
      327 |     await frontendPage.close();
      328 |   });
      329 | });
        at /mnt/wsl/docker-desktop-bind-mounts/Ubuntu/b1b687231e36a9dad8030de0e949ac74d048ee86a99fd2d0a4bd38e5e01d8541/tests/e2e/web-workflows.spec.js:326:21
]]>
</failure>
</testcase>
<testcase name="Nuclear Engagement Web Workflows › Quiz interaction workflow" classname="e2e/web-workflows.spec.js" time="0">
<failure message="web-workflows.spec.js:93:3 Quiz interaction workflow" type="FAILURE">
<![CDATA[  [firefox] › e2e/web-workflows.spec.js:93:3 › Nuclear Engagement Web Workflows › Quiz interaction workflow 

    Error: browserType.launch: 
    ╔══════════════════════════════════════════════════════╗
    ║ Host system is missing dependencies to run browsers. ║
    ║ Please install them with the following command:      ║
    ║                                                      ║
    ║     sudo npx playwright install-deps                 ║
    ║                                                      ║
    ║ Alternatively, use apt:                              ║
    ║     sudo apt-get install libasound2t64               ║
    ║                                                      ║
    ║ <3 Playwright Team                                   ║
    ╚══════════════════════════════════════════════════════╝

    TypeError: Cannot read properties of undefined (reading 'close')

      324 |
      325 |   test.afterAll(async () => {
    > 326 |     await adminPage.close();
          |                     ^
      327 |     await frontendPage.close();
      328 |   });
      329 | });
        at /mnt/wsl/docker-desktop-bind-mounts/Ubuntu/b1b687231e36a9dad8030de0e949ac74d048ee86a99fd2d0a4bd38e5e01d8541/tests/e2e/web-workflows.spec.js:326:21
]]>
</failure>
</testcase>
<testcase name="Nuclear Engagement Web Workflows › Table of Contents interaction workflow" classname="e2e/web-workflows.spec.js" time="0">
<failure message="web-workflows.spec.js:127:3 Table of Contents interaction workflow" type="FAILURE">
<![CDATA[  [firefox] › e2e/web-workflows.spec.js:127:3 › Nuclear Engagement Web Workflows › Table of Contents interaction workflow 

    Error: browserType.launch: 
    ╔══════════════════════════════════════════════════════╗
    ║ Host system is missing dependencies to run browsers. ║
    ║ Please install them with the following command:      ║
    ║                                                      ║
    ║     sudo npx playwright install-deps                 ║
    ║                                                      ║
    ║ Alternatively, use apt:                              ║
    ║     sudo apt-get install libasound2t64               ║
    ║                                                      ║
    ║ <3 Playwright Team                                   ║
    ╚══════════════════════════════════════════════════════╝

    TypeError: Cannot read properties of undefined (reading 'close')

      324 |
      325 |   test.afterAll(async () => {
    > 326 |     await adminPage.close();
          |                     ^
      327 |     await frontendPage.close();
      328 |   });
      329 | });
        at /mnt/wsl/docker-desktop-bind-mounts/Ubuntu/b1b687231e36a9dad8030de0e949ac74d048ee86a99fd2d0a4bd38e5e01d8541/tests/e2e/web-workflows.spec.js:326:21
]]>
</failure>
</testcase>
<testcase name="Nuclear Engagement Web Workflows › Summary display workflow" classname="e2e/web-workflows.spec.js" time="0">
<failure message="web-workflows.spec.js:152:3 Summary display workflow" type="FAILURE">
<![CDATA[  [firefox] › e2e/web-workflows.spec.js:152:3 › Nuclear Engagement Web Workflows › Summary display workflow 

    Error: browserType.launch: 
    ╔══════════════════════════════════════════════════════╗
    ║ Host system is missing dependencies to run browsers. ║
    ║ Please install them with the following command:      ║
    ║                                                      ║
    ║     sudo npx playwright install-deps                 ║
    ║                                                      ║
    ║ Alternatively, use apt:                              ║
    ║     sudo apt-get install libasound2t64               ║
    ║                                                      ║
    ║ <3 Playwright Team                                   ║
    ╚══════════════════════════════════════════════════════╝

    TypeError: Cannot read properties of undefined (reading 'close')

      324 |
      325 |   test.afterAll(async () => {
    > 326 |     await adminPage.close();
          |                     ^
      327 |     await frontendPage.close();
      328 |   });
      329 | });
        at /mnt/wsl/docker-desktop-bind-mounts/Ubuntu/b1b687231e36a9dad8030de0e949ac74d048ee86a99fd2d0a4bd38e5e01d8541/tests/e2e/web-workflows.spec.js:326:21
]]>
</failure>
</testcase>
<testcase name="Nuclear Engagement Web Workflows › Admin bulk generation workflow" classname="e2e/web-workflows.spec.js" time="0">
<failure message="web-workflows.spec.js:175:3 Admin bulk generation workflow" type="FAILURE">
<![CDATA[  [firefox] › e2e/web-workflows.spec.js:175:3 › Nuclear Engagement Web Workflows › Admin bulk generation workflow 

    Error: browserType.launch: 
    ╔══════════════════════════════════════════════════════╗
    ║ Host system is missing dependencies to run browsers. ║
    ║ Please install them with the following command:      ║
    ║                                                      ║
    ║     sudo npx playwright install-deps                 ║
    ║                                                      ║
    ║ Alternatively, use apt:                              ║
    ║     sudo apt-get install libasound2t64               ║
    ║                                                      ║
    ║ <3 Playwright Team                                   ║
    ╚══════════════════════════════════════════════════════╝

    TypeError: Cannot read properties of undefined (reading 'close')

      324 |
      325 |   test.afterAll(async () => {
    > 326 |     await adminPage.close();
          |                     ^
      327 |     await frontendPage.close();
      328 |   });
      329 | });
        at /mnt/wsl/docker-desktop-bind-mounts/Ubuntu/b1b687231e36a9dad8030de0e949ac74d048ee86a99fd2d0a4bd38e5e01d8541/tests/e2e/web-workflows.spec.js:326:21
]]>
</failure>
</testcase>
<testcase name="Nuclear Engagement Web Workflows › Settings management workflow" classname="e2e/web-workflows.spec.js" time="0">
<failure message="web-workflows.spec.js:204:3 Settings management workflow" type="FAILURE">
<![CDATA[  [firefox] › e2e/web-workflows.spec.js:204:3 › Nuclear Engagement Web Workflows › Settings management workflow 

    Error: browserType.launch: 
    ╔══════════════════════════════════════════════════════╗
    ║ Host system is missing dependencies to run browsers. ║
    ║ Please install them with the following command:      ║
    ║                                                      ║
    ║     sudo npx playwright install-deps                 ║
    ║                                                      ║
    ║ Alternatively, use apt:                              ║
    ║     sudo apt-get install libasound2t64               ║
    ║                                                      ║
    ║ <3 Playwright Team                                   ║
    ╚══════════════════════════════════════════════════════╝

    TypeError: Cannot read properties of undefined (reading 'close')

      324 |
      325 |   test.afterAll(async () => {
    > 326 |     await adminPage.close();
          |                     ^
      327 |     await frontendPage.close();
      328 |   });
      329 | });
        at /mnt/wsl/docker-desktop-bind-mounts/Ubuntu/b1b687231e36a9dad8030de0e949ac74d048ee86a99fd2d0a4bd38e5e01d8541/tests/e2e/web-workflows.spec.js:326:21
]]>
</failure>
</testcase>
<testcase name="Nuclear Engagement Web Workflows › Error handling workflow" classname="e2e/web-workflows.spec.js" time="0">
<failure message="web-workflows.spec.js:232:3 Error handling workflow" type="FAILURE">
<![CDATA[  [firefox] › e2e/web-workflows.spec.js:232:3 › Nuclear Engagement Web Workflows › Error handling workflow 

    Error: browserType.launch: 
    ╔══════════════════════════════════════════════════════╗
    ║ Host system is missing dependencies to run browsers. ║
    ║ Please install them with the following command:      ║
    ║                                                      ║
    ║     sudo npx playwright install-deps                 ║
    ║                                                      ║
    ║ Alternatively, use apt:                              ║
    ║     sudo apt-get install libasound2t64               ║
    ║                                                      ║
    ║ <3 Playwright Team                                   ║
    ╚══════════════════════════════════════════════════════╝

    TypeError: Cannot read properties of undefined (reading 'close')

      324 |
      325 |   test.afterAll(async () => {
    > 326 |     await adminPage.close();
          |                     ^
      327 |     await frontendPage.close();
      328 |   });
      329 | });
        at /mnt/wsl/docker-desktop-bind-mounts/Ubuntu/b1b687231e36a9dad8030de0e949ac74d048ee86a99fd2d0a4bd38e5e01d8541/tests/e2e/web-workflows.spec.js:326:21
]]>
</failure>
</testcase>
<testcase name="Nuclear Engagement Web Workflows › Responsive design workflow" classname="e2e/web-workflows.spec.js" time="0.001">
<failure message="web-workflows.spec.js:258:3 Responsive design workflow" type="FAILURE">
<![CDATA[  [firefox] › e2e/web-workflows.spec.js:258:3 › Nuclear Engagement Web Workflows › Responsive design workflow 

    Error: browserType.launch: 
    ╔══════════════════════════════════════════════════════╗
    ║ Host system is missing dependencies to run browsers. ║
    ║ Please install them with the following command:      ║
    ║                                                      ║
    ║     sudo npx playwright install-deps                 ║
    ║                                                      ║
    ║ Alternatively, use apt:                              ║
    ║     sudo apt-get install libasound2t64               ║
    ║                                                      ║
    ║ <3 Playwright Team                                   ║
    ╚══════════════════════════════════════════════════════╝

    TypeError: Cannot read properties of undefined (reading 'close')

      324 |
      325 |   test.afterAll(async () => {
    > 326 |     await adminPage.close();
          |                     ^
      327 |     await frontendPage.close();
      328 |   });
      329 | });
        at /mnt/wsl/docker-desktop-bind-mounts/Ubuntu/b1b687231e36a9dad8030de0e949ac74d048ee86a99fd2d0a4bd38e5e01d8541/tests/e2e/web-workflows.spec.js:326:21
]]>
</failure>
</testcase>
<testcase name="Nuclear Engagement Web Workflows › Performance workflow" classname="e2e/web-workflows.spec.js" time="0">
<failure message="web-workflows.spec.js:296:3 Performance workflow" type="FAILURE">
<![CDATA[  [firefox] › e2e/web-workflows.spec.js:296:3 › Nuclear Engagement Web Workflows › Performance workflow 

    Error: browserType.launch: 
    ╔══════════════════════════════════════════════════════╗
    ║ Host system is missing dependencies to run browsers. ║
    ║ Please install them with the following command:      ║
    ║                                                      ║
    ║     sudo npx playwright install-deps                 ║
    ║                                                      ║
    ║ Alternatively, use apt:                              ║
    ║     sudo apt-get install libasound2t64               ║
    ║                                                      ║
    ║ <3 Playwright Team                                   ║
    ╚══════════════════════════════════════════════════════╝

    TypeError: Cannot read properties of undefined (reading 'close')

      324 |
      325 |   test.afterAll(async () => {
    > 326 |     await adminPage.close();
          |                     ^
      327 |     await frontendPage.close();
      328 |   });
      329 | });
        at /mnt/wsl/docker-desktop-bind-mounts/Ubuntu/b1b687231e36a9dad8030de0e949ac74d048ee86a99fd2d0a4bd38e5e01d8541/tests/e2e/web-workflows.spec.js:326:21
]]>
</failure>
</testcase>
</testsuite>
<testsuite name="accessibility/AccessibilityTest.spec.cjs" timestamp="2025-07-03T13:28:10.455Z" hostname="webkit" tests="10" failures="10" skipped="0" time="0.167" errors="0">
<testcase name="Nuclear Engagement Accessibility Tests › Quiz component accessibility" classname="accessibility/AccessibilityTest.spec.cjs" time="0.009">
<failure message="AccessibilityTest.spec.cjs:10:3 Quiz component accessibility" type="FAILURE">
<![CDATA[  [webkit] › accessibility/AccessibilityTest.spec.cjs:10:3 › Nuclear Engagement Accessibility Tests › Quiz component accessibility 

    Error: browserType.launch: 
    ╔══════════════════════════════════════════════════════╗
    ║ Host system is missing dependencies to run browsers. ║
    ║ Missing libraries:                                   ║
    ║     libgtk-4.so.1                                    ║
    ║     libgraphene-1.0.so.0                             ║
    ║     libatomic.so.1                                   ║
    ║     libwoff2dec.so.1.0.2                             ║
    ║     libvpx.so.9                                      ║
    ║     libevent-2.1.so.7                                ║
    ║     libopus.so.0                                     ║
    ║     libgstallocators-1.0.so.0                        ║
    ║     libgstapp-1.0.so.0                               ║
    ║     libgstpbutils-1.0.so.0                           ║
    ║     libgstaudio-1.0.so.0                             ║
    ║     libgsttag-1.0.so.0                               ║
    ║     libgstvideo-1.0.so.0                             ║
    ║     libgstgl-1.0.so.0                                ║
    ║     libgstcodecparsers-1.0.so.0                      ║
    ║     libgstfft-1.0.so.0                               ║
    ║     libflite.so.1                                    ║
    ║     libflite_usenglish.so.1                          ║
    ║     libflite_cmu_grapheme_lang.so.1                  ║
    ║     libflite_cmu_grapheme_lex.so.1                   ║
    ║     libflite_cmu_indic_lang.so.1                     ║
    ║     libflite_cmu_indic_lex.so.1                      ║
    ║     libflite_cmulex.so.1                             ║
    ║     libflite_cmu_time_awb.so.1                       ║
    ║     libflite_cmu_us_awb.so.1                         ║
    ║     libflite_cmu_us_kal16.so.1                       ║
    ║     libflite_cmu_us_kal.so.1                         ║
    ║     libflite_cmu_us_rms.so.1                         ║
    ║     libflite_cmu_us_slt.so.1                         ║
    ║     libwebpdemux.so.2                                ║
    ║     libavif.so.16                                    ║
    ║     libharfbuzz-icu.so.0                             ║
    ║     libwebpmux.so.3                                  ║
    ║     libenchant-2.so.2                                ║
    ║     libsecret-1.so.0                                 ║
    ║     libhyphen.so.0                                   ║
    ║     libmanette-0.2.so.0                              ║
    ║     libGLESv2.so.2                                   ║
    ║     libx264.so                                       ║
    ╚══════════════════════════════════════════════════════╝
]]>
</failure>
</testcase>
<testcase name="Nuclear Engagement Accessibility Tests › Table of Contents accessibility" classname="accessibility/AccessibilityTest.spec.cjs" time="0.014">
<failure message="AccessibilityTest.spec.cjs:47:3 Table of Contents accessibility" type="FAILURE">
<![CDATA[  [webkit] › accessibility/AccessibilityTest.spec.cjs:47:3 › Nuclear Engagement Accessibility Tests › Table of Contents accessibility 

    Error: browserType.launch: 
    ╔══════════════════════════════════════════════════════╗
    ║ Host system is missing dependencies to run browsers. ║
    ║ Missing libraries:                                   ║
    ║     libgtk-4.so.1                                    ║
    ║     libgraphene-1.0.so.0                             ║
    ║     libatomic.so.1                                   ║
    ║     libwoff2dec.so.1.0.2                             ║
    ║     libvpx.so.9                                      ║
    ║     libevent-2.1.so.7                                ║
    ║     libopus.so.0                                     ║
    ║     libgstallocators-1.0.so.0                        ║
    ║     libgstapp-1.0.so.0                               ║
    ║     libgstpbutils-1.0.so.0                           ║
    ║     libgstaudio-1.0.so.0                             ║
    ║     libgsttag-1.0.so.0                               ║
    ║     libgstvideo-1.0.so.0                             ║
    ║     libgstgl-1.0.so.0                                ║
    ║     libgstcodecparsers-1.0.so.0                      ║
    ║     libgstfft-1.0.so.0                               ║
    ║     libflite.so.1                                    ║
    ║     libflite_usenglish.so.1                          ║
    ║     libflite_cmu_grapheme_lang.so.1                  ║
    ║     libflite_cmu_grapheme_lex.so.1                   ║
    ║     libflite_cmu_indic_lang.so.1                     ║
    ║     libflite_cmu_indic_lex.so.1                      ║
    ║     libflite_cmulex.so.1                             ║
    ║     libflite_cmu_time_awb.so.1                       ║
    ║     libflite_cmu_us_awb.so.1                         ║
    ║     libflite_cmu_us_kal16.so.1                       ║
    ║     libflite_cmu_us_kal.so.1                         ║
    ║     libflite_cmu_us_rms.so.1                         ║
    ║     libflite_cmu_us_slt.so.1                         ║
    ║     libwebpdemux.so.2                                ║
    ║     libavif.so.16                                    ║
    ║     libharfbuzz-icu.so.0                             ║
    ║     libwebpmux.so.3                                  ║
    ║     libenchant-2.so.2                                ║
    ║     libsecret-1.so.0                                 ║
    ║     libhyphen.so.0                                   ║
    ║     libmanette-0.2.so.0                              ║
    ║     libGLESv2.so.2                                   ║
    ║     libx264.so                                       ║
    ╚══════════════════════════════════════════════════════╝
]]>
</failure>
</testcase>
<testcase name="Nuclear Engagement Accessibility Tests › Summary component accessibility" classname="accessibility/AccessibilityTest.spec.cjs" time="0.018">
<failure message="AccessibilityTest.spec.cjs:88:3 Summary component accessibility" type="FAILURE">
<![CDATA[  [webkit] › accessibility/AccessibilityTest.spec.cjs:88:3 › Nuclear Engagement Accessibility Tests › Summary component accessibility 

    Error: browserType.launch: 
    ╔══════════════════════════════════════════════════════╗
    ║ Host system is missing dependencies to run browsers. ║
    ║ Missing libraries:                                   ║
    ║     libgtk-4.so.1                                    ║
    ║     libgraphene-1.0.so.0                             ║
    ║     libatomic.so.1                                   ║
    ║     libwoff2dec.so.1.0.2                             ║
    ║     libvpx.so.9                                      ║
    ║     libevent-2.1.so.7                                ║
    ║     libopus.so.0                                     ║
    ║     libgstallocators-1.0.so.0                        ║
    ║     libgstapp-1.0.so.0                               ║
    ║     libgstpbutils-1.0.so.0                           ║
    ║     libgstaudio-1.0.so.0                             ║
    ║     libgsttag-1.0.so.0                               ║
    ║     libgstvideo-1.0.so.0                             ║
    ║     libgstgl-1.0.so.0                                ║
    ║     libgstcodecparsers-1.0.so.0                      ║
    ║     libgstfft-1.0.so.0                               ║
    ║     libflite.so.1                                    ║
    ║     libflite_usenglish.so.1                          ║
    ║     libflite_cmu_grapheme_lang.so.1                  ║
    ║     libflite_cmu_grapheme_lex.so.1                   ║
    ║     libflite_cmu_indic_lang.so.1                     ║
    ║     libflite_cmu_indic_lex.so.1                      ║
    ║     libflite_cmulex.so.1                             ║
    ║     libflite_cmu_time_awb.so.1                       ║
    ║     libflite_cmu_us_awb.so.1                         ║
    ║     libflite_cmu_us_kal16.so.1                       ║
    ║     libflite_cmu_us_kal.so.1                         ║
    ║     libflite_cmu_us_rms.so.1                         ║
    ║     libflite_cmu_us_slt.so.1                         ║
    ║     libwebpdemux.so.2                                ║
    ║     libavif.so.16                                    ║
    ║     libharfbuzz-icu.so.0                             ║
    ║     libwebpmux.so.3                                  ║
    ║     libenchant-2.so.2                                ║
    ║     libsecret-1.so.0                                 ║
    ║     libhyphen.so.0                                   ║
    ║     libmanette-0.2.so.0                              ║
    ║     libGLESv2.so.2                                   ║
    ║     libx264.so                                       ║
    ╚══════════════════════════════════════════════════════╝
]]>
</failure>
</testcase>
<testcase name="Nuclear Engagement Accessibility Tests › Color contrast and visual accessibility" classname="accessibility/AccessibilityTest.spec.cjs" time="0.023">
<failure message="AccessibilityTest.spec.cjs:119:3 Color contrast and visual accessibility" type="FAILURE">
<![CDATA[  [webkit] › accessibility/AccessibilityTest.spec.cjs:119:3 › Nuclear Engagement Accessibility Tests › Color contrast and visual accessibility 

    Error: browserType.launch: 
    ╔══════════════════════════════════════════════════════╗
    ║ Host system is missing dependencies to run browsers. ║
    ║ Missing libraries:                                   ║
    ║     libgtk-4.so.1                                    ║
    ║     libgraphene-1.0.so.0                             ║
    ║     libatomic.so.1                                   ║
    ║     libwoff2dec.so.1.0.2                             ║
    ║     libvpx.so.9                                      ║
    ║     libevent-2.1.so.7                                ║
    ║     libopus.so.0                                     ║
    ║     libgstallocators-1.0.so.0                        ║
    ║     libgstapp-1.0.so.0                               ║
    ║     libgstpbutils-1.0.so.0                           ║
    ║     libgstaudio-1.0.so.0                             ║
    ║     libgsttag-1.0.so.0                               ║
    ║     libgstvideo-1.0.so.0                             ║
    ║     libgstgl-1.0.so.0                                ║
    ║     libgstcodecparsers-1.0.so.0                      ║
    ║     libgstfft-1.0.so.0                               ║
    ║     libflite.so.1                                    ║
    ║     libflite_usenglish.so.1                          ║
    ║     libflite_cmu_grapheme_lang.so.1                  ║
    ║     libflite_cmu_grapheme_lex.so.1                   ║
    ║     libflite_cmu_indic_lang.so.1                     ║
    ║     libflite_cmu_indic_lex.so.1                      ║
    ║     libflite_cmulex.so.1                             ║
    ║     libflite_cmu_time_awb.so.1                       ║
    ║     libflite_cmu_us_awb.so.1                         ║
    ║     libflite_cmu_us_kal16.so.1                       ║
    ║     libflite_cmu_us_kal.so.1                         ║
    ║     libflite_cmu_us_rms.so.1                         ║
    ║     libflite_cmu_us_slt.so.1                         ║
    ║     libwebpdemux.so.2                                ║
    ║     libavif.so.16                                    ║
    ║     libharfbuzz-icu.so.0                             ║
    ║     libwebpmux.so.3                                  ║
    ║     libenchant-2.so.2                                ║
    ║     libsecret-1.so.0                                 ║
    ║     libhyphen.so.0                                   ║
    ║     libmanette-0.2.so.0                              ║
    ║     libGLESv2.so.2                                   ║
    ║     libx264.so                                       ║
    ╚══════════════════════════════════════════════════════╝
]]>
</failure>
</testcase>
<testcase name="Nuclear Engagement Accessibility Tests › Screen reader compatibility" classname="accessibility/AccessibilityTest.spec.cjs" time="0.01">
<failure message="AccessibilityTest.spec.cjs:158:3 Screen reader compatibility" type="FAILURE">
<![CDATA[  [webkit] › accessibility/AccessibilityTest.spec.cjs:158:3 › Nuclear Engagement Accessibility Tests › Screen reader compatibility 

    Error: browserType.launch: 
    ╔══════════════════════════════════════════════════════╗
    ║ Host system is missing dependencies to run browsers. ║
    ║ Missing libraries:                                   ║
    ║     libgtk-4.so.1                                    ║
    ║     libgraphene-1.0.so.0                             ║
    ║     libatomic.so.1                                   ║
    ║     libwoff2dec.so.1.0.2                             ║
    ║     libvpx.so.9                                      ║
    ║     libevent-2.1.so.7                                ║
    ║     libopus.so.0                                     ║
    ║     libgstallocators-1.0.so.0                        ║
    ║     libgstapp-1.0.so.0                               ║
    ║     libgstpbutils-1.0.so.0                           ║
    ║     libgstaudio-1.0.so.0                             ║
    ║     libgsttag-1.0.so.0                               ║
    ║     libgstvideo-1.0.so.0                             ║
    ║     libgstgl-1.0.so.0                                ║
    ║     libgstcodecparsers-1.0.so.0                      ║
    ║     libgstfft-1.0.so.0                               ║
    ║     libflite.so.1                                    ║
    ║     libflite_usenglish.so.1                          ║
    ║     libflite_cmu_grapheme_lang.so.1                  ║
    ║     libflite_cmu_grapheme_lex.so.1                   ║
    ║     libflite_cmu_indic_lang.so.1                     ║
    ║     libflite_cmu_indic_lex.so.1                      ║
    ║     libflite_cmulex.so.1                             ║
    ║     libflite_cmu_time_awb.so.1                       ║
    ║     libflite_cmu_us_awb.so.1                         ║
    ║     libflite_cmu_us_kal16.so.1                       ║
    ║     libflite_cmu_us_kal.so.1                         ║
    ║     libflite_cmu_us_rms.so.1                         ║
    ║     libflite_cmu_us_slt.so.1                         ║
    ║     libwebpdemux.so.2                                ║
    ║     libavif.so.16                                    ║
    ║     libharfbuzz-icu.so.0                             ║
    ║     libwebpmux.so.3                                  ║
    ║     libenchant-2.so.2                                ║
    ║     libsecret-1.so.0                                 ║
    ║     libhyphen.so.0                                   ║
    ║     libmanette-0.2.so.0                              ║
    ║     libGLESv2.so.2                                   ║
    ║     libx264.so                                       ║
    ╚══════════════════════════════════════════════════════╝
]]>
</failure>
</testcase>
<testcase name="Nuclear Engagement Accessibility Tests › Mobile accessibility" classname="accessibility/AccessibilityTest.spec.cjs" time="0.013">
<failure message="AccessibilityTest.spec.cjs:203:3 Mobile accessibility" type="FAILURE">
<![CDATA[  [webkit] › accessibility/AccessibilityTest.spec.cjs:203:3 › Nuclear Engagement Accessibility Tests › Mobile accessibility 

    Error: browserType.launch: 
    ╔══════════════════════════════════════════════════════╗
    ║ Host system is missing dependencies to run browsers. ║
    ║ Missing libraries:                                   ║
    ║     libgtk-4.so.1                                    ║
    ║     libgraphene-1.0.so.0                             ║
    ║     libatomic.so.1                                   ║
    ║     libwoff2dec.so.1.0.2                             ║
    ║     libvpx.so.9                                      ║
    ║     libevent-2.1.so.7                                ║
    ║     libopus.so.0                                     ║
    ║     libgstallocators-1.0.so.0                        ║
    ║     libgstapp-1.0.so.0                               ║
    ║     libgstpbutils-1.0.so.0                           ║
    ║     libgstaudio-1.0.so.0                             ║
    ║     libgsttag-1.0.so.0                               ║
    ║     libgstvideo-1.0.so.0                             ║
    ║     libgstgl-1.0.so.0                                ║
    ║     libgstcodecparsers-1.0.so.0                      ║
    ║     libgstfft-1.0.so.0                               ║
    ║     libflite.so.1                                    ║
    ║     libflite_usenglish.so.1                          ║
    ║     libflite_cmu_grapheme_lang.so.1                  ║
    ║     libflite_cmu_grapheme_lex.so.1                   ║
    ║     libflite_cmu_indic_lang.so.1                     ║
    ║     libflite_cmu_indic_lex.so.1                      ║
    ║     libflite_cmulex.so.1                             ║
    ║     libflite_cmu_time_awb.so.1                       ║
    ║     libflite_cmu_us_awb.so.1                         ║
    ║     libflite_cmu_us_kal16.so.1                       ║
    ║     libflite_cmu_us_kal.so.1                         ║
    ║     libflite_cmu_us_rms.so.1                         ║
    ║     libflite_cmu_us_slt.so.1                         ║
    ║     libwebpdemux.so.2                                ║
    ║     libavif.so.16                                    ║
    ║     libharfbuzz-icu.so.0                             ║
    ║     libwebpmux.so.3                                  ║
    ║     libenchant-2.so.2                                ║
    ║     libsecret-1.so.0                                 ║
    ║     libhyphen.so.0                                   ║
    ║     libmanette-0.2.so.0                              ║
    ║     libGLESv2.so.2                                   ║
    ║     libx264.so                                       ║
    ╚══════════════════════════════════════════════════════╝
]]>
</failure>
</testcase>
<testcase name="Nuclear Engagement Accessibility Tests › Reduced motion preferences" classname="accessibility/AccessibilityTest.spec.cjs" time="0.024">
<failure message="AccessibilityTest.spec.cjs:241:3 Reduced motion preferences" type="FAILURE">
<![CDATA[  [webkit] › accessibility/AccessibilityTest.spec.cjs:241:3 › Nuclear Engagement Accessibility Tests › Reduced motion preferences 

    Error: browserType.launch: 
    ╔══════════════════════════════════════════════════════╗
    ║ Host system is missing dependencies to run browsers. ║
    ║ Missing libraries:                                   ║
    ║     libgtk-4.so.1                                    ║
    ║     libgraphene-1.0.so.0                             ║
    ║     libatomic.so.1                                   ║
    ║     libwoff2dec.so.1.0.2                             ║
    ║     libvpx.so.9                                      ║
    ║     libevent-2.1.so.7                                ║
    ║     libopus.so.0                                     ║
    ║     libgstallocators-1.0.so.0                        ║
    ║     libgstapp-1.0.so.0                               ║
    ║     libgstpbutils-1.0.so.0                           ║
    ║     libgstaudio-1.0.so.0                             ║
    ║     libgsttag-1.0.so.0                               ║
    ║     libgstvideo-1.0.so.0                             ║
    ║     libgstgl-1.0.so.0                                ║
    ║     libgstcodecparsers-1.0.so.0                      ║
    ║     libgstfft-1.0.so.0                               ║
    ║     libflite.so.1                                    ║
    ║     libflite_usenglish.so.1                          ║
    ║     libflite_cmu_grapheme_lang.so.1                  ║
    ║     libflite_cmu_grapheme_lex.so.1                   ║
    ║     libflite_cmu_indic_lang.so.1                     ║
    ║     libflite_cmu_indic_lex.so.1                      ║
    ║     libflite_cmulex.so.1                             ║
    ║     libflite_cmu_time_awb.so.1                       ║
    ║     libflite_cmu_us_awb.so.1                         ║
    ║     libflite_cmu_us_kal16.so.1                       ║
    ║     libflite_cmu_us_kal.so.1                         ║
    ║     libflite_cmu_us_rms.so.1                         ║
    ║     libflite_cmu_us_slt.so.1                         ║
    ║     libwebpdemux.so.2                                ║
    ║     libavif.so.16                                    ║
    ║     libharfbuzz-icu.so.0                             ║
    ║     libwebpmux.so.3                                  ║
    ║     libenchant-2.so.2                                ║
    ║     libsecret-1.so.0                                 ║
    ║     libhyphen.so.0                                   ║
    ║     libmanette-0.2.so.0                              ║
    ║     libGLESv2.so.2                                   ║
    ║     libx264.so                                       ║
    ╚══════════════════════════════════════════════════════╝
]]>
</failure>
</testcase>
<testcase name="Nuclear Engagement Accessibility Tests › High contrast mode compatibility" classname="accessibility/AccessibilityTest.spec.cjs" time="0.011">
<failure message="AccessibilityTest.spec.cjs:270:3 High contrast mode compatibility" type="FAILURE">
<![CDATA[  [webkit] › accessibility/AccessibilityTest.spec.cjs:270:3 › Nuclear Engagement Accessibility Tests › High contrast mode compatibility 

    Error: browserType.launch: 
    ╔══════════════════════════════════════════════════════╗
    ║ Host system is missing dependencies to run browsers. ║
    ║ Missing libraries:                                   ║
    ║     libgtk-4.so.1                                    ║
    ║     libgraphene-1.0.so.0                             ║
    ║     libatomic.so.1                                   ║
    ║     libwoff2dec.so.1.0.2                             ║
    ║     libvpx.so.9                                      ║
    ║     libevent-2.1.so.7                                ║
    ║     libopus.so.0                                     ║
    ║     libgstallocators-1.0.so.0                        ║
    ║     libgstapp-1.0.so.0                               ║
    ║     libgstpbutils-1.0.so.0                           ║
    ║     libgstaudio-1.0.so.0                             ║
    ║     libgsttag-1.0.so.0                               ║
    ║     libgstvideo-1.0.so.0                             ║
    ║     libgstgl-1.0.so.0                                ║
    ║     libgstcodecparsers-1.0.so.0                      ║
    ║     libgstfft-1.0.so.0                               ║
    ║     libflite.so.1                                    ║
    ║     libflite_usenglish.so.1                          ║
    ║     libflite_cmu_grapheme_lang.so.1                  ║
    ║     libflite_cmu_grapheme_lex.so.1                   ║
    ║     libflite_cmu_indic_lang.so.1                     ║
    ║     libflite_cmu_indic_lex.so.1                      ║
    ║     libflite_cmulex.so.1                             ║
    ║     libflite_cmu_time_awb.so.1                       ║
    ║     libflite_cmu_us_awb.so.1                         ║
    ║     libflite_cmu_us_kal16.so.1                       ║
    ║     libflite_cmu_us_kal.so.1                         ║
    ║     libflite_cmu_us_rms.so.1                         ║
    ║     libflite_cmu_us_slt.so.1                         ║
    ║     libwebpdemux.so.2                                ║
    ║     libavif.so.16                                    ║
    ║     libharfbuzz-icu.so.0                             ║
    ║     libwebpmux.so.3                                  ║
    ║     libenchant-2.so.2                                ║
    ║     libsecret-1.so.0                                 ║
    ║     libhyphen.so.0                                   ║
    ║     libmanette-0.2.so.0                              ║
    ║     libGLESv2.so.2                                   ║
    ║     libx264.so                                       ║
    ╚══════════════════════════════════════════════════════╝
]]>
</failure>
</testcase>
<testcase name="Nuclear Engagement Accessibility Tests › Form accessibility" classname="accessibility/AccessibilityTest.spec.cjs" time="0.019">
<failure message="AccessibilityTest.spec.cjs:299:3 Form accessibility" type="FAILURE">
<![CDATA[  [webkit] › accessibility/AccessibilityTest.spec.cjs:299:3 › Nuclear Engagement Accessibility Tests › Form accessibility 

    Error: browserType.launch: 
    ╔══════════════════════════════════════════════════════╗
    ║ Host system is missing dependencies to run browsers. ║
    ║ Missing libraries:                                   ║
    ║     libgtk-4.so.1                                    ║
    ║     libgraphene-1.0.so.0                             ║
    ║     libatomic.so.1                                   ║
    ║     libwoff2dec.so.1.0.2                             ║
    ║     libvpx.so.9                                      ║
    ║     libevent-2.1.so.7                                ║
    ║     libopus.so.0                                     ║
    ║     libgstallocators-1.0.so.0                        ║
    ║     libgstapp-1.0.so.0                               ║
    ║     libgstpbutils-1.0.so.0                           ║
    ║     libgstaudio-1.0.so.0                             ║
    ║     libgsttag-1.0.so.0                               ║
    ║     libgstvideo-1.0.so.0                             ║
    ║     libgstgl-1.0.so.0                                ║
    ║     libgstcodecparsers-1.0.so.0                      ║
    ║     libgstfft-1.0.so.0                               ║
    ║     libflite.so.1                                    ║
    ║     libflite_usenglish.so.1                          ║
    ║     libflite_cmu_grapheme_lang.so.1                  ║
    ║     libflite_cmu_grapheme_lex.so.1                   ║
    ║     libflite_cmu_indic_lang.so.1                     ║
    ║     libflite_cmu_indic_lex.so.1                      ║
    ║     libflite_cmulex.so.1                             ║
    ║     libflite_cmu_time_awb.so.1                       ║
    ║     libflite_cmu_us_awb.so.1                         ║
    ║     libflite_cmu_us_kal16.so.1                       ║
    ║     libflite_cmu_us_kal.so.1                         ║
    ║     libflite_cmu_us_rms.so.1                         ║
    ║     libflite_cmu_us_slt.so.1                         ║
    ║     libwebpdemux.so.2                                ║
    ║     libavif.so.16                                    ║
    ║     libharfbuzz-icu.so.0                             ║
    ║     libwebpmux.so.3                                  ║
    ║     libenchant-2.so.2                                ║
    ║     libsecret-1.so.0                                 ║
    ║     libhyphen.so.0                                   ║
    ║     libmanette-0.2.so.0                              ║
    ║     libGLESv2.so.2                                   ║
    ║     libx264.so                                       ║
    ╚══════════════════════════════════════════════════════╝
]]>
</failure>
</testcase>
<testcase name="Nuclear Engagement Accessibility Tests › Page structure and semantics" classname="accessibility/AccessibilityTest.spec.cjs" time="0.026">
<failure message="AccessibilityTest.spec.cjs:340:3 Page structure and semantics" type="FAILURE">
<![CDATA[  [webkit] › accessibility/AccessibilityTest.spec.cjs:340:3 › Nuclear Engagement Accessibility Tests › Page structure and semantics 

    Error: browserType.launch: 
    ╔══════════════════════════════════════════════════════╗
    ║ Host system is missing dependencies to run browsers. ║
    ║ Missing libraries:                                   ║
    ║     libgtk-4.so.1                                    ║
    ║     libgraphene-1.0.so.0                             ║
    ║     libatomic.so.1                                   ║
    ║     libwoff2dec.so.1.0.2                             ║
    ║     libvpx.so.9                                      ║
    ║     libevent-2.1.so.7                                ║
    ║     libopus.so.0                                     ║
    ║     libgstallocators-1.0.so.0                        ║
    ║     libgstapp-1.0.so.0                               ║
    ║     libgstpbutils-1.0.so.0                           ║
    ║     libgstaudio-1.0.so.0                             ║
    ║     libgsttag-1.0.so.0                               ║
    ║     libgstvideo-1.0.so.0                             ║
    ║     libgstgl-1.0.so.0                                ║
    ║     libgstcodecparsers-1.0.so.0                      ║
    ║     libgstfft-1.0.so.0                               ║
    ║     libflite.so.1                                    ║
    ║     libflite_usenglish.so.1                          ║
    ║     libflite_cmu_grapheme_lang.so.1                  ║
    ║     libflite_cmu_grapheme_lex.so.1                   ║
    ║     libflite_cmu_indic_lang.so.1                     ║
    ║     libflite_cmu_indic_lex.so.1                      ║
    ║     libflite_cmulex.so.1                             ║
    ║     libflite_cmu_time_awb.so.1                       ║
    ║     libflite_cmu_us_awb.so.1                         ║
    ║     libflite_cmu_us_kal16.so.1                       ║
    ║     libflite_cmu_us_kal.so.1                         ║
    ║     libflite_cmu_us_rms.so.1                         ║
    ║     libflite_cmu_us_slt.so.1                         ║
    ║     libwebpdemux.so.2                                ║
    ║     libavif.so.16                                    ║
    ║     libharfbuzz-icu.so.0                             ║
    ║     libwebpmux.so.3                                  ║
    ║     libenchant-2.so.2                                ║
    ║     libsecret-1.so.0                                 ║
    ║     libhyphen.so.0                                   ║
    ║     libmanette-0.2.so.0                              ║
    ║     libGLESv2.so.2                                   ║
    ║     libx264.so                                       ║
    ╚══════════════════════════════════════════════════════╝
]]>
</failure>
</testcase>
</testsuite>
<testsuite name="e2e/simple.spec.js" timestamp="2025-07-03T13:28:10.455Z" hostname="webkit" tests="1" failures="1" skipped="0" time="0.01" errors="0">
<testcase name="Simple Playwright Test › basic test to verify playwright works" classname="e2e/simple.spec.js" time="0.01">
<failure message="simple.spec.js:4:3 basic test to verify playwright works" type="FAILURE">
<![CDATA[  [webkit] › e2e/simple.spec.js:4:3 › Simple Playwright Test › basic test to verify playwright works 

    Error: browserType.launch: 
    ╔══════════════════════════════════════════════════════╗
    ║ Host system is missing dependencies to run browsers. ║
    ║ Missing libraries:                                   ║
    ║     libgtk-4.so.1                                    ║
    ║     libgraphene-1.0.so.0                             ║
    ║     libatomic.so.1                                   ║
    ║     libwoff2dec.so.1.0.2                             ║
    ║     libvpx.so.9                                      ║
    ║     libevent-2.1.so.7                                ║
    ║     libopus.so.0                                     ║
    ║     libgstallocators-1.0.so.0                        ║
    ║     libgstapp-1.0.so.0                               ║
    ║     libgstpbutils-1.0.so.0                           ║
    ║     libgstaudio-1.0.so.0                             ║
    ║     libgsttag-1.0.so.0                               ║
    ║     libgstvideo-1.0.so.0                             ║
    ║     libgstgl-1.0.so.0                                ║
    ║     libgstcodecparsers-1.0.so.0                      ║
    ║     libgstfft-1.0.so.0                               ║
    ║     libflite.so.1                                    ║
    ║     libflite_usenglish.so.1                          ║
    ║     libflite_cmu_grapheme_lang.so.1                  ║
    ║     libflite_cmu_grapheme_lex.so.1                   ║
    ║     libflite_cmu_indic_lang.so.1                     ║
    ║     libflite_cmu_indic_lex.so.1                      ║
    ║     libflite_cmulex.so.1                             ║
    ║     libflite_cmu_time_awb.so.1                       ║
    ║     libflite_cmu_us_awb.so.1                         ║
    ║     libflite_cmu_us_kal16.so.1                       ║
    ║     libflite_cmu_us_kal.so.1                         ║
    ║     libflite_cmu_us_rms.so.1                         ║
    ║     libflite_cmu_us_slt.so.1                         ║
    ║     libwebpdemux.so.2                                ║
    ║     libavif.so.16                                    ║
    ║     libharfbuzz-icu.so.0                             ║
    ║     libwebpmux.so.3                                  ║
    ║     libenchant-2.so.2                                ║
    ║     libsecret-1.so.0                                 ║
    ║     libhyphen.so.0                                   ║
    ║     libmanette-0.2.so.0                              ║
    ║     libGLESv2.so.2                                   ║
    ║     libx264.so                                       ║
    ╚══════════════════════════════════════════════════════╝
]]>
</failure>
</testcase>
</testsuite>
<testsuite name="e2e/web-workflows.spec.js" timestamp="2025-07-03T13:28:10.455Z" hostname="webkit" tests="10" failures="10" skipped="0" time="0.001" errors="0">
<testcase name="Nuclear Engagement Web Workflows › Complete plugin setup workflow" classname="e2e/web-workflows.spec.js" time="0">
<failure message="web-workflows.spec.js:35:3 Complete plugin setup workflow" type="FAILURE">
<![CDATA[  [webkit] › e2e/web-workflows.spec.js:35:3 › Nuclear Engagement Web Workflows › Complete plugin setup workflow 

    Error: browserType.launch: 
    ╔══════════════════════════════════════════════════════╗
    ║ Host system is missing dependencies to run browsers. ║
    ║ Missing libraries:                                   ║
    ║     libgtk-4.so.1                                    ║
    ║     libgraphene-1.0.so.0                             ║
    ║     libatomic.so.1                                   ║
    ║     libwoff2dec.so.1.0.2                             ║
    ║     libvpx.so.9                                      ║
    ║     libevent-2.1.so.7                                ║
    ║     libopus.so.0                                     ║
    ║     libgstallocators-1.0.so.0                        ║
    ║     libgstapp-1.0.so.0                               ║
    ║     libgstpbutils-1.0.so.0                           ║
    ║     libgstaudio-1.0.so.0                             ║
    ║     libgsttag-1.0.so.0                               ║
    ║     libgstvideo-1.0.so.0                             ║
    ║     libgstgl-1.0.so.0                                ║
    ║     libgstcodecparsers-1.0.so.0                      ║
    ║     libgstfft-1.0.so.0                               ║
    ║     libflite.so.1                                    ║
    ║     libflite_usenglish.so.1                          ║
    ║     libflite_cmu_grapheme_lang.so.1                  ║
    ║     libflite_cmu_grapheme_lex.so.1                   ║
    ║     libflite_cmu_indic_lang.so.1                     ║
    ║     libflite_cmu_indic_lex.so.1                      ║
    ║     libflite_cmulex.so.1                             ║
    ║     libflite_cmu_time_awb.so.1                       ║
    ║     libflite_cmu_us_awb.so.1                         ║
    ║     libflite_cmu_us_kal16.so.1                       ║
    ║     libflite_cmu_us_kal.so.1                         ║
    ║     libflite_cmu_us_rms.so.1                         ║
    ║     libflite_cmu_us_slt.so.1                         ║
    ║     libwebpdemux.so.2                                ║
    ║     libavif.so.16                                    ║
    ║     libharfbuzz-icu.so.0                             ║
    ║     libwebpmux.so.3                                  ║
    ║     libenchant-2.so.2                                ║
    ║     libsecret-1.so.0                                 ║
    ║     libhyphen.so.0                                   ║
    ║     libmanette-0.2.so.0                              ║
    ║     libGLESv2.so.2                                   ║
    ║     libx264.so                                       ║
    ╚══════════════════════════════════════════════════════╝

    TypeError: Cannot read properties of undefined (reading 'close')

      324 |
      325 |   test.afterAll(async () => {
    > 326 |     await adminPage.close();
          |                     ^
      327 |     await frontendPage.close();
      328 |   });
      329 | });
        at /mnt/wsl/docker-desktop-bind-mounts/Ubuntu/b1b687231e36a9dad8030de0e949ac74d048ee86a99fd2d0a4bd38e5e01d8541/tests/e2e/web-workflows.spec.js:326:21
]]>
</failure>
</testcase>
<testcase name="Nuclear Engagement Web Workflows › Content generation workflow" classname="e2e/web-workflows.spec.js" time="0">
<failure message="web-workflows.spec.js:60:3 Content generation workflow" type="FAILURE">
<![CDATA[  [webkit] › e2e/web-workflows.spec.js:60:3 › Nuclear Engagement Web Workflows › Content generation workflow 

    Error: browserType.launch: 
    ╔══════════════════════════════════════════════════════╗
    ║ Host system is missing dependencies to run browsers. ║
    ║ Missing libraries:                                   ║
    ║     libgtk-4.so.1                                    ║
    ║     libgraphene-1.0.so.0                             ║
    ║     libatomic.so.1                                   ║
    ║     libwoff2dec.so.1.0.2                             ║
    ║     libvpx.so.9                                      ║
    ║     libevent-2.1.so.7                                ║
    ║     libopus.so.0                                     ║
    ║     libgstallocators-1.0.so.0                        ║
    ║     libgstapp-1.0.so.0                               ║
    ║     libgstpbutils-1.0.so.0                           ║
    ║     libgstaudio-1.0.so.0                             ║
    ║     libgsttag-1.0.so.0                               ║
    ║     libgstvideo-1.0.so.0                             ║
    ║     libgstgl-1.0.so.0                                ║
    ║     libgstcodecparsers-1.0.so.0                      ║
    ║     libgstfft-1.0.so.0                               ║
    ║     libflite.so.1                                    ║
    ║     libflite_usenglish.so.1                          ║
    ║     libflite_cmu_grapheme_lang.so.1                  ║
    ║     libflite_cmu_grapheme_lex.so.1                   ║
    ║     libflite_cmu_indic_lang.so.1                     ║
    ║     libflite_cmu_indic_lex.so.1                      ║
    ║     libflite_cmulex.so.1                             ║
    ║     libflite_cmu_time_awb.so.1                       ║
    ║     libflite_cmu_us_awb.so.1                         ║
    ║     libflite_cmu_us_kal16.so.1                       ║
    ║     libflite_cmu_us_kal.so.1                         ║
    ║     libflite_cmu_us_rms.so.1                         ║
    ║     libflite_cmu_us_slt.so.1                         ║
    ║     libwebpdemux.so.2                                ║
    ║     libavif.so.16                                    ║
    ║     libharfbuzz-icu.so.0                             ║
    ║     libwebpmux.so.3                                  ║
    ║     libenchant-2.so.2                                ║
    ║     libsecret-1.so.0                                 ║
    ║     libhyphen.so.0                                   ║
    ║     libmanette-0.2.so.0                              ║
    ║     libGLESv2.so.2                                   ║
    ║     libx264.so                                       ║
    ╚══════════════════════════════════════════════════════╝

    TypeError: Cannot read properties of undefined (reading 'close')

      324 |
      325 |   test.afterAll(async () => {
    > 326 |     await adminPage.close();
          |                     ^
      327 |     await frontendPage.close();
      328 |   });
      329 | });
        at /mnt/wsl/docker-desktop-bind-mounts/Ubuntu/b1b687231e36a9dad8030de0e949ac74d048ee86a99fd2d0a4bd38e5e01d8541/tests/e2e/web-workflows.spec.js:326:21
]]>
</failure>
</testcase>
<testcase name="Nuclear Engagement Web Workflows › Quiz interaction workflow" classname="e2e/web-workflows.spec.js" time="0.001">
<failure message="web-workflows.spec.js:93:3 Quiz interaction workflow" type="FAILURE">
<![CDATA[  [webkit] › e2e/web-workflows.spec.js:93:3 › Nuclear Engagement Web Workflows › Quiz interaction workflow 

    Error: browserType.launch: 
    ╔══════════════════════════════════════════════════════╗
    ║ Host system is missing dependencies to run browsers. ║
    ║ Missing libraries:                                   ║
    ║     libgtk-4.so.1                                    ║
    ║     libgraphene-1.0.so.0                             ║
    ║     libatomic.so.1                                   ║
    ║     libwoff2dec.so.1.0.2                             ║
    ║     libvpx.so.9                                      ║
    ║     libevent-2.1.so.7                                ║
    ║     libopus.so.0                                     ║
    ║     libgstallocators-1.0.so.0                        ║
    ║     libgstapp-1.0.so.0                               ║
    ║     libgstpbutils-1.0.so.0                           ║
    ║     libgstaudio-1.0.so.0                             ║
    ║     libgsttag-1.0.so.0                               ║
    ║     libgstvideo-1.0.so.0                             ║
    ║     libgstgl-1.0.so.0                                ║
    ║     libgstcodecparsers-1.0.so.0                      ║
    ║     libgstfft-1.0.so.0                               ║
    ║     libflite.so.1                                    ║
    ║     libflite_usenglish.so.1                          ║
    ║     libflite_cmu_grapheme_lang.so.1                  ║
    ║     libflite_cmu_grapheme_lex.so.1                   ║
    ║     libflite_cmu_indic_lang.so.1                     ║
    ║     libflite_cmu_indic_lex.so.1                      ║
    ║     libflite_cmulex.so.1                             ║
    ║     libflite_cmu_time_awb.so.1                       ║
    ║     libflite_cmu_us_awb.so.1                         ║
    ║     libflite_cmu_us_kal16.so.1                       ║
    ║     libflite_cmu_us_kal.so.1                         ║
    ║     libflite_cmu_us_rms.so.1                         ║
    ║     libflite_cmu_us_slt.so.1                         ║
    ║     libwebpdemux.so.2                                ║
    ║     libavif.so.16                                    ║
    ║     libharfbuzz-icu.so.0                             ║
    ║     libwebpmux.so.3                                  ║
    ║     libenchant-2.so.2                                ║
    ║     libsecret-1.so.0                                 ║
    ║     libhyphen.so.0                                   ║
    ║     libmanette-0.2.so.0                              ║
    ║     libGLESv2.so.2                                   ║
    ║     libx264.so                                       ║
    ╚══════════════════════════════════════════════════════╝

    TypeError: Cannot read properties of undefined (reading 'close')

      324 |
      325 |   test.afterAll(async () => {
    > 326 |     await adminPage.close();
          |                     ^
      327 |     await frontendPage.close();
      328 |   });
      329 | });
        at /mnt/wsl/docker-desktop-bind-mounts/Ubuntu/b1b687231e36a9dad8030de0e949ac74d048ee86a99fd2d0a4bd38e5e01d8541/tests/e2e/web-workflows.spec.js:326:21
]]>
</failure>
</testcase>
<testcase name="Nuclear Engagement Web Workflows › Table of Contents interaction workflow" classname="e2e/web-workflows.spec.js" time="0">
<failure message="web-workflows.spec.js:127:3 Table of Contents interaction workflow" type="FAILURE">
<![CDATA[  [webkit] › e2e/web-workflows.spec.js:127:3 › Nuclear Engagement Web Workflows › Table of Contents interaction workflow 

    Error: browserType.launch: 
    ╔══════════════════════════════════════════════════════╗
    ║ Host system is missing dependencies to run browsers. ║
    ║ Missing libraries:                                   ║
    ║     libgtk-4.so.1                                    ║
    ║     libgraphene-1.0.so.0                             ║
    ║     libatomic.so.1                                   ║
    ║     libwoff2dec.so.1.0.2                             ║
    ║     libvpx.so.9                                      ║
    ║     libevent-2.1.so.7                                ║
    ║     libopus.so.0                                     ║
    ║     libgstallocators-1.0.so.0                        ║
    ║     libgstapp-1.0.so.0                               ║
    ║     libgstpbutils-1.0.so.0                           ║
    ║     libgstaudio-1.0.so.0                             ║
    ║     libgsttag-1.0.so.0                               ║
    ║     libgstvideo-1.0.so.0                             ║
    ║     libgstgl-1.0.so.0                                ║
    ║     libgstcodecparsers-1.0.so.0                      ║
    ║     libgstfft-1.0.so.0                               ║
    ║     libflite.so.1                                    ║
    ║     libflite_usenglish.so.1                          ║
    ║     libflite_cmu_grapheme_lang.so.1                  ║
    ║     libflite_cmu_grapheme_lex.so.1                   ║
    ║     libflite_cmu_indic_lang.so.1                     ║
    ║     libflite_cmu_indic_lex.so.1                      ║
    ║     libflite_cmulex.so.1                             ║
    ║     libflite_cmu_time_awb.so.1                       ║
    ║     libflite_cmu_us_awb.so.1                         ║
    ║     libflite_cmu_us_kal16.so.1                       ║
    ║     libflite_cmu_us_kal.so.1                         ║
    ║     libflite_cmu_us_rms.so.1                         ║
    ║     libflite_cmu_us_slt.so.1                         ║
    ║     libwebpdemux.so.2                                ║
    ║     libavif.so.16                                    ║
    ║     libharfbuzz-icu.so.0                             ║
    ║     libwebpmux.so.3                                  ║
    ║     libenchant-2.so.2                                ║
    ║     libsecret-1.so.0                                 ║
    ║     libhyphen.so.0                                   ║
    ║     libmanette-0.2.so.0                              ║
    ║     libGLESv2.so.2                                   ║
    ║     libx264.so                                       ║
    ╚══════════════════════════════════════════════════════╝

    TypeError: Cannot read properties of undefined (reading 'close')

      324 |
      325 |   test.afterAll(async () => {
    > 326 |     await adminPage.close();
          |                     ^
      327 |     await frontendPage.close();
      328 |   });
      329 | });
        at /mnt/wsl/docker-desktop-bind-mounts/Ubuntu/b1b687231e36a9dad8030de0e949ac74d048ee86a99fd2d0a4bd38e5e01d8541/tests/e2e/web-workflows.spec.js:326:21
]]>
</failure>
</testcase>
<testcase name="Nuclear Engagement Web Workflows › Summary display workflow" classname="e2e/web-workflows.spec.js" time="0">
<failure message="web-workflows.spec.js:152:3 Summary display workflow" type="FAILURE">
<![CDATA[  [webkit] › e2e/web-workflows.spec.js:152:3 › Nuclear Engagement Web Workflows › Summary display workflow 

    Error: browserType.launch: 
    ╔══════════════════════════════════════════════════════╗
    ║ Host system is missing dependencies to run browsers. ║
    ║ Missing libraries:                                   ║
    ║     libgtk-4.so.1                                    ║
    ║     libgraphene-1.0.so.0                             ║
    ║     libatomic.so.1                                   ║
    ║     libwoff2dec.so.1.0.2                             ║
    ║     libvpx.so.9                                      ║
    ║     libevent-2.1.so.7                                ║
    ║     libopus.so.0                                     ║
    ║     libgstallocators-1.0.so.0                        ║
    ║     libgstapp-1.0.so.0                               ║
    ║     libgstpbutils-1.0.so.0                           ║
    ║     libgstaudio-1.0.so.0                             ║
    ║     libgsttag-1.0.so.0                               ║
    ║     libgstvideo-1.0.so.0                             ║
    ║     libgstgl-1.0.so.0                                ║
    ║     libgstcodecparsers-1.0.so.0                      ║
    ║     libgstfft-1.0.so.0                               ║
    ║     libflite.so.1                                    ║
    ║     libflite_usenglish.so.1                          ║
    ║     libflite_cmu_grapheme_lang.so.1                  ║
    ║     libflite_cmu_grapheme_lex.so.1                   ║
    ║     libflite_cmu_indic_lang.so.1                     ║
    ║     libflite_cmu_indic_lex.so.1                      ║
    ║     libflite_cmulex.so.1                             ║
    ║     libflite_cmu_time_awb.so.1                       ║
    ║     libflite_cmu_us_awb.so.1                         ║
    ║     libflite_cmu_us_kal16.so.1                       ║
    ║     libflite_cmu_us_kal.so.1                         ║
    ║     libflite_cmu_us_rms.so.1                         ║
    ║     libflite_cmu_us_slt.so.1                         ║
    ║     libwebpdemux.so.2                                ║
    ║     libavif.so.16                                    ║
    ║     libharfbuzz-icu.so.0                             ║
    ║     libwebpmux.so.3                                  ║
    ║     libenchant-2.so.2                                ║
    ║     libsecret-1.so.0                                 ║
    ║     libhyphen.so.0                                   ║
    ║     libmanette-0.2.so.0                              ║
    ║     libGLESv2.so.2                                   ║
    ║     libx264.so                                       ║
    ╚══════════════════════════════════════════════════════╝

    TypeError: Cannot read properties of undefined (reading 'close')

      324 |
      325 |   test.afterAll(async () => {
    > 326 |     await adminPage.close();
          |                     ^
      327 |     await frontendPage.close();
      328 |   });
      329 | });
        at /mnt/wsl/docker-desktop-bind-mounts/Ubuntu/b1b687231e36a9dad8030de0e949ac74d048ee86a99fd2d0a4bd38e5e01d8541/tests/e2e/web-workflows.spec.js:326:21
]]>
</failure>
</testcase>
<testcase name="Nuclear Engagement Web Workflows › Admin bulk generation workflow" classname="e2e/web-workflows.spec.js" time="0">
<failure message="web-workflows.spec.js:175:3 Admin bulk generation workflow" type="FAILURE">
<![CDATA[  [webkit] › e2e/web-workflows.spec.js:175:3 › Nuclear Engagement Web Workflows › Admin bulk generation workflow 

    Error: browserType.launch: 
    ╔══════════════════════════════════════════════════════╗
    ║ Host system is missing dependencies to run browsers. ║
    ║ Missing libraries:                                   ║
    ║     libgtk-4.so.1                                    ║
    ║     libgraphene-1.0.so.0                             ║
    ║     libatomic.so.1                                   ║
    ║     libwoff2dec.so.1.0.2                             ║
    ║     libvpx.so.9                                      ║
    ║     libevent-2.1.so.7                                ║
    ║     libopus.so.0                                     ║
    ║     libgstallocators-1.0.so.0                        ║
    ║     libgstapp-1.0.so.0                               ║
    ║     libgstpbutils-1.0.so.0                           ║
    ║     libgstaudio-1.0.so.0                             ║
    ║     libgsttag-1.0.so.0                               ║
    ║     libgstvideo-1.0.so.0                             ║
    ║     libgstgl-1.0.so.0                                ║
    ║     libgstcodecparsers-1.0.so.0                      ║
    ║     libgstfft-1.0.so.0                               ║
    ║     libflite.so.1                                    ║
    ║     libflite_usenglish.so.1                          ║
    ║     libflite_cmu_grapheme_lang.so.1                  ║
    ║     libflite_cmu_grapheme_lex.so.1                   ║
    ║     libflite_cmu_indic_lang.so.1                     ║
    ║     libflite_cmu_indic_lex.so.1                      ║
    ║     libflite_cmulex.so.1                             ║
    ║     libflite_cmu_time_awb.so.1                       ║
    ║     libflite_cmu_us_awb.so.1                         ║
    ║     libflite_cmu_us_kal16.so.1                       ║
    ║     libflite_cmu_us_kal.so.1                         ║
    ║     libflite_cmu_us_rms.so.1                         ║
    ║     libflite_cmu_us_slt.so.1                         ║
    ║     libwebpdemux.so.2                                ║
    ║     libavif.so.16                                    ║
    ║     libharfbuzz-icu.so.0                             ║
    ║     libwebpmux.so.3                                  ║
    ║     libenchant-2.so.2                                ║
    ║     libsecret-1.so.0                                 ║
    ║     libhyphen.so.0                                   ║
    ║     libmanette-0.2.so.0                              ║
    ║     libGLESv2.so.2                                   ║
    ║     libx264.so                                       ║
    ╚══════════════════════════════════════════════════════╝

    TypeError: Cannot read properties of undefined (reading 'close')

      324 |
      325 |   test.afterAll(async () => {
    > 326 |     await adminPage.close();
          |                     ^
      327 |     await frontendPage.close();
      328 |   });
      329 | });
        at /mnt/wsl/docker-desktop-bind-mounts/Ubuntu/b1b687231e36a9dad8030de0e949ac74d048ee86a99fd2d0a4bd38e5e01d8541/tests/e2e/web-workflows.spec.js:326:21
]]>
</failure>
</testcase>
<testcase name="Nuclear Engagement Web Workflows › Settings management workflow" classname="e2e/web-workflows.spec.js" time="0">
<failure message="web-workflows.spec.js:204:3 Settings management workflow" type="FAILURE">
<![CDATA[  [webkit] › e2e/web-workflows.spec.js:204:3 › Nuclear Engagement Web Workflows › Settings management workflow 

    Error: browserType.launch: 
    ╔══════════════════════════════════════════════════════╗
    ║ Host system is missing dependencies to run browsers. ║
    ║ Missing libraries:                                   ║
    ║     libgtk-4.so.1                                    ║
    ║     libgraphene-1.0.so.0                             ║
    ║     libatomic.so.1                                   ║
    ║     libwoff2dec.so.1.0.2                             ║
    ║     libvpx.so.9                                      ║
    ║     libevent-2.1.so.7                                ║
    ║     libopus.so.0                                     ║
    ║     libgstallocators-1.0.so.0                        ║
    ║     libgstapp-1.0.so.0                               ║
    ║     libgstpbutils-1.0.so.0                           ║
    ║     libgstaudio-1.0.so.0                             ║
    ║     libgsttag-1.0.so.0                               ║
    ║     libgstvideo-1.0.so.0                             ║
    ║     libgstgl-1.0.so.0                                ║
    ║     libgstcodecparsers-1.0.so.0                      ║
    ║     libgstfft-1.0.so.0                               ║
    ║     libflite.so.1                                    ║
    ║     libflite_usenglish.so.1                          ║
    ║     libflite_cmu_grapheme_lang.so.1                  ║
    ║     libflite_cmu_grapheme_lex.so.1                   ║
    ║     libflite_cmu_indic_lang.so.1                     ║
    ║     libflite_cmu_indic_lex.so.1                      ║
    ║     libflite_cmulex.so.1                             ║
    ║     libflite_cmu_time_awb.so.1                       ║
    ║     libflite_cmu_us_awb.so.1                         ║
    ║     libflite_cmu_us_kal16.so.1                       ║
    ║     libflite_cmu_us_kal.so.1                         ║
    ║     libflite_cmu_us_rms.so.1                         ║
    ║     libflite_cmu_us_slt.so.1                         ║
    ║     libwebpdemux.so.2                                ║
    ║     libavif.so.16                                    ║
    ║     libharfbuzz-icu.so.0                             ║
    ║     libwebpmux.so.3                                  ║
    ║     libenchant-2.so.2                                ║
    ║     libsecret-1.so.0                                 ║
    ║     libhyphen.so.0                                   ║
    ║     libmanette-0.2.so.0                              ║
    ║     libGLESv2.so.2                                   ║
    ║     libx264.so                                       ║
    ╚══════════════════════════════════════════════════════╝

    TypeError: Cannot read properties of undefined (reading 'close')

      324 |
      325 |   test.afterAll(async () => {
    > 326 |     await adminPage.close();
          |                     ^
      327 |     await frontendPage.close();
      328 |   });
      329 | });
        at /mnt/wsl/docker-desktop-bind-mounts/Ubuntu/b1b687231e36a9dad8030de0e949ac74d048ee86a99fd2d0a4bd38e5e01d8541/tests/e2e/web-workflows.spec.js:326:21
]]>
</failure>
</testcase>
<testcase name="Nuclear Engagement Web Workflows › Error handling workflow" classname="e2e/web-workflows.spec.js" time="0">
<failure message="web-workflows.spec.js:232:3 Error handling workflow" type="FAILURE">
<![CDATA[  [webkit] › e2e/web-workflows.spec.js:232:3 › Nuclear Engagement Web Workflows › Error handling workflow 

    Error: browserType.launch: 
    ╔══════════════════════════════════════════════════════╗
    ║ Host system is missing dependencies to run browsers. ║
    ║ Missing libraries:                                   ║
    ║     libgtk-4.so.1                                    ║
    ║     libgraphene-1.0.so.0                             ║
    ║     libatomic.so.1                                   ║
    ║     libwoff2dec.so.1.0.2                             ║
    ║     libvpx.so.9                                      ║
    ║     libevent-2.1.so.7                                ║
    ║     libopus.so.0                                     ║
    ║     libgstallocators-1.0.so.0                        ║
    ║     libgstapp-1.0.so.0                               ║
    ║     libgstpbutils-1.0.so.0                           ║
    ║     libgstaudio-1.0.so.0                             ║
    ║     libgsttag-1.0.so.0                               ║
    ║     libgstvideo-1.0.so.0                             ║
    ║     libgstgl-1.0.so.0                                ║
    ║     libgstcodecparsers-1.0.so.0                      ║
    ║     libgstfft-1.0.so.0                               ║
    ║     libflite.so.1                                    ║
    ║     libflite_usenglish.so.1                          ║
    ║     libflite_cmu_grapheme_lang.so.1                  ║
    ║     libflite_cmu_grapheme_lex.so.1                   ║
    ║     libflite_cmu_indic_lang.so.1                     ║
    ║     libflite_cmu_indic_lex.so.1                      ║
    ║     libflite_cmulex.so.1                             ║
    ║     libflite_cmu_time_awb.so.1                       ║
    ║     libflite_cmu_us_awb.so.1                         ║
    ║     libflite_cmu_us_kal16.so.1                       ║
    ║     libflite_cmu_us_kal.so.1                         ║
    ║     libflite_cmu_us_rms.so.1                         ║
    ║     libflite_cmu_us_slt.so.1                         ║
    ║     libwebpdemux.so.2                                ║
    ║     libavif.so.16                                    ║
    ║     libharfbuzz-icu.so.0                             ║
    ║     libwebpmux.so.3                                  ║
    ║     libenchant-2.so.2                                ║
    ║     libsecret-1.so.0                                 ║
    ║     libhyphen.so.0                                   ║
    ║     libmanette-0.2.so.0                              ║
    ║     libGLESv2.so.2                                   ║
    ║     libx264.so                                       ║
    ╚══════════════════════════════════════════════════════╝

    TypeError: Cannot read properties of undefined (reading 'close')

      324 |
      325 |   test.afterAll(async () => {
    > 326 |     await adminPage.close();
          |                     ^
      327 |     await frontendPage.close();
      328 |   });
      329 | });
        at /mnt/wsl/docker-desktop-bind-mounts/Ubuntu/b1b687231e36a9dad8030de0e949ac74d048ee86a99fd2d0a4bd38e5e01d8541/tests/e2e/web-workflows.spec.js:326:21
]]>
</failure>
</testcase>
<testcase name="Nuclear Engagement Web Workflows › Responsive design workflow" classname="e2e/web-workflows.spec.js" time="0">
<failure message="web-workflows.spec.js:258:3 Responsive design workflow" type="FAILURE">
<![CDATA[  [webkit] › e2e/web-workflows.spec.js:258:3 › Nuclear Engagement Web Workflows › Responsive design workflow 

    Error: browserType.launch: 
    ╔══════════════════════════════════════════════════════╗
    ║ Host system is missing dependencies to run browsers. ║
    ║ Missing libraries:                                   ║
    ║     libgtk-4.so.1                                    ║
    ║     libgraphene-1.0.so.0                             ║
    ║     libatomic.so.1                                   ║
    ║     libwoff2dec.so.1.0.2                             ║
    ║     libvpx.so.9                                      ║
    ║     libevent-2.1.so.7                                ║
    ║     libopus.so.0                                     ║
    ║     libgstallocators-1.0.so.0                        ║
    ║     libgstapp-1.0.so.0                               ║
    ║     libgstpbutils-1.0.so.0                           ║
    ║     libgstaudio-1.0.so.0                             ║
    ║     libgsttag-1.0.so.0                               ║
    ║     libgstvideo-1.0.so.0                             ║
    ║     libgstgl-1.0.so.0                                ║
    ║     libgstcodecparsers-1.0.so.0                      ║
    ║     libgstfft-1.0.so.0                               ║
    ║     libflite.so.1                                    ║
    ║     libflite_usenglish.so.1                          ║
    ║     libflite_cmu_grapheme_lang.so.1                  ║
    ║     libflite_cmu_grapheme_lex.so.1                   ║
    ║     libflite_cmu_indic_lang.so.1                     ║
    ║     libflite_cmu_indic_lex.so.1                      ║
    ║     libflite_cmulex.so.1                             ║
    ║     libflite_cmu_time_awb.so.1                       ║
    ║     libflite_cmu_us_awb.so.1                         ║
    ║     libflite_cmu_us_kal16.so.1                       ║
    ║     libflite_cmu_us_kal.so.1                         ║
    ║     libflite_cmu_us_rms.so.1                         ║
    ║     libflite_cmu_us_slt.so.1                         ║
    ║     libwebpdemux.so.2                                ║
    ║     libavif.so.16                                    ║
    ║     libharfbuzz-icu.so.0                             ║
    ║     libwebpmux.so.3                                  ║
    ║     libenchant-2.so.2                                ║
    ║     libsecret-1.so.0                                 ║
    ║     libhyphen.so.0                                   ║
    ║     libmanette-0.2.so.0                              ║
    ║     libGLESv2.so.2                                   ║
    ║     libx264.so                                       ║
    ╚══════════════════════════════════════════════════════╝

    TypeError: Cannot read properties of undefined (reading 'close')

      324 |
      325 |   test.afterAll(async () => {
    > 326 |     await adminPage.close();
          |                     ^
      327 |     await frontendPage.close();
      328 |   });
      329 | });
        at /mnt/wsl/docker-desktop-bind-mounts/Ubuntu/b1b687231e36a9dad8030de0e949ac74d048ee86a99fd2d0a4bd38e5e01d8541/tests/e2e/web-workflows.spec.js:326:21
]]>
</failure>
</testcase>
<testcase name="Nuclear Engagement Web Workflows › Performance workflow" classname="e2e/web-workflows.spec.js" time="0">
<failure message="web-workflows.spec.js:296:3 Performance workflow" type="FAILURE">
<![CDATA[  [webkit] › e2e/web-workflows.spec.js:296:3 › Nuclear Engagement Web Workflows › Performance workflow 

    Error: browserType.launch: 
    ╔══════════════════════════════════════════════════════╗
    ║ Host system is missing dependencies to run browsers. ║
    ║ Missing libraries:                                   ║
    ║     libgtk-4.so.1                                    ║
    ║     libgraphene-1.0.so.0                             ║
    ║     libatomic.so.1                                   ║
    ║     libwoff2dec.so.1.0.2                             ║
    ║     libvpx.so.9                                      ║
    ║     libevent-2.1.so.7                                ║
    ║     libopus.so.0                                     ║
    ║     libgstallocators-1.0.so.0                        ║
    ║     libgstapp-1.0.so.0                               ║
    ║     libgstpbutils-1.0.so.0                           ║
    ║     libgstaudio-1.0.so.0                             ║
    ║     libgsttag-1.0.so.0                               ║
    ║     libgstvideo-1.0.so.0                             ║
    ║     libgstgl-1.0.so.0                                ║
    ║     libgstcodecparsers-1.0.so.0                      ║
    ║     libgstfft-1.0.so.0                               ║
    ║     libflite.so.1                                    ║
    ║     libflite_usenglish.so.1                          ║
    ║     libflite_cmu_grapheme_lang.so.1                  ║
    ║     libflite_cmu_grapheme_lex.so.1                   ║
    ║     libflite_cmu_indic_lang.so.1                     ║
    ║     libflite_cmu_indic_lex.so.1                      ║
    ║     libflite_cmulex.so.1                             ║
    ║     libflite_cmu_time_awb.so.1                       ║
    ║     libflite_cmu_us_awb.so.1                         ║
    ║     libflite_cmu_us_kal16.so.1                       ║
    ║     libflite_cmu_us_kal.so.1                         ║
    ║     libflite_cmu_us_rms.so.1                         ║
    ║     libflite_cmu_us_slt.so.1                         ║
    ║     libwebpdemux.so.2                                ║
    ║     libavif.so.16                                    ║
    ║     libharfbuzz-icu.so.0                             ║
    ║     libwebpmux.so.3                                  ║
    ║     libenchant-2.so.2                                ║
    ║     libsecret-1.so.0                                 ║
    ║     libhyphen.so.0                                   ║
    ║     libmanette-0.2.so.0                              ║
    ║     libGLESv2.so.2                                   ║
    ║     libx264.so                                       ║
    ╚══════════════════════════════════════════════════════╝

    TypeError: Cannot read properties of undefined (reading 'close')

      324 |
      325 |   test.afterAll(async () => {
    > 326 |     await adminPage.close();
          |                     ^
      327 |     await frontendPage.close();
      328 |   });
      329 | });
        at /mnt/wsl/docker-desktop-bind-mounts/Ubuntu/b1b687231e36a9dad8030de0e949ac74d048ee86a99fd2d0a4bd38e5e01d8541/tests/e2e/web-workflows.spec.js:326:21
]]>
</failure>
</testcase>
</testsuite>
<testsuite name="accessibility/AccessibilityTest.spec.cjs" timestamp="2025-07-03T13:28:10.455Z" hostname="Mobile Chrome" tests="10" failures="10" skipped="0" time="0.146" errors="0">
<testcase name="Nuclear Engagement Accessibility Tests › Quiz component accessibility" classname="accessibility/AccessibilityTest.spec.cjs" time="0.01">
<failure message="AccessibilityTest.spec.cjs:10:3 Quiz component accessibility" type="FAILURE">
<![CDATA[  [Mobile Chrome] › accessibility/AccessibilityTest.spec.cjs:10:3 › Nuclear Engagement Accessibility Tests › Quiz component accessibility 

    Error: browserType.launch: 
    ╔══════════════════════════════════════════════════════╗
    ║ Host system is missing dependencies to run browsers. ║
    ║ Please install them with the following command:      ║
    ║                                                      ║
    ║     sudo npx playwright install-deps                 ║
    ║                                                      ║
    ║ Alternatively, use apt:                              ║
    ║     sudo apt-get install libnspr4\                   ║
    ║         libnss3\                                     ║
    ║         libasound2t64                                ║
    ║                                                      ║
    ║ <3 Playwright Team                                   ║
    ╚══════════════════════════════════════════════════════╝
]]>
</failure>
</testcase>
<testcase name="Nuclear Engagement Accessibility Tests › Table of Contents accessibility" classname="accessibility/AccessibilityTest.spec.cjs" time="0.016">
<failure message="AccessibilityTest.spec.cjs:47:3 Table of Contents accessibility" type="FAILURE">
<![CDATA[  [Mobile Chrome] › accessibility/AccessibilityTest.spec.cjs:47:3 › Nuclear Engagement Accessibility Tests › Table of Contents accessibility 

    Error: browserType.launch: 
    ╔══════════════════════════════════════════════════════╗
    ║ Host system is missing dependencies to run browsers. ║
    ║ Please install them with the following command:      ║
    ║                                                      ║
    ║     sudo npx playwright install-deps                 ║
    ║                                                      ║
    ║ Alternatively, use apt:                              ║
    ║     sudo apt-get install libnspr4\                   ║
    ║         libnss3\                                     ║
    ║         libasound2t64                                ║
    ║                                                      ║
    ║ <3 Playwright Team                                   ║
    ╚══════════════════════════════════════════════════════╝
]]>
</failure>
</testcase>
<testcase name="Nuclear Engagement Accessibility Tests › Summary component accessibility" classname="accessibility/AccessibilityTest.spec.cjs" time="0.015">
<failure message="AccessibilityTest.spec.cjs:88:3 Summary component accessibility" type="FAILURE">
<![CDATA[  [Mobile Chrome] › accessibility/AccessibilityTest.spec.cjs:88:3 › Nuclear Engagement Accessibility Tests › Summary component accessibility 

    Error: browserType.launch: 
    ╔══════════════════════════════════════════════════════╗
    ║ Host system is missing dependencies to run browsers. ║
    ║ Please install them with the following command:      ║
    ║                                                      ║
    ║     sudo npx playwright install-deps                 ║
    ║                                                      ║
    ║ Alternatively, use apt:                              ║
    ║     sudo apt-get install libnspr4\                   ║
    ║         libnss3\                                     ║
    ║         libasound2t64                                ║
    ║                                                      ║
    ║ <3 Playwright Team                                   ║
    ╚══════════════════════════════════════════════════════╝
]]>
</failure>
</testcase>
<testcase name="Nuclear Engagement Accessibility Tests › Color contrast and visual accessibility" classname="accessibility/AccessibilityTest.spec.cjs" time="0.016">
<failure message="AccessibilityTest.spec.cjs:119:3 Color contrast and visual accessibility" type="FAILURE">
<![CDATA[  [Mobile Chrome] › accessibility/AccessibilityTest.spec.cjs:119:3 › Nuclear Engagement Accessibility Tests › Color contrast and visual accessibility 

    Error: browserType.launch: 
    ╔══════════════════════════════════════════════════════╗
    ║ Host system is missing dependencies to run browsers. ║
    ║ Please install them with the following command:      ║
    ║                                                      ║
    ║     sudo npx playwright install-deps                 ║
    ║                                                      ║
    ║ Alternatively, use apt:                              ║
    ║     sudo apt-get install libnspr4\                   ║
    ║         libnss3\                                     ║
    ║         libasound2t64                                ║
    ║                                                      ║
    ║ <3 Playwright Team                                   ║
    ╚══════════════════════════════════════════════════════╝
]]>
</failure>
</testcase>
<testcase name="Nuclear Engagement Accessibility Tests › Screen reader compatibility" classname="accessibility/AccessibilityTest.spec.cjs" time="0.015">
<failure message="AccessibilityTest.spec.cjs:158:3 Screen reader compatibility" type="FAILURE">
<![CDATA[  [Mobile Chrome] › accessibility/AccessibilityTest.spec.cjs:158:3 › Nuclear Engagement Accessibility Tests › Screen reader compatibility 

    Error: browserType.launch: 
    ╔══════════════════════════════════════════════════════╗
    ║ Host system is missing dependencies to run browsers. ║
    ║ Please install them with the following command:      ║
    ║                                                      ║
    ║     sudo npx playwright install-deps                 ║
    ║                                                      ║
    ║ Alternatively, use apt:                              ║
    ║     sudo apt-get install libnspr4\                   ║
    ║         libnss3\                                     ║
    ║         libasound2t64                                ║
    ║                                                      ║
    ║ <3 Playwright Team                                   ║
    ╚══════════════════════════════════════════════════════╝
]]>
</failure>
</testcase>
<testcase name="Nuclear Engagement Accessibility Tests › Mobile accessibility" classname="accessibility/AccessibilityTest.spec.cjs" time="0.022">
<failure message="AccessibilityTest.spec.cjs:203:3 Mobile accessibility" type="FAILURE">
<![CDATA[  [Mobile Chrome] › accessibility/AccessibilityTest.spec.cjs:203:3 › Nuclear Engagement Accessibility Tests › Mobile accessibility 

    Error: browserType.launch: 
    ╔══════════════════════════════════════════════════════╗
    ║ Host system is missing dependencies to run browsers. ║
    ║ Please install them with the following command:      ║
    ║                                                      ║
    ║     sudo npx playwright install-deps                 ║
    ║                                                      ║
    ║ Alternatively, use apt:                              ║
    ║     sudo apt-get install libnspr4\                   ║
    ║         libnss3\                                     ║
    ║         libasound2t64                                ║
    ║                                                      ║
    ║ <3 Playwright Team                                   ║
    ╚══════════════════════════════════════════════════════╝
]]>
</failure>
</testcase>
<testcase name="Nuclear Engagement Accessibility Tests › Reduced motion preferences" classname="accessibility/AccessibilityTest.spec.cjs" time="0.014">
<failure message="AccessibilityTest.spec.cjs:241:3 Reduced motion preferences" type="FAILURE">
<![CDATA[  [Mobile Chrome] › accessibility/AccessibilityTest.spec.cjs:241:3 › Nuclear Engagement Accessibility Tests › Reduced motion preferences 

    Error: browserType.launch: 
    ╔══════════════════════════════════════════════════════╗
    ║ Host system is missing dependencies to run browsers. ║
    ║ Please install them with the following command:      ║
    ║                                                      ║
    ║     sudo npx playwright install-deps                 ║
    ║                                                      ║
    ║ Alternatively, use apt:                              ║
    ║     sudo apt-get install libnspr4\                   ║
    ║         libnss3\                                     ║
    ║         libasound2t64                                ║
    ║                                                      ║
    ║ <3 Playwright Team                                   ║
    ╚══════════════════════════════════════════════════════╝
]]>
</failure>
</testcase>
<testcase name="Nuclear Engagement Accessibility Tests › High contrast mode compatibility" classname="accessibility/AccessibilityTest.spec.cjs" time="0.014">
<failure message="AccessibilityTest.spec.cjs:270:3 High contrast mode compatibility" type="FAILURE">
<![CDATA[  [Mobile Chrome] › accessibility/AccessibilityTest.spec.cjs:270:3 › Nuclear Engagement Accessibility Tests › High contrast mode compatibility 

    Error: browserType.launch: 
    ╔══════════════════════════════════════════════════════╗
    ║ Host system is missing dependencies to run browsers. ║
    ║ Please install them with the following command:      ║
    ║                                                      ║
    ║     sudo npx playwright install-deps                 ║
    ║                                                      ║
    ║ Alternatively, use apt:                              ║
    ║     sudo apt-get install libnspr4\                   ║
    ║         libnss3\                                     ║
    ║         libasound2t64                                ║
    ║                                                      ║
    ║ <3 Playwright Team                                   ║
    ╚══════════════════════════════════════════════════════╝
]]>
</failure>
</testcase>
<testcase name="Nuclear Engagement Accessibility Tests › Form accessibility" classname="accessibility/AccessibilityTest.spec.cjs" time="0.013">
<failure message="AccessibilityTest.spec.cjs:299:3 Form accessibility" type="FAILURE">
<![CDATA[  [Mobile Chrome] › accessibility/AccessibilityTest.spec.cjs:299:3 › Nuclear Engagement Accessibility Tests › Form accessibility 

    Error: browserType.launch: 
    ╔══════════════════════════════════════════════════════╗
    ║ Host system is missing dependencies to run browsers. ║
    ║ Please install them with the following command:      ║
    ║                                                      ║
    ║     sudo npx playwright install-deps                 ║
    ║                                                      ║
    ║ Alternatively, use apt:                              ║
    ║     sudo apt-get install libnspr4\                   ║
    ║         libnss3\                                     ║
    ║         libasound2t64                                ║
    ║                                                      ║
    ║ <3 Playwright Team                                   ║
    ╚══════════════════════════════════════════════════════╝
]]>
</failure>
</testcase>
<testcase name="Nuclear Engagement Accessibility Tests › Page structure and semantics" classname="accessibility/AccessibilityTest.spec.cjs" time="0.011">
<failure message="AccessibilityTest.spec.cjs:340:3 Page structure and semantics" type="FAILURE">
<![CDATA[  [Mobile Chrome] › accessibility/AccessibilityTest.spec.cjs:340:3 › Nuclear Engagement Accessibility Tests › Page structure and semantics 

    Error: browserType.launch: 
    ╔══════════════════════════════════════════════════════╗
    ║ Host system is missing dependencies to run browsers. ║
    ║ Please install them with the following command:      ║
    ║                                                      ║
    ║     sudo npx playwright install-deps                 ║
    ║                                                      ║
    ║ Alternatively, use apt:                              ║
    ║     sudo apt-get install libnspr4\                   ║
    ║         libnss3\                                     ║
    ║         libasound2t64                                ║
    ║                                                      ║
    ║ <3 Playwright Team                                   ║
    ╚══════════════════════════════════════════════════════╝
]]>
</failure>
</testcase>
</testsuite>
<testsuite name="e2e/simple.spec.js" timestamp="2025-07-03T13:28:10.455Z" hostname="Mobile Chrome" tests="1" failures="1" skipped="0" time="0.011" errors="0">
<testcase name="Simple Playwright Test › basic test to verify playwright works" classname="e2e/simple.spec.js" time="0.011">
<failure message="simple.spec.js:4:3 basic test to verify playwright works" type="FAILURE">
<![CDATA[  [Mobile Chrome] › e2e/simple.spec.js:4:3 › Simple Playwright Test › basic test to verify playwright works 

    Error: browserType.launch: 
    ╔══════════════════════════════════════════════════════╗
    ║ Host system is missing dependencies to run browsers. ║
    ║ Please install them with the following command:      ║
    ║                                                      ║
    ║     sudo npx playwright install-deps                 ║
    ║                                                      ║
    ║ Alternatively, use apt:                              ║
    ║     sudo apt-get install libnspr4\                   ║
    ║         libnss3\                                     ║
    ║         libasound2t64                                ║
    ║                                                      ║
    ║ <3 Playwright Team                                   ║
    ╚══════════════════════════════════════════════════════╝
]]>
</failure>
</testcase>
</testsuite>
<testsuite name="e2e/web-workflows.spec.js" timestamp="2025-07-03T13:28:10.455Z" hostname="Mobile Chrome" tests="10" failures="10" skipped="0" time="0" errors="0">
<testcase name="Nuclear Engagement Web Workflows › Complete plugin setup workflow" classname="e2e/web-workflows.spec.js" time="0">
<failure message="web-workflows.spec.js:35:3 Complete plugin setup workflow" type="FAILURE">
<![CDATA[  [Mobile Chrome] › e2e/web-workflows.spec.js:35:3 › Nuclear Engagement Web Workflows › Complete plugin setup workflow 

    Error: browserType.launch: 
    ╔══════════════════════════════════════════════════════╗
    ║ Host system is missing dependencies to run browsers. ║
    ║ Please install them with the following command:      ║
    ║                                                      ║
    ║     sudo npx playwright install-deps                 ║
    ║                                                      ║
    ║ Alternatively, use apt:                              ║
    ║     sudo apt-get install libnspr4\                   ║
    ║         libnss3\                                     ║
    ║         libasound2t64                                ║
    ║                                                      ║
    ║ <3 Playwright Team                                   ║
    ╚══════════════════════════════════════════════════════╝

    TypeError: Cannot read properties of undefined (reading 'close')

      324 |
      325 |   test.afterAll(async () => {
    > 326 |     await adminPage.close();
          |                     ^
      327 |     await frontendPage.close();
      328 |   });
      329 | });
        at /mnt/wsl/docker-desktop-bind-mounts/Ubuntu/b1b687231e36a9dad8030de0e949ac74d048ee86a99fd2d0a4bd38e5e01d8541/tests/e2e/web-workflows.spec.js:326:21
]]>
</failure>
</testcase>
<testcase name="Nuclear Engagement Web Workflows › Content generation workflow" classname="e2e/web-workflows.spec.js" time="0">
<failure message="web-workflows.spec.js:60:3 Content generation workflow" type="FAILURE">
<![CDATA[  [Mobile Chrome] › e2e/web-workflows.spec.js:60:3 › Nuclear Engagement Web Workflows › Content generation workflow 

    Error: browserType.launch: 
    ╔══════════════════════════════════════════════════════╗
    ║ Host system is missing dependencies to run browsers. ║
    ║ Please install them with the following command:      ║
    ║                                                      ║
    ║     sudo npx playwright install-deps                 ║
    ║                                                      ║
    ║ Alternatively, use apt:                              ║
    ║     sudo apt-get install libnspr4\                   ║
    ║         libnss3\                                     ║
    ║         libasound2t64                                ║
    ║                                                      ║
    ║ <3 Playwright Team                                   ║
    ╚══════════════════════════════════════════════════════╝

    TypeError: Cannot read properties of undefined (reading 'close')

      324 |
      325 |   test.afterAll(async () => {
    > 326 |     await adminPage.close();
          |                     ^
      327 |     await frontendPage.close();
      328 |   });
      329 | });
        at /mnt/wsl/docker-desktop-bind-mounts/Ubuntu/b1b687231e36a9dad8030de0e949ac74d048ee86a99fd2d0a4bd38e5e01d8541/tests/e2e/web-workflows.spec.js:326:21
]]>
</failure>
</testcase>
<testcase name="Nuclear Engagement Web Workflows › Quiz interaction workflow" classname="e2e/web-workflows.spec.js" time="0">
<failure message="web-workflows.spec.js:93:3 Quiz interaction workflow" type="FAILURE">
<![CDATA[  [Mobile Chrome] › e2e/web-workflows.spec.js:93:3 › Nuclear Engagement Web Workflows › Quiz interaction workflow 

    Error: browserType.launch: 
    ╔══════════════════════════════════════════════════════╗
    ║ Host system is missing dependencies to run browsers. ║
    ║ Please install them with the following command:      ║
    ║                                                      ║
    ║     sudo npx playwright install-deps                 ║
    ║                                                      ║
    ║ Alternatively, use apt:                              ║
    ║     sudo apt-get install libnspr4\                   ║
    ║         libnss3\                                     ║
    ║         libasound2t64                                ║
    ║                                                      ║
    ║ <3 Playwright Team                                   ║
    ╚══════════════════════════════════════════════════════╝

    TypeError: Cannot read properties of undefined (reading 'close')

      324 |
      325 |   test.afterAll(async () => {
    > 326 |     await adminPage.close();
          |                     ^
      327 |     await frontendPage.close();
      328 |   });
      329 | });
        at /mnt/wsl/docker-desktop-bind-mounts/Ubuntu/b1b687231e36a9dad8030de0e949ac74d048ee86a99fd2d0a4bd38e5e01d8541/tests/e2e/web-workflows.spec.js:326:21
]]>
</failure>
</testcase>
<testcase name="Nuclear Engagement Web Workflows › Table of Contents interaction workflow" classname="e2e/web-workflows.spec.js" time="0">
<failure message="web-workflows.spec.js:127:3 Table of Contents interaction workflow" type="FAILURE">
<![CDATA[  [Mobile Chrome] › e2e/web-workflows.spec.js:127:3 › Nuclear Engagement Web Workflows › Table of Contents interaction workflow 

    Error: browserType.launch: 
    ╔══════════════════════════════════════════════════════╗
    ║ Host system is missing dependencies to run browsers. ║
    ║ Please install them with the following command:      ║
    ║                                                      ║
    ║     sudo npx playwright install-deps                 ║
    ║                                                      ║
    ║ Alternatively, use apt:                              ║
    ║     sudo apt-get install libnspr4\                   ║
    ║         libnss3\                                     ║
    ║         libasound2t64                                ║
    ║                                                      ║
    ║ <3 Playwright Team                                   ║
    ╚══════════════════════════════════════════════════════╝

    TypeError: Cannot read properties of undefined (reading 'close')

      324 |
      325 |   test.afterAll(async () => {
    > 326 |     await adminPage.close();
          |                     ^
      327 |     await frontendPage.close();
      328 |   });
      329 | });
        at /mnt/wsl/docker-desktop-bind-mounts/Ubuntu/b1b687231e36a9dad8030de0e949ac74d048ee86a99fd2d0a4bd38e5e01d8541/tests/e2e/web-workflows.spec.js:326:21
]]>
</failure>
</testcase>
<testcase name="Nuclear Engagement Web Workflows › Summary display workflow" classname="e2e/web-workflows.spec.js" time="0">
<failure message="web-workflows.spec.js:152:3 Summary display workflow" type="FAILURE">
<![CDATA[  [Mobile Chrome] › e2e/web-workflows.spec.js:152:3 › Nuclear Engagement Web Workflows › Summary display workflow 

    Error: browserType.launch: 
    ╔══════════════════════════════════════════════════════╗
    ║ Host system is missing dependencies to run browsers. ║
    ║ Please install them with the following command:      ║
    ║                                                      ║
    ║     sudo npx playwright install-deps                 ║
    ║                                                      ║
    ║ Alternatively, use apt:                              ║
    ║     sudo apt-get install libnspr4\                   ║
    ║         libnss3\                                     ║
    ║         libasound2t64                                ║
    ║                                                      ║
    ║ <3 Playwright Team                                   ║
    ╚══════════════════════════════════════════════════════╝

    TypeError: Cannot read properties of undefined (reading 'close')

      324 |
      325 |   test.afterAll(async () => {
    > 326 |     await adminPage.close();
          |                     ^
      327 |     await frontendPage.close();
      328 |   });
      329 | });
        at /mnt/wsl/docker-desktop-bind-mounts/Ubuntu/b1b687231e36a9dad8030de0e949ac74d048ee86a99fd2d0a4bd38e5e01d8541/tests/e2e/web-workflows.spec.js:326:21
]]>
</failure>
</testcase>
<testcase name="Nuclear Engagement Web Workflows › Admin bulk generation workflow" classname="e2e/web-workflows.spec.js" time="0">
<failure message="web-workflows.spec.js:175:3 Admin bulk generation workflow" type="FAILURE">
<![CDATA[  [Mobile Chrome] › e2e/web-workflows.spec.js:175:3 › Nuclear Engagement Web Workflows › Admin bulk generation workflow 

    Error: browserType.launch: 
    ╔══════════════════════════════════════════════════════╗
    ║ Host system is missing dependencies to run browsers. ║
    ║ Please install them with the following command:      ║
    ║                                                      ║
    ║     sudo npx playwright install-deps                 ║
    ║                                                      ║
    ║ Alternatively, use apt:                              ║
    ║     sudo apt-get install libnspr4\                   ║
    ║         libnss3\                                     ║
    ║         libasound2t64                                ║
    ║                                                      ║
    ║ <3 Playwright Team                                   ║
    ╚══════════════════════════════════════════════════════╝

    TypeError: Cannot read properties of undefined (reading 'close')

      324 |
      325 |   test.afterAll(async () => {
    > 326 |     await adminPage.close();
          |                     ^
      327 |     await frontendPage.close();
      328 |   });
      329 | });
        at /mnt/wsl/docker-desktop-bind-mounts/Ubuntu/b1b687231e36a9dad8030de0e949ac74d048ee86a99fd2d0a4bd38e5e01d8541/tests/e2e/web-workflows.spec.js:326:21
]]>
</failure>
</testcase>
<testcase name="Nuclear Engagement Web Workflows › Settings management workflow" classname="e2e/web-workflows.spec.js" time="0">
<failure message="web-workflows.spec.js:204:3 Settings management workflow" type="FAILURE">
<![CDATA[  [Mobile Chrome] › e2e/web-workflows.spec.js:204:3 › Nuclear Engagement Web Workflows › Settings management workflow 

    Error: browserType.launch: 
    ╔══════════════════════════════════════════════════════╗
    ║ Host system is missing dependencies to run browsers. ║
    ║ Please install them with the following command:      ║
    ║                                                      ║
    ║     sudo npx playwright install-deps                 ║
    ║                                                      ║
    ║ Alternatively, use apt:                              ║
    ║     sudo apt-get install libnspr4\                   ║
    ║         libnss3\                                     ║
    ║         libasound2t64                                ║
    ║                                                      ║
    ║ <3 Playwright Team                                   ║
    ╚══════════════════════════════════════════════════════╝

    TypeError: Cannot read properties of undefined (reading 'close')

      324 |
      325 |   test.afterAll(async () => {
    > 326 |     await adminPage.close();
          |                     ^
      327 |     await frontendPage.close();
      328 |   });
      329 | });
        at /mnt/wsl/docker-desktop-bind-mounts/Ubuntu/b1b687231e36a9dad8030de0e949ac74d048ee86a99fd2d0a4bd38e5e01d8541/tests/e2e/web-workflows.spec.js:326:21
]]>
</failure>
</testcase>
<testcase name="Nuclear Engagement Web Workflows › Error handling workflow" classname="e2e/web-workflows.spec.js" time="0">
<failure message="web-workflows.spec.js:232:3 Error handling workflow" type="FAILURE">
<![CDATA[  [Mobile Chrome] › e2e/web-workflows.spec.js:232:3 › Nuclear Engagement Web Workflows › Error handling workflow 

    Error: browserType.launch: 
    ╔══════════════════════════════════════════════════════╗
    ║ Host system is missing dependencies to run browsers. ║
    ║ Please install them with the following command:      ║
    ║                                                      ║
    ║     sudo npx playwright install-deps                 ║
    ║                                                      ║
    ║ Alternatively, use apt:                              ║
    ║     sudo apt-get install libnspr4\                   ║
    ║         libnss3\                                     ║
    ║         libasound2t64                                ║
    ║                                                      ║
    ║ <3 Playwright Team                                   ║
    ╚══════════════════════════════════════════════════════╝

    TypeError: Cannot read properties of undefined (reading 'close')

      324 |
      325 |   test.afterAll(async () => {
    > 326 |     await adminPage.close();
          |                     ^
      327 |     await frontendPage.close();
      328 |   });
      329 | });
        at /mnt/wsl/docker-desktop-bind-mounts/Ubuntu/b1b687231e36a9dad8030de0e949ac74d048ee86a99fd2d0a4bd38e5e01d8541/tests/e2e/web-workflows.spec.js:326:21
]]>
</failure>
</testcase>
<testcase name="Nuclear Engagement Web Workflows › Responsive design workflow" classname="e2e/web-workflows.spec.js" time="0">
<failure message="web-workflows.spec.js:258:3 Responsive design workflow" type="FAILURE">
<![CDATA[  [Mobile Chrome] › e2e/web-workflows.spec.js:258:3 › Nuclear Engagement Web Workflows › Responsive design workflow 

    Error: browserType.launch: 
    ╔══════════════════════════════════════════════════════╗
    ║ Host system is missing dependencies to run browsers. ║
    ║ Please install them with the following command:      ║
    ║                                                      ║
    ║     sudo npx playwright install-deps                 ║
    ║                                                      ║
    ║ Alternatively, use apt:                              ║
    ║     sudo apt-get install libnspr4\                   ║
    ║         libnss3\                                     ║
    ║         libasound2t64                                ║
    ║                                                      ║
    ║ <3 Playwright Team                                   ║
    ╚══════════════════════════════════════════════════════╝

    TypeError: Cannot read properties of undefined (reading 'close')

      324 |
      325 |   test.afterAll(async () => {
    > 326 |     await adminPage.close();
          |                     ^
      327 |     await frontendPage.close();
      328 |   });
      329 | });
        at /mnt/wsl/docker-desktop-bind-mounts/Ubuntu/b1b687231e36a9dad8030de0e949ac74d048ee86a99fd2d0a4bd38e5e01d8541/tests/e2e/web-workflows.spec.js:326:21
]]>
</failure>
</testcase>
<testcase name="Nuclear Engagement Web Workflows › Performance workflow" classname="e2e/web-workflows.spec.js" time="0">
<failure message="web-workflows.spec.js:296:3 Performance workflow" type="FAILURE">
<![CDATA[  [Mobile Chrome] › e2e/web-workflows.spec.js:296:3 › Nuclear Engagement Web Workflows › Performance workflow 

    Error: browserType.launch: 
    ╔══════════════════════════════════════════════════════╗
    ║ Host system is missing dependencies to run browsers. ║
    ║ Please install them with the following command:      ║
    ║                                                      ║
    ║     sudo npx playwright install-deps                 ║
    ║                                                      ║
    ║ Alternatively, use apt:                              ║
    ║     sudo apt-get install libnspr4\                   ║
    ║         libnss3\                                     ║
    ║         libasound2t64                                ║
    ║                                                      ║
    ║ <3 Playwright Team                                   ║
    ╚══════════════════════════════════════════════════════╝

    TypeError: Cannot read properties of undefined (reading 'close')

      324 |
      325 |   test.afterAll(async () => {
    > 326 |     await adminPage.close();
          |                     ^
      327 |     await frontendPage.close();
      328 |   });
      329 | });
        at /mnt/wsl/docker-desktop-bind-mounts/Ubuntu/b1b687231e36a9dad8030de0e949ac74d048ee86a99fd2d0a4bd38e5e01d8541/tests/e2e/web-workflows.spec.js:326:21
]]>
</failure>
</testcase>
</testsuite>
<testsuite name="accessibility/AccessibilityTest.spec.cjs" timestamp="2025-07-03T13:28:10.455Z" hostname="Mobile Safari" tests="10" failures="10" skipped="0" time="0.103" errors="0">
<testcase name="Nuclear Engagement Accessibility Tests › Quiz component accessibility" classname="accessibility/AccessibilityTest.spec.cjs" time="0.009">
<failure message="AccessibilityTest.spec.cjs:10:3 Quiz component accessibility" type="FAILURE">
<![CDATA[  [Mobile Safari] › accessibility/AccessibilityTest.spec.cjs:10:3 › Nuclear Engagement Accessibility Tests › Quiz component accessibility 

    Error: browserType.launch: 
    ╔══════════════════════════════════════════════════════╗
    ║ Host system is missing dependencies to run browsers. ║
    ║ Missing libraries:                                   ║
    ║     libgtk-4.so.1                                    ║
    ║     libgraphene-1.0.so.0                             ║
    ║     libatomic.so.1                                   ║
    ║     libwoff2dec.so.1.0.2                             ║
    ║     libvpx.so.9                                      ║
    ║     libevent-2.1.so.7                                ║
    ║     libopus.so.0                                     ║
    ║     libgstallocators-1.0.so.0                        ║
    ║     libgstapp-1.0.so.0                               ║
    ║     libgstpbutils-1.0.so.0                           ║
    ║     libgstaudio-1.0.so.0                             ║
    ║     libgsttag-1.0.so.0                               ║
    ║     libgstvideo-1.0.so.0                             ║
    ║     libgstgl-1.0.so.0                                ║
    ║     libgstcodecparsers-1.0.so.0                      ║
    ║     libgstfft-1.0.so.0                               ║
    ║     libflite.so.1                                    ║
    ║     libflite_usenglish.so.1                          ║
    ║     libflite_cmu_grapheme_lang.so.1                  ║
    ║     libflite_cmu_grapheme_lex.so.1                   ║
    ║     libflite_cmu_indic_lang.so.1                     ║
    ║     libflite_cmu_indic_lex.so.1                      ║
    ║     libflite_cmulex.so.1                             ║
    ║     libflite_cmu_time_awb.so.1                       ║
    ║     libflite_cmu_us_awb.so.1                         ║
    ║     libflite_cmu_us_kal16.so.1                       ║
    ║     libflite_cmu_us_kal.so.1                         ║
    ║     libflite_cmu_us_rms.so.1                         ║
    ║     libflite_cmu_us_slt.so.1                         ║
    ║     libwebpdemux.so.2                                ║
    ║     libavif.so.16                                    ║
    ║     libharfbuzz-icu.so.0                             ║
    ║     libwebpmux.so.3                                  ║
    ║     libenchant-2.so.2                                ║
    ║     libsecret-1.so.0                                 ║
    ║     libhyphen.so.0                                   ║
    ║     libmanette-0.2.so.0                              ║
    ║     libGLESv2.so.2                                   ║
    ║     libx264.so                                       ║
    ╚══════════════════════════════════════════════════════╝
]]>
</failure>
</testcase>
<testcase name="Nuclear Engagement Accessibility Tests › Table of Contents accessibility" classname="accessibility/AccessibilityTest.spec.cjs" time="0.009">
<failure message="AccessibilityTest.spec.cjs:47:3 Table of Contents accessibility" type="FAILURE">
<![CDATA[  [Mobile Safari] › accessibility/AccessibilityTest.spec.cjs:47:3 › Nuclear Engagement Accessibility Tests › Table of Contents accessibility 

    Error: browserType.launch: 
    ╔══════════════════════════════════════════════════════╗
    ║ Host system is missing dependencies to run browsers. ║
    ║ Missing libraries:                                   ║
    ║     libgtk-4.so.1                                    ║
    ║     libgraphene-1.0.so.0                             ║
    ║     libatomic.so.1                                   ║
    ║     libwoff2dec.so.1.0.2                             ║
    ║     libvpx.so.9                                      ║
    ║     libevent-2.1.so.7                                ║
    ║     libopus.so.0                                     ║
    ║     libgstallocators-1.0.so.0                        ║
    ║     libgstapp-1.0.so.0                               ║
    ║     libgstpbutils-1.0.so.0                           ║
    ║     libgstaudio-1.0.so.0                             ║
    ║     libgsttag-1.0.so.0                               ║
    ║     libgstvideo-1.0.so.0                             ║
    ║     libgstgl-1.0.so.0                                ║
    ║     libgstcodecparsers-1.0.so.0                      ║
    ║     libgstfft-1.0.so.0                               ║
    ║     libflite.so.1                                    ║
    ║     libflite_usenglish.so.1                          ║
    ║     libflite_cmu_grapheme_lang.so.1                  ║
    ║     libflite_cmu_grapheme_lex.so.1                   ║
    ║     libflite_cmu_indic_lang.so.1                     ║
    ║     libflite_cmu_indic_lex.so.1                      ║
    ║     libflite_cmulex.so.1                             ║
    ║     libflite_cmu_time_awb.so.1                       ║
    ║     libflite_cmu_us_awb.so.1                         ║
    ║     libflite_cmu_us_kal16.so.1                       ║
    ║     libflite_cmu_us_kal.so.1                         ║
    ║     libflite_cmu_us_rms.so.1                         ║
    ║     libflite_cmu_us_slt.so.1                         ║
    ║     libwebpdemux.so.2                                ║
    ║     libavif.so.16                                    ║
    ║     libharfbuzz-icu.so.0                             ║
    ║     libwebpmux.so.3                                  ║
    ║     libenchant-2.so.2                                ║
    ║     libsecret-1.so.0                                 ║
    ║     libhyphen.so.0                                   ║
    ║     libmanette-0.2.so.0                              ║
    ║     libGLESv2.so.2                                   ║
    ║     libx264.so                                       ║
    ╚══════════════════════════════════════════════════════╝
]]>
</failure>
</testcase>
<testcase name="Nuclear Engagement Accessibility Tests › Summary component accessibility" classname="accessibility/AccessibilityTest.spec.cjs" time="0.008">
<failure message="AccessibilityTest.spec.cjs:88:3 Summary component accessibility" type="FAILURE">
<![CDATA[  [Mobile Safari] › accessibility/AccessibilityTest.spec.cjs:88:3 › Nuclear Engagement Accessibility Tests › Summary component accessibility 

    Error: browserType.launch: 
    ╔══════════════════════════════════════════════════════╗
    ║ Host system is missing dependencies to run browsers. ║
    ║ Missing libraries:                                   ║
    ║     libgtk-4.so.1                                    ║
    ║     libgraphene-1.0.so.0                             ║
    ║     libatomic.so.1                                   ║
    ║     libwoff2dec.so.1.0.2                             ║
    ║     libvpx.so.9                                      ║
    ║     libevent-2.1.so.7                                ║
    ║     libopus.so.0                                     ║
    ║     libgstallocators-1.0.so.0                        ║
    ║     libgstapp-1.0.so.0                               ║
    ║     libgstpbutils-1.0.so.0                           ║
    ║     libgstaudio-1.0.so.0                             ║
    ║     libgsttag-1.0.so.0                               ║
    ║     libgstvideo-1.0.so.0                             ║
    ║     libgstgl-1.0.so.0                                ║
    ║     libgstcodecparsers-1.0.so.0                      ║
    ║     libgstfft-1.0.so.0                               ║
    ║     libflite.so.1                                    ║
    ║     libflite_usenglish.so.1                          ║
    ║     libflite_cmu_grapheme_lang.so.1                  ║
    ║     libflite_cmu_grapheme_lex.so.1                   ║
    ║     libflite_cmu_indic_lang.so.1                     ║
    ║     libflite_cmu_indic_lex.so.1                      ║
    ║     libflite_cmulex.so.1                             ║
    ║     libflite_cmu_time_awb.so.1                       ║
    ║     libflite_cmu_us_awb.so.1                         ║
    ║     libflite_cmu_us_kal16.so.1                       ║
    ║     libflite_cmu_us_kal.so.1                         ║
    ║     libflite_cmu_us_rms.so.1                         ║
    ║     libflite_cmu_us_slt.so.1                         ║
    ║     libwebpdemux.so.2                                ║
    ║     libavif.so.16                                    ║
    ║     libharfbuzz-icu.so.0                             ║
    ║     libwebpmux.so.3                                  ║
    ║     libenchant-2.so.2                                ║
    ║     libsecret-1.so.0                                 ║
    ║     libhyphen.so.0                                   ║
    ║     libmanette-0.2.so.0                              ║
    ║     libGLESv2.so.2                                   ║
    ║     libx264.so                                       ║
    ╚══════════════════════════════════════════════════════╝
]]>
</failure>
</testcase>
<testcase name="Nuclear Engagement Accessibility Tests › Color contrast and visual accessibility" classname="accessibility/AccessibilityTest.spec.cjs" time="0.011">
<failure message="AccessibilityTest.spec.cjs:119:3 Color contrast and visual accessibility" type="FAILURE">
<![CDATA[  [Mobile Safari] › accessibility/AccessibilityTest.spec.cjs:119:3 › Nuclear Engagement Accessibility Tests › Color contrast and visual accessibility 

    Error: browserType.launch: 
    ╔══════════════════════════════════════════════════════╗
    ║ Host system is missing dependencies to run browsers. ║
    ║ Missing libraries:                                   ║
    ║     libgtk-4.so.1                                    ║
    ║     libgraphene-1.0.so.0                             ║
    ║     libatomic.so.1                                   ║
    ║     libwoff2dec.so.1.0.2                             ║
    ║     libvpx.so.9                                      ║
    ║     libevent-2.1.so.7                                ║
    ║     libopus.so.0                                     ║
    ║     libgstallocators-1.0.so.0                        ║
    ║     libgstapp-1.0.so.0                               ║
    ║     libgstpbutils-1.0.so.0                           ║
    ║     libgstaudio-1.0.so.0                             ║
    ║     libgsttag-1.0.so.0                               ║
    ║     libgstvideo-1.0.so.0                             ║
    ║     libgstgl-1.0.so.0                                ║
    ║     libgstcodecparsers-1.0.so.0                      ║
    ║     libgstfft-1.0.so.0                               ║
    ║     libflite.so.1                                    ║
    ║     libflite_usenglish.so.1                          ║
    ║     libflite_cmu_grapheme_lang.so.1                  ║
    ║     libflite_cmu_grapheme_lex.so.1                   ║
    ║     libflite_cmu_indic_lang.so.1                     ║
    ║     libflite_cmu_indic_lex.so.1                      ║
    ║     libflite_cmulex.so.1                             ║
    ║     libflite_cmu_time_awb.so.1                       ║
    ║     libflite_cmu_us_awb.so.1                         ║
    ║     libflite_cmu_us_kal16.so.1                       ║
    ║     libflite_cmu_us_kal.so.1                         ║
    ║     libflite_cmu_us_rms.so.1                         ║
    ║     libflite_cmu_us_slt.so.1                         ║
    ║     libwebpdemux.so.2                                ║
    ║     libavif.so.16                                    ║
    ║     libharfbuzz-icu.so.0                             ║
    ║     libwebpmux.so.3                                  ║
    ║     libenchant-2.so.2                                ║
    ║     libsecret-1.so.0                                 ║
    ║     libhyphen.so.0                                   ║
    ║     libmanette-0.2.so.0                              ║
    ║     libGLESv2.so.2                                   ║
    ║     libx264.so                                       ║
    ╚══════════════════════════════════════════════════════╝
]]>
</failure>
</testcase>
<testcase name="Nuclear Engagement Accessibility Tests › Screen reader compatibility" classname="accessibility/AccessibilityTest.spec.cjs" time="0.01">
<failure message="AccessibilityTest.spec.cjs:158:3 Screen reader compatibility" type="FAILURE">
<![CDATA[  [Mobile Safari] › accessibility/AccessibilityTest.spec.cjs:158:3 › Nuclear Engagement Accessibility Tests › Screen reader compatibility 

    Error: browserType.launch: 
    ╔══════════════════════════════════════════════════════╗
    ║ Host system is missing dependencies to run browsers. ║
    ║ Missing libraries:                                   ║
    ║     libgtk-4.so.1                                    ║
    ║     libgraphene-1.0.so.0                             ║
    ║     libatomic.so.1                                   ║
    ║     libwoff2dec.so.1.0.2                             ║
    ║     libvpx.so.9                                      ║
    ║     libevent-2.1.so.7                                ║
    ║     libopus.so.0                                     ║
    ║     libgstallocators-1.0.so.0                        ║
    ║     libgstapp-1.0.so.0                               ║
    ║     libgstpbutils-1.0.so.0                           ║
    ║     libgstaudio-1.0.so.0                             ║
    ║     libgsttag-1.0.so.0                               ║
    ║     libgstvideo-1.0.so.0                             ║
    ║     libgstgl-1.0.so.0                                ║
    ║     libgstcodecparsers-1.0.so.0                      ║
    ║     libgstfft-1.0.so.0                               ║
    ║     libflite.so.1                                    ║
    ║     libflite_usenglish.so.1                          ║
    ║     libflite_cmu_grapheme_lang.so.1                  ║
    ║     libflite_cmu_grapheme_lex.so.1                   ║
    ║     libflite_cmu_indic_lang.so.1                     ║
    ║     libflite_cmu_indic_lex.so.1                      ║
    ║     libflite_cmulex.so.1                             ║
    ║     libflite_cmu_time_awb.so.1                       ║
    ║     libflite_cmu_us_awb.so.1                         ║
    ║     libflite_cmu_us_kal16.so.1                       ║
    ║     libflite_cmu_us_kal.so.1                         ║
    ║     libflite_cmu_us_rms.so.1                         ║
    ║     libflite_cmu_us_slt.so.1                         ║
    ║     libwebpdemux.so.2                                ║
    ║     libavif.so.16                                    ║
    ║     libharfbuzz-icu.so.0                             ║
    ║     libwebpmux.so.3                                  ║
    ║     libenchant-2.so.2                                ║
    ║     libsecret-1.so.0                                 ║
    ║     libhyphen.so.0                                   ║
    ║     libmanette-0.2.so.0                              ║
    ║     libGLESv2.so.2                                   ║
    ║     libx264.so                                       ║
    ╚══════════════════════════════════════════════════════╝
]]>
</failure>
</testcase>
<testcase name="Nuclear Engagement Accessibility Tests › Mobile accessibility" classname="accessibility/AccessibilityTest.spec.cjs" time="0.008">
<failure message="AccessibilityTest.spec.cjs:203:3 Mobile accessibility" type="FAILURE">
<![CDATA[  [Mobile Safari] › accessibility/AccessibilityTest.spec.cjs:203:3 › Nuclear Engagement Accessibility Tests › Mobile accessibility 

    Error: browserType.launch: 
    ╔══════════════════════════════════════════════════════╗
    ║ Host system is missing dependencies to run browsers. ║
    ║ Missing libraries:                                   ║
    ║     libgtk-4.so.1                                    ║
    ║     libgraphene-1.0.so.0                             ║
    ║     libatomic.so.1                                   ║
    ║     libwoff2dec.so.1.0.2                             ║
    ║     libvpx.so.9                                      ║
    ║     libevent-2.1.so.7                                ║
    ║     libopus.so.0                                     ║
    ║     libgstallocators-1.0.so.0                        ║
    ║     libgstapp-1.0.so.0                               ║
    ║     libgstpbutils-1.0.so.0                           ║
    ║     libgstaudio-1.0.so.0                             ║
    ║     libgsttag-1.0.so.0                               ║
    ║     libgstvideo-1.0.so.0                             ║
    ║     libgstgl-1.0.so.0                                ║
    ║     libgstcodecparsers-1.0.so.0                      ║
    ║     libgstfft-1.0.so.0                               ║
    ║     libflite.so.1                                    ║
    ║     libflite_usenglish.so.1                          ║
    ║     libflite_cmu_grapheme_lang.so.1                  ║
    ║     libflite_cmu_grapheme_lex.so.1                   ║
    ║     libflite_cmu_indic_lang.so.1                     ║
    ║     libflite_cmu_indic_lex.so.1                      ║
    ║     libflite_cmulex.so.1                             ║
    ║     libflite_cmu_time_awb.so.1                       ║
    ║     libflite_cmu_us_awb.so.1                         ║
    ║     libflite_cmu_us_kal16.so.1                       ║
    ║     libflite_cmu_us_kal.so.1                         ║
    ║     libflite_cmu_us_rms.so.1                         ║
    ║     libflite_cmu_us_slt.so.1                         ║
    ║     libwebpdemux.so.2                                ║
    ║     libavif.so.16                                    ║
    ║     libharfbuzz-icu.so.0                             ║
    ║     libwebpmux.so.3                                  ║
    ║     libenchant-2.so.2                                ║
    ║     libsecret-1.so.0                                 ║
    ║     libhyphen.so.0                                   ║
    ║     libmanette-0.2.so.0                              ║
    ║     libGLESv2.so.2                                   ║
    ║     libx264.so                                       ║
    ╚══════════════════════════════════════════════════════╝
]]>
</failure>
</testcase>
<testcase name="Nuclear Engagement Accessibility Tests › Reduced motion preferences" classname="accessibility/AccessibilityTest.spec.cjs" time="0.012">
<failure message="AccessibilityTest.spec.cjs:241:3 Reduced motion preferences" type="FAILURE">
<![CDATA[  [Mobile Safari] › accessibility/AccessibilityTest.spec.cjs:241:3 › Nuclear Engagement Accessibility Tests › Reduced motion preferences 

    Error: browserType.launch: 
    ╔══════════════════════════════════════════════════════╗
    ║ Host system is missing dependencies to run browsers. ║
    ║ Missing libraries:                                   ║
    ║     libgtk-4.so.1                                    ║
    ║     libgraphene-1.0.so.0                             ║
    ║     libatomic.so.1                                   ║
    ║     libwoff2dec.so.1.0.2                             ║
    ║     libvpx.so.9                                      ║
    ║     libevent-2.1.so.7                                ║
    ║     libopus.so.0                                     ║
    ║     libgstallocators-1.0.so.0                        ║
    ║     libgstapp-1.0.so.0                               ║
    ║     libgstpbutils-1.0.so.0                           ║
    ║     libgstaudio-1.0.so.0                             ║
    ║     libgsttag-1.0.so.0                               ║
    ║     libgstvideo-1.0.so.0                             ║
    ║     libgstgl-1.0.so.0                                ║
    ║     libgstcodecparsers-1.0.so.0                      ║
    ║     libgstfft-1.0.so.0                               ║
    ║     libflite.so.1                                    ║
    ║     libflite_usenglish.so.1                          ║
    ║     libflite_cmu_grapheme_lang.so.1                  ║
    ║     libflite_cmu_grapheme_lex.so.1                   ║
    ║     libflite_cmu_indic_lang.so.1                     ║
    ║     libflite_cmu_indic_lex.so.1                      ║
    ║     libflite_cmulex.so.1                             ║
    ║     libflite_cmu_time_awb.so.1                       ║
    ║     libflite_cmu_us_awb.so.1                         ║
    ║     libflite_cmu_us_kal16.so.1                       ║
    ║     libflite_cmu_us_kal.so.1                         ║
    ║     libflite_cmu_us_rms.so.1                         ║
    ║     libflite_cmu_us_slt.so.1                         ║
    ║     libwebpdemux.so.2                                ║
    ║     libavif.so.16                                    ║
    ║     libharfbuzz-icu.so.0                             ║
    ║     libwebpmux.so.3                                  ║
    ║     libenchant-2.so.2                                ║
    ║     libsecret-1.so.0                                 ║
    ║     libhyphen.so.0                                   ║
    ║     libmanette-0.2.so.0                              ║
    ║     libGLESv2.so.2                                   ║
    ║     libx264.so                                       ║
    ╚══════════════════════════════════════════════════════╝
]]>
</failure>
</testcase>
<testcase name="Nuclear Engagement Accessibility Tests › High contrast mode compatibility" classname="accessibility/AccessibilityTest.spec.cjs" time="0.015">
<failure message="AccessibilityTest.spec.cjs:270:3 High contrast mode compatibility" type="FAILURE">
<![CDATA[  [Mobile Safari] › accessibility/AccessibilityTest.spec.cjs:270:3 › Nuclear Engagement Accessibility Tests › High contrast mode compatibility 

    Error: browserType.launch: 
    ╔══════════════════════════════════════════════════════╗
    ║ Host system is missing dependencies to run browsers. ║
    ║ Missing libraries:                                   ║
    ║     libgtk-4.so.1                                    ║
    ║     libgraphene-1.0.so.0                             ║
    ║     libatomic.so.1                                   ║
    ║     libwoff2dec.so.1.0.2                             ║
    ║     libvpx.so.9                                      ║
    ║     libevent-2.1.so.7                                ║
    ║     libopus.so.0                                     ║
    ║     libgstallocators-1.0.so.0                        ║
    ║     libgstapp-1.0.so.0                               ║
    ║     libgstpbutils-1.0.so.0                           ║
    ║     libgstaudio-1.0.so.0                             ║
    ║     libgsttag-1.0.so.0                               ║
    ║     libgstvideo-1.0.so.0                             ║
    ║     libgstgl-1.0.so.0                                ║
    ║     libgstcodecparsers-1.0.so.0                      ║
    ║     libgstfft-1.0.so.0                               ║
    ║     libflite.so.1                                    ║
    ║     libflite_usenglish.so.1                          ║
    ║     libflite_cmu_grapheme_lang.so.1                  ║
    ║     libflite_cmu_grapheme_lex.so.1                   ║
    ║     libflite_cmu_indic_lang.so.1                     ║
    ║     libflite_cmu_indic_lex.so.1                      ║
    ║     libflite_cmulex.so.1                             ║
    ║     libflite_cmu_time_awb.so.1                       ║
    ║     libflite_cmu_us_awb.so.1                         ║
    ║     libflite_cmu_us_kal16.so.1                       ║
    ║     libflite_cmu_us_kal.so.1                         ║
    ║     libflite_cmu_us_rms.so.1                         ║
    ║     libflite_cmu_us_slt.so.1                         ║
    ║     libwebpdemux.so.2                                ║
    ║     libavif.so.16                                    ║
    ║     libharfbuzz-icu.so.0                             ║
    ║     libwebpmux.so.3                                  ║
    ║     libenchant-2.so.2                                ║
    ║     libsecret-1.so.0                                 ║
    ║     libhyphen.so.0                                   ║
    ║     libmanette-0.2.so.0                              ║
    ║     libGLESv2.so.2                                   ║
    ║     libx264.so                                       ║
    ╚══════════════════════════════════════════════════════╝
]]>
</failure>
</testcase>
<testcase name="Nuclear Engagement Accessibility Tests › Form accessibility" classname="accessibility/AccessibilityTest.spec.cjs" time="0.011">
<failure message="AccessibilityTest.spec.cjs:299:3 Form accessibility" type="FAILURE">
<![CDATA[  [Mobile Safari] › accessibility/AccessibilityTest.spec.cjs:299:3 › Nuclear Engagement Accessibility Tests › Form accessibility 

    Error: browserType.launch: 
    ╔══════════════════════════════════════════════════════╗
    ║ Host system is missing dependencies to run browsers. ║
    ║ Missing libraries:                                   ║
    ║     libgtk-4.so.1                                    ║
    ║     libgraphene-1.0.so.0                             ║
    ║     libatomic.so.1                                   ║
    ║     libwoff2dec.so.1.0.2                             ║
    ║     libvpx.so.9                                      ║
    ║     libevent-2.1.so.7                                ║
    ║     libopus.so.0                                     ║
    ║     libgstallocators-1.0.so.0                        ║
    ║     libgstapp-1.0.so.0                               ║
    ║     libgstpbutils-1.0.so.0                           ║
    ║     libgstaudio-1.0.so.0                             ║
    ║     libgsttag-1.0.so.0                               ║
    ║     libgstvideo-1.0.so.0                             ║
    ║     libgstgl-1.0.so.0                                ║
    ║     libgstcodecparsers-1.0.so.0                      ║
    ║     libgstfft-1.0.so.0                               ║
    ║     libflite.so.1                                    ║
    ║     libflite_usenglish.so.1                          ║
    ║     libflite_cmu_grapheme_lang.so.1                  ║
    ║     libflite_cmu_grapheme_lex.so.1                   ║
    ║     libflite_cmu_indic_lang.so.1                     ║
    ║     libflite_cmu_indic_lex.so.1                      ║
    ║     libflite_cmulex.so.1                             ║
    ║     libflite_cmu_time_awb.so.1                       ║
    ║     libflite_cmu_us_awb.so.1                         ║
    ║     libflite_cmu_us_kal16.so.1                       ║
    ║     libflite_cmu_us_kal.so.1                         ║
    ║     libflite_cmu_us_rms.so.1                         ║
    ║     libflite_cmu_us_slt.so.1                         ║
    ║     libwebpdemux.so.2                                ║
    ║     libavif.so.16                                    ║
    ║     libharfbuzz-icu.so.0                             ║
    ║     libwebpmux.so.3                                  ║
    ║     libenchant-2.so.2                                ║
    ║     libsecret-1.so.0                                 ║
    ║     libhyphen.so.0                                   ║
    ║     libmanette-0.2.so.0                              ║
    ║     libGLESv2.so.2                                   ║
    ║     libx264.so                                       ║
    ╚══════════════════════════════════════════════════════╝
]]>
</failure>
</testcase>
<testcase name="Nuclear Engagement Accessibility Tests › Page structure and semantics" classname="accessibility/AccessibilityTest.spec.cjs" time="0.01">
<failure message="AccessibilityTest.spec.cjs:340:3 Page structure and semantics" type="FAILURE">
<![CDATA[  [Mobile Safari] › accessibility/AccessibilityTest.spec.cjs:340:3 › Nuclear Engagement Accessibility Tests › Page structure and semantics 

    Error: browserType.launch: 
    ╔══════════════════════════════════════════════════════╗
    ║ Host system is missing dependencies to run browsers. ║
    ║ Missing libraries:                                   ║
    ║     libgtk-4.so.1                                    ║
    ║     libgraphene-1.0.so.0                             ║
    ║     libatomic.so.1                                   ║
    ║     libwoff2dec.so.1.0.2                             ║
    ║     libvpx.so.9                                      ║
    ║     libevent-2.1.so.7                                ║
    ║     libopus.so.0                                     ║
    ║     libgstallocators-1.0.so.0                        ║
    ║     libgstapp-1.0.so.0                               ║
    ║     libgstpbutils-1.0.so.0                           ║
    ║     libgstaudio-1.0.so.0                             ║
    ║     libgsttag-1.0.so.0                               ║
    ║     libgstvideo-1.0.so.0                             ║
    ║     libgstgl-1.0.so.0                                ║
    ║     libgstcodecparsers-1.0.so.0                      ║
    ║     libgstfft-1.0.so.0                               ║
    ║     libflite.so.1                                    ║
    ║     libflite_usenglish.so.1                          ║
    ║     libflite_cmu_grapheme_lang.so.1                  ║
    ║     libflite_cmu_grapheme_lex.so.1                   ║
    ║     libflite_cmu_indic_lang.so.1                     ║
    ║     libflite_cmu_indic_lex.so.1                      ║
    ║     libflite_cmulex.so.1                             ║
    ║     libflite_cmu_time_awb.so.1                       ║
    ║     libflite_cmu_us_awb.so.1                         ║
    ║     libflite_cmu_us_kal16.so.1                       ║
    ║     libflite_cmu_us_kal.so.1                         ║
    ║     libflite_cmu_us_rms.so.1                         ║
    ║     libflite_cmu_us_slt.so.1                         ║
    ║     libwebpdemux.so.2                                ║
    ║     libavif.so.16                                    ║
    ║     libharfbuzz-icu.so.0                             ║
    ║     libwebpmux.so.3                                  ║
    ║     libenchant-2.so.2                                ║
    ║     libsecret-1.so.0                                 ║
    ║     libhyphen.so.0                                   ║
    ║     libmanette-0.2.so.0                              ║
    ║     libGLESv2.so.2                                   ║
    ║     libx264.so                                       ║
    ╚══════════════════════════════════════════════════════╝
]]>
</failure>
</testcase>
</testsuite>
<testsuite name="e2e/simple.spec.js" timestamp="2025-07-03T13:28:10.455Z" hostname="Mobile Safari" tests="1" failures="1" skipped="0" time="0.009" errors="0">
<testcase name="Simple Playwright Test › basic test to verify playwright works" classname="e2e/simple.spec.js" time="0.009">
<failure message="simple.spec.js:4:3 basic test to verify playwright works" type="FAILURE">
<![CDATA[  [Mobile Safari] › e2e/simple.spec.js:4:3 › Simple Playwright Test › basic test to verify playwright works 

    Error: browserType.launch: 
    ╔══════════════════════════════════════════════════════╗
    ║ Host system is missing dependencies to run browsers. ║
    ║ Missing libraries:                                   ║
    ║     libgtk-4.so.1                                    ║
    ║     libgraphene-1.0.so.0                             ║
    ║     libatomic.so.1                                   ║
    ║     libwoff2dec.so.1.0.2                             ║
    ║     libvpx.so.9                                      ║
    ║     libevent-2.1.so.7                                ║
    ║     libopus.so.0                                     ║
    ║     libgstallocators-1.0.so.0                        ║
    ║     libgstapp-1.0.so.0                               ║
    ║     libgstpbutils-1.0.so.0                           ║
    ║     libgstaudio-1.0.so.0                             ║
    ║     libgsttag-1.0.so.0                               ║
    ║     libgstvideo-1.0.so.0                             ║
    ║     libgstgl-1.0.so.0                                ║
    ║     libgstcodecparsers-1.0.so.0                      ║
    ║     libgstfft-1.0.so.0                               ║
    ║     libflite.so.1                                    ║
    ║     libflite_usenglish.so.1                          ║
    ║     libflite_cmu_grapheme_lang.so.1                  ║
    ║     libflite_cmu_grapheme_lex.so.1                   ║
    ║     libflite_cmu_indic_lang.so.1                     ║
    ║     libflite_cmu_indic_lex.so.1                      ║
    ║     libflite_cmulex.so.1                             ║
    ║     libflite_cmu_time_awb.so.1                       ║
    ║     libflite_cmu_us_awb.so.1                         ║
    ║     libflite_cmu_us_kal16.so.1                       ║
    ║     libflite_cmu_us_kal.so.1                         ║
    ║     libflite_cmu_us_rms.so.1                         ║
    ║     libflite_cmu_us_slt.so.1                         ║
    ║     libwebpdemux.so.2                                ║
    ║     libavif.so.16                                    ║
    ║     libharfbuzz-icu.so.0                             ║
    ║     libwebpmux.so.3                                  ║
    ║     libenchant-2.so.2                                ║
    ║     libsecret-1.so.0                                 ║
    ║     libhyphen.so.0                                   ║
    ║     libmanette-0.2.so.0                              ║
    ║     libGLESv2.so.2                                   ║
    ║     libx264.so                                       ║
    ╚══════════════════════════════════════════════════════╝
]]>
</failure>
</testcase>
</testsuite>
<testsuite name="e2e/web-workflows.spec.js" timestamp="2025-07-03T13:28:10.455Z" hostname="Mobile Safari" tests="10" failures="10" skipped="0" time="0" errors="0">
<testcase name="Nuclear Engagement Web Workflows › Complete plugin setup workflow" classname="e2e/web-workflows.spec.js" time="0">
<failure message="web-workflows.spec.js:35:3 Complete plugin setup workflow" type="FAILURE">
<![CDATA[  [Mobile Safari] › e2e/web-workflows.spec.js:35:3 › Nuclear Engagement Web Workflows › Complete plugin setup workflow 

    Error: browserType.launch: 
    ╔══════════════════════════════════════════════════════╗
    ║ Host system is missing dependencies to run browsers. ║
    ║ Missing libraries:                                   ║
    ║     libgtk-4.so.1                                    ║
    ║     libgraphene-1.0.so.0                             ║
    ║     libatomic.so.1                                   ║
    ║     libwoff2dec.so.1.0.2                             ║
    ║     libvpx.so.9                                      ║
    ║     libevent-2.1.so.7                                ║
    ║     libopus.so.0                                     ║
    ║     libgstallocators-1.0.so.0                        ║
    ║     libgstapp-1.0.so.0                               ║
    ║     libgstpbutils-1.0.so.0                           ║
    ║     libgstaudio-1.0.so.0                             ║
    ║     libgsttag-1.0.so.0                               ║
    ║     libgstvideo-1.0.so.0                             ║
    ║     libgstgl-1.0.so.0                                ║
    ║     libgstcodecparsers-1.0.so.0                      ║
    ║     libgstfft-1.0.so.0                               ║
    ║     libflite.so.1                                    ║
    ║     libflite_usenglish.so.1                          ║
    ║     libflite_cmu_grapheme_lang.so.1                  ║
    ║     libflite_cmu_grapheme_lex.so.1                   ║
    ║     libflite_cmu_indic_lang.so.1                     ║
    ║     libflite_cmu_indic_lex.so.1                      ║
    ║     libflite_cmulex.so.1                             ║
    ║     libflite_cmu_time_awb.so.1                       ║
    ║     libflite_cmu_us_awb.so.1                         ║
    ║     libflite_cmu_us_kal16.so.1                       ║
    ║     libflite_cmu_us_kal.so.1                         ║
    ║     libflite_cmu_us_rms.so.1                         ║
    ║     libflite_cmu_us_slt.so.1                         ║
    ║     libwebpdemux.so.2                                ║
    ║     libavif.so.16                                    ║
    ║     libharfbuzz-icu.so.0                             ║
    ║     libwebpmux.so.3                                  ║
    ║     libenchant-2.so.2                                ║
    ║     libsecret-1.so.0                                 ║
    ║     libhyphen.so.0                                   ║
    ║     libmanette-0.2.so.0                              ║
    ║     libGLESv2.so.2                                   ║
    ║     libx264.so                                       ║
    ╚══════════════════════════════════════════════════════╝

    TypeError: Cannot read properties of undefined (reading 'close')

      324 |
      325 |   test.afterAll(async () => {
    > 326 |     await adminPage.close();
          |                     ^
      327 |     await frontendPage.close();
      328 |   });
      329 | });
        at /mnt/wsl/docker-desktop-bind-mounts/Ubuntu/b1b687231e36a9dad8030de0e949ac74d048ee86a99fd2d0a4bd38e5e01d8541/tests/e2e/web-workflows.spec.js:326:21
]]>
</failure>
</testcase>
<testcase name="Nuclear Engagement Web Workflows › Content generation workflow" classname="e2e/web-workflows.spec.js" time="0">
<failure message="web-workflows.spec.js:60:3 Content generation workflow" type="FAILURE">
<![CDATA[  [Mobile Safari] › e2e/web-workflows.spec.js:60:3 › Nuclear Engagement Web Workflows › Content generation workflow 

    Error: browserType.launch: 
    ╔══════════════════════════════════════════════════════╗
    ║ Host system is missing dependencies to run browsers. ║
    ║ Missing libraries:                                   ║
    ║     libgtk-4.so.1                                    ║
    ║     libgraphene-1.0.so.0                             ║
    ║     libatomic.so.1                                   ║
    ║     libwoff2dec.so.1.0.2                             ║
    ║     libvpx.so.9                                      ║
    ║     libevent-2.1.so.7                                ║
    ║     libopus.so.0                                     ║
    ║     libgstallocators-1.0.so.0                        ║
    ║     libgstapp-1.0.so.0                               ║
    ║     libgstpbutils-1.0.so.0                           ║
    ║     libgstaudio-1.0.so.0                             ║
    ║     libgsttag-1.0.so.0                               ║
    ║     libgstvideo-1.0.so.0                             ║
    ║     libgstgl-1.0.so.0                                ║
    ║     libgstcodecparsers-1.0.so.0                      ║
    ║     libgstfft-1.0.so.0                               ║
    ║     libflite.so.1                                    ║
    ║     libflite_usenglish.so.1                          ║
    ║     libflite_cmu_grapheme_lang.so.1                  ║
    ║     libflite_cmu_grapheme_lex.so.1                   ║
    ║     libflite_cmu_indic_lang.so.1                     ║
    ║     libflite_cmu_indic_lex.so.1                      ║
    ║     libflite_cmulex.so.1                             ║
    ║     libflite_cmu_time_awb.so.1                       ║
    ║     libflite_cmu_us_awb.so.1                         ║
    ║     libflite_cmu_us_kal16.so.1                       ║
    ║     libflite_cmu_us_kal.so.1                         ║
    ║     libflite_cmu_us_rms.so.1                         ║
    ║     libflite_cmu_us_slt.so.1                         ║
    ║     libwebpdemux.so.2                                ║
    ║     libavif.so.16                                    ║
    ║     libharfbuzz-icu.so.0                             ║
    ║     libwebpmux.so.3                                  ║
    ║     libenchant-2.so.2                                ║
    ║     libsecret-1.so.0                                 ║
    ║     libhyphen.so.0                                   ║
    ║     libmanette-0.2.so.0                              ║
    ║     libGLESv2.so.2                                   ║
    ║     libx264.so                                       ║
    ╚══════════════════════════════════════════════════════╝

    TypeError: Cannot read properties of undefined (reading 'close')

      324 |
      325 |   test.afterAll(async () => {
    > 326 |     await adminPage.close();
          |                     ^
      327 |     await frontendPage.close();
      328 |   });
      329 | });
        at /mnt/wsl/docker-desktop-bind-mounts/Ubuntu/b1b687231e36a9dad8030de0e949ac74d048ee86a99fd2d0a4bd38e5e01d8541/tests/e2e/web-workflows.spec.js:326:21
]]>
</failure>
</testcase>
<testcase name="Nuclear Engagement Web Workflows › Quiz interaction workflow" classname="e2e/web-workflows.spec.js" time="0">
<failure message="web-workflows.spec.js:93:3 Quiz interaction workflow" type="FAILURE">
<![CDATA[  [Mobile Safari] › e2e/web-workflows.spec.js:93:3 › Nuclear Engagement Web Workflows › Quiz interaction workflow 

    Error: browserType.launch: 
    ╔══════════════════════════════════════════════════════╗
    ║ Host system is missing dependencies to run browsers. ║
    ║ Missing libraries:                                   ║
    ║     libgtk-4.so.1                                    ║
    ║     libgraphene-1.0.so.0                             ║
    ║     libatomic.so.1                                   ║
    ║     libwoff2dec.so.1.0.2                             ║
    ║     libvpx.so.9                                      ║
    ║     libevent-2.1.so.7                                ║
    ║     libopus.so.0                                     ║
    ║     libgstallocators-1.0.so.0                        ║
    ║     libgstapp-1.0.so.0                               ║
    ║     libgstpbutils-1.0.so.0                           ║
    ║     libgstaudio-1.0.so.0                             ║
    ║     libgsttag-1.0.so.0                               ║
    ║     libgstvideo-1.0.so.0                             ║
    ║     libgstgl-1.0.so.0                                ║
    ║     libgstcodecparsers-1.0.so.0                      ║
    ║     libgstfft-1.0.so.0                               ║
    ║     libflite.so.1                                    ║
    ║     libflite_usenglish.so.1                          ║
    ║     libflite_cmu_grapheme_lang.so.1                  ║
    ║     libflite_cmu_grapheme_lex.so.1                   ║
    ║     libflite_cmu_indic_lang.so.1                     ║
    ║     libflite_cmu_indic_lex.so.1                      ║
    ║     libflite_cmulex.so.1                             ║
    ║     libflite_cmu_time_awb.so.1                       ║
    ║     libflite_cmu_us_awb.so.1                         ║
    ║     libflite_cmu_us_kal16.so.1                       ║
    ║     libflite_cmu_us_kal.so.1                         ║
    ║     libflite_cmu_us_rms.so.1                         ║
    ║     libflite_cmu_us_slt.so.1                         ║
    ║     libwebpdemux.so.2                                ║
    ║     libavif.so.16                                    ║
    ║     libharfbuzz-icu.so.0                             ║
    ║     libwebpmux.so.3                                  ║
    ║     libenchant-2.so.2                                ║
    ║     libsecret-1.so.0                                 ║
    ║     libhyphen.so.0                                   ║
    ║     libmanette-0.2.so.0                              ║
    ║     libGLESv2.so.2                                   ║
    ║     libx264.so                                       ║
    ╚══════════════════════════════════════════════════════╝

    TypeError: Cannot read properties of undefined (reading 'close')

      324 |
      325 |   test.afterAll(async () => {
    > 326 |     await adminPage.close();
          |                     ^
      327 |     await frontendPage.close();
      328 |   });
      329 | });
        at /mnt/wsl/docker-desktop-bind-mounts/Ubuntu/b1b687231e36a9dad8030de0e949ac74d048ee86a99fd2d0a4bd38e5e01d8541/tests/e2e/web-workflows.spec.js:326:21
]]>
</failure>
</testcase>
<testcase name="Nuclear Engagement Web Workflows › Table of Contents interaction workflow" classname="e2e/web-workflows.spec.js" time="0">
<failure message="web-workflows.spec.js:127:3 Table of Contents interaction workflow" type="FAILURE">
<![CDATA[  [Mobile Safari] › e2e/web-workflows.spec.js:127:3 › Nuclear Engagement Web Workflows › Table of Contents interaction workflow 

    Error: browserType.launch: 
    ╔══════════════════════════════════════════════════════╗
    ║ Host system is missing dependencies to run browsers. ║
    ║ Missing libraries:                                   ║
    ║     libgtk-4.so.1                                    ║
    ║     libgraphene-1.0.so.0                             ║
    ║     libatomic.so.1                                   ║
    ║     libwoff2dec.so.1.0.2                             ║
    ║     libvpx.so.9                                      ║
    ║     libevent-2.1.so.7                                ║
    ║     libopus.so.0                                     ║
    ║     libgstallocators-1.0.so.0                        ║
    ║     libgstapp-1.0.so.0                               ║
    ║     libgstpbutils-1.0.so.0                           ║
    ║     libgstaudio-1.0.so.0                             ║
    ║     libgsttag-1.0.so.0                               ║
    ║     libgstvideo-1.0.so.0                             ║
    ║     libgstgl-1.0.so.0                                ║
    ║     libgstcodecparsers-1.0.so.0                      ║
    ║     libgstfft-1.0.so.0                               ║
    ║     libflite.so.1                                    ║
    ║     libflite_usenglish.so.1                          ║
    ║     libflite_cmu_grapheme_lang.so.1                  ║
    ║     libflite_cmu_grapheme_lex.so.1                   ║
    ║     libflite_cmu_indic_lang.so.1                     ║
    ║     libflite_cmu_indic_lex.so.1                      ║
    ║     libflite_cmulex.so.1                             ║
    ║     libflite_cmu_time_awb.so.1                       ║
    ║     libflite_cmu_us_awb.so.1                         ║
    ║     libflite_cmu_us_kal16.so.1                       ║
    ║     libflite_cmu_us_kal.so.1                         ║
    ║     libflite_cmu_us_rms.so.1                         ║
    ║     libflite_cmu_us_slt.so.1                         ║
    ║     libwebpdemux.so.2                                ║
    ║     libavif.so.16                                    ║
    ║     libharfbuzz-icu.so.0                             ║
    ║     libwebpmux.so.3                                  ║
    ║     libenchant-2.so.2                                ║
    ║     libsecret-1.so.0                                 ║
    ║     libhyphen.so.0                                   ║
    ║     libmanette-0.2.so.0                              ║
    ║     libGLESv2.so.2                                   ║
    ║     libx264.so                                       ║
    ╚══════════════════════════════════════════════════════╝

    TypeError: Cannot read properties of undefined (reading 'close')

      324 |
      325 |   test.afterAll(async () => {
    > 326 |     await adminPage.close();
          |                     ^
      327 |     await frontendPage.close();
      328 |   });
      329 | });
        at /mnt/wsl/docker-desktop-bind-mounts/Ubuntu/b1b687231e36a9dad8030de0e949ac74d048ee86a99fd2d0a4bd38e5e01d8541/tests/e2e/web-workflows.spec.js:326:21
]]>
</failure>
</testcase>
<testcase name="Nuclear Engagement Web Workflows › Summary display workflow" classname="e2e/web-workflows.spec.js" time="0">
<failure message="web-workflows.spec.js:152:3 Summary display workflow" type="FAILURE">
<![CDATA[  [Mobile Safari] › e2e/web-workflows.spec.js:152:3 › Nuclear Engagement Web Workflows › Summary display workflow 

    Error: browserType.launch: 
    ╔══════════════════════════════════════════════════════╗
    ║ Host system is missing dependencies to run browsers. ║
    ║ Missing libraries:                                   ║
    ║     libgtk-4.so.1                                    ║
    ║     libgraphene-1.0.so.0                             ║
    ║     libatomic.so.1                                   ║
    ║     libwoff2dec.so.1.0.2                             ║
    ║     libvpx.so.9                                      ║
    ║     libevent-2.1.so.7                                ║
    ║     libopus.so.0                                     ║
    ║     libgstallocators-1.0.so.0                        ║
    ║     libgstapp-1.0.so.0                               ║
    ║     libgstpbutils-1.0.so.0                           ║
    ║     libgstaudio-1.0.so.0                             ║
    ║     libgsttag-1.0.so.0                               ║
    ║     libgstvideo-1.0.so.0                             ║
    ║     libgstgl-1.0.so.0                                ║
    ║     libgstcodecparsers-1.0.so.0                      ║
    ║     libgstfft-1.0.so.0                               ║
    ║     libflite.so.1                                    ║
    ║     libflite_usenglish.so.1                          ║
    ║     libflite_cmu_grapheme_lang.so.1                  ║
    ║     libflite_cmu_grapheme_lex.so.1                   ║
    ║     libflite_cmu_indic_lang.so.1                     ║
    ║     libflite_cmu_indic_lex.so.1                      ║
    ║     libflite_cmulex.so.1                             ║
    ║     libflite_cmu_time_awb.so.1                       ║
    ║     libflite_cmu_us_awb.so.1                         ║
    ║     libflite_cmu_us_kal16.so.1                       ║
    ║     libflite_cmu_us_kal.so.1                         ║
    ║     libflite_cmu_us_rms.so.1                         ║
    ║     libflite_cmu_us_slt.so.1                         ║
    ║     libwebpdemux.so.2                                ║
    ║     libavif.so.16                                    ║
    ║     libharfbuzz-icu.so.0                             ║
    ║     libwebpmux.so.3                                  ║
    ║     libenchant-2.so.2                                ║
    ║     libsecret-1.so.0                                 ║
    ║     libhyphen.so.0                                   ║
    ║     libmanette-0.2.so.0                              ║
    ║     libGLESv2.so.2                                   ║
    ║     libx264.so                                       ║
    ╚══════════════════════════════════════════════════════╝

    TypeError: Cannot read properties of undefined (reading 'close')

      324 |
      325 |   test.afterAll(async () => {
    > 326 |     await adminPage.close();
          |                     ^
      327 |     await frontendPage.close();
      328 |   });
      329 | });
        at /mnt/wsl/docker-desktop-bind-mounts/Ubuntu/b1b687231e36a9dad8030de0e949ac74d048ee86a99fd2d0a4bd38e5e01d8541/tests/e2e/web-workflows.spec.js:326:21
]]>
</failure>
</testcase>
<testcase name="Nuclear Engagement Web Workflows › Admin bulk generation workflow" classname="e2e/web-workflows.spec.js" time="0">
<failure message="web-workflows.spec.js:175:3 Admin bulk generation workflow" type="FAILURE">
<![CDATA[  [Mobile Safari] › e2e/web-workflows.spec.js:175:3 › Nuclear Engagement Web Workflows › Admin bulk generation workflow 

    Error: browserType.launch: 
    ╔══════════════════════════════════════════════════════╗
    ║ Host system is missing dependencies to run browsers. ║
    ║ Missing libraries:                                   ║
    ║     libgtk-4.so.1                                    ║
    ║     libgraphene-1.0.so.0                             ║
    ║     libatomic.so.1                                   ║
    ║     libwoff2dec.so.1.0.2                             ║
    ║     libvpx.so.9                                      ║
    ║     libevent-2.1.so.7                                ║
    ║     libopus.so.0                                     ║
    ║     libgstallocators-1.0.so.0                        ║
    ║     libgstapp-1.0.so.0                               ║
    ║     libgstpbutils-1.0.so.0                           ║
    ║     libgstaudio-1.0.so.0                             ║
    ║     libgsttag-1.0.so.0                               ║
    ║     libgstvideo-1.0.so.0                             ║
    ║     libgstgl-1.0.so.0                                ║
    ║     libgstcodecparsers-1.0.so.0                      ║
    ║     libgstfft-1.0.so.0                               ║
    ║     libflite.so.1                                    ║
    ║     libflite_usenglish.so.1                          ║
    ║     libflite_cmu_grapheme_lang.so.1                  ║
    ║     libflite_cmu_grapheme_lex.so.1                   ║
    ║     libflite_cmu_indic_lang.so.1                     ║
    ║     libflite_cmu_indic_lex.so.1                      ║
    ║     libflite_cmulex.so.1                             ║
    ║     libflite_cmu_time_awb.so.1                       ║
    ║     libflite_cmu_us_awb.so.1                         ║
    ║     libflite_cmu_us_kal16.so.1                       ║
    ║     libflite_cmu_us_kal.so.1                         ║
    ║     libflite_cmu_us_rms.so.1                         ║
    ║     libflite_cmu_us_slt.so.1                         ║
    ║     libwebpdemux.so.2                                ║
    ║     libavif.so.16                                    ║
    ║     libharfbuzz-icu.so.0                             ║
    ║     libwebpmux.so.3                                  ║
    ║     libenchant-2.so.2                                ║
    ║     libsecret-1.so.0                                 ║
    ║     libhyphen.so.0                                   ║
    ║     libmanette-0.2.so.0                              ║
    ║     libGLESv2.so.2                                   ║
    ║     libx264.so                                       ║
    ╚══════════════════════════════════════════════════════╝

    TypeError: Cannot read properties of undefined (reading 'close')

      324 |
      325 |   test.afterAll(async () => {
    > 326 |     await adminPage.close();
          |                     ^
      327 |     await frontendPage.close();
      328 |   });
      329 | });
        at /mnt/wsl/docker-desktop-bind-mounts/Ubuntu/b1b687231e36a9dad8030de0e949ac74d048ee86a99fd2d0a4bd38e5e01d8541/tests/e2e/web-workflows.spec.js:326:21
]]>
</failure>
</testcase>
<testcase name="Nuclear Engagement Web Workflows › Settings management workflow" classname="e2e/web-workflows.spec.js" time="0">
<failure message="web-workflows.spec.js:204:3 Settings management workflow" type="FAILURE">
<![CDATA[  [Mobile Safari] › e2e/web-workflows.spec.js:204:3 › Nuclear Engagement Web Workflows › Settings management workflow 

    Error: browserType.launch: 
    ╔══════════════════════════════════════════════════════╗
    ║ Host system is missing dependencies to run browsers. ║
    ║ Missing libraries:                                   ║
    ║     libgtk-4.so.1                                    ║
    ║     libgraphene-1.0.so.0                             ║
    ║     libatomic.so.1                                   ║
    ║     libwoff2dec.so.1.0.2                             ║
    ║     libvpx.so.9                                      ║
    ║     libevent-2.1.so.7                                ║
    ║     libopus.so.0                                     ║
    ║     libgstallocators-1.0.so.0                        ║
    ║     libgstapp-1.0.so.0                               ║
    ║     libgstpbutils-1.0.so.0                           ║
    ║     libgstaudio-1.0.so.0                             ║
    ║     libgsttag-1.0.so.0                               ║
    ║     libgstvideo-1.0.so.0                             ║
    ║     libgstgl-1.0.so.0                                ║
    ║     libgstcodecparsers-1.0.so.0                      ║
    ║     libgstfft-1.0.so.0                               ║
    ║     libflite.so.1                                    ║
    ║     libflite_usenglish.so.1                          ║
    ║     libflite_cmu_grapheme_lang.so.1                  ║
    ║     libflite_cmu_grapheme_lex.so.1                   ║
    ║     libflite_cmu_indic_lang.so.1                     ║
    ║     libflite_cmu_indic_lex.so.1                      ║
    ║     libflite_cmulex.so.1                             ║
    ║     libflite_cmu_time_awb.so.1                       ║
    ║     libflite_cmu_us_awb.so.1                         ║
    ║     libflite_cmu_us_kal16.so.1                       ║
    ║     libflite_cmu_us_kal.so.1                         ║
    ║     libflite_cmu_us_rms.so.1                         ║
    ║     libflite_cmu_us_slt.so.1                         ║
    ║     libwebpdemux.so.2                                ║
    ║     libavif.so.16                                    ║
    ║     libharfbuzz-icu.so.0                             ║
    ║     libwebpmux.so.3                                  ║
    ║     libenchant-2.so.2                                ║
    ║     libsecret-1.so.0                                 ║
    ║     libhyphen.so.0                                   ║
    ║     libmanette-0.2.so.0                              ║
    ║     libGLESv2.so.2                                   ║
    ║     libx264.so                                       ║
    ╚══════════════════════════════════════════════════════╝

    TypeError: Cannot read properties of undefined (reading 'close')

      324 |
      325 |   test.afterAll(async () => {
    > 326 |     await adminPage.close();
          |                     ^
      327 |     await frontendPage.close();
      328 |   });
      329 | });
        at /mnt/wsl/docker-desktop-bind-mounts/Ubuntu/b1b687231e36a9dad8030de0e949ac74d048ee86a99fd2d0a4bd38e5e01d8541/tests/e2e/web-workflows.spec.js:326:21
]]>
</failure>
</testcase>
<testcase name="Nuclear Engagement Web Workflows › Error handling workflow" classname="e2e/web-workflows.spec.js" time="0">
<failure message="web-workflows.spec.js:232:3 Error handling workflow" type="FAILURE">
<![CDATA[  [Mobile Safari] › e2e/web-workflows.spec.js:232:3 › Nuclear Engagement Web Workflows › Error handling workflow 

    Error: browserType.launch: 
    ╔══════════════════════════════════════════════════════╗
    ║ Host system is missing dependencies to run browsers. ║
    ║ Missing libraries:                                   ║
    ║     libgtk-4.so.1                                    ║
    ║     libgraphene-1.0.so.0                             ║
    ║     libatomic.so.1                                   ║
    ║     libwoff2dec.so.1.0.2                             ║
    ║     libvpx.so.9                                      ║
    ║     libevent-2.1.so.7                                ║
    ║     libopus.so.0                                     ║
    ║     libgstallocators-1.0.so.0                        ║
    ║     libgstapp-1.0.so.0                               ║
    ║     libgstpbutils-1.0.so.0                           ║
    ║     libgstaudio-1.0.so.0                             ║
    ║     libgsttag-1.0.so.0                               ║
    ║     libgstvideo-1.0.so.0                             ║
    ║     libgstgl-1.0.so.0                                ║
    ║     libgstcodecparsers-1.0.so.0                      ║
    ║     libgstfft-1.0.so.0                               ║
    ║     libflite.so.1                                    ║
    ║     libflite_usenglish.so.1                          ║
    ║     libflite_cmu_grapheme_lang.so.1                  ║
    ║     libflite_cmu_grapheme_lex.so.1                   ║
    ║     libflite_cmu_indic_lang.so.1                     ║
    ║     libflite_cmu_indic_lex.so.1                      ║
    ║     libflite_cmulex.so.1                             ║
    ║     libflite_cmu_time_awb.so.1                       ║
    ║     libflite_cmu_us_awb.so.1                         ║
    ║     libflite_cmu_us_kal16.so.1                       ║
    ║     libflite_cmu_us_kal.so.1                         ║
    ║     libflite_cmu_us_rms.so.1                         ║
    ║     libflite_cmu_us_slt.so.1                         ║
    ║     libwebpdemux.so.2                                ║
    ║     libavif.so.16                                    ║
    ║     libharfbuzz-icu.so.0                             ║
    ║     libwebpmux.so.3                                  ║
    ║     libenchant-2.so.2                                ║
    ║     libsecret-1.so.0                                 ║
    ║     libhyphen.so.0                                   ║
    ║     libmanette-0.2.so.0                              ║
    ║     libGLESv2.so.2                                   ║
    ║     libx264.so                                       ║
    ╚══════════════════════════════════════════════════════╝

    TypeError: Cannot read properties of undefined (reading 'close')

      324 |
      325 |   test.afterAll(async () => {
    > 326 |     await adminPage.close();
          |                     ^
      327 |     await frontendPage.close();
      328 |   });
      329 | });
        at /mnt/wsl/docker-desktop-bind-mounts/Ubuntu/b1b687231e36a9dad8030de0e949ac74d048ee86a99fd2d0a4bd38e5e01d8541/tests/e2e/web-workflows.spec.js:326:21
]]>
</failure>
</testcase>
<testcase name="Nuclear Engagement Web Workflows › Responsive design workflow" classname="e2e/web-workflows.spec.js" time="0">
<failure message="web-workflows.spec.js:258:3 Responsive design workflow" type="FAILURE">
<![CDATA[  [Mobile Safari] › e2e/web-workflows.spec.js:258:3 › Nuclear Engagement Web Workflows › Responsive design workflow 

    Error: browserType.launch: 
    ╔══════════════════════════════════════════════════════╗
    ║ Host system is missing dependencies to run browsers. ║
    ║ Missing libraries:                                   ║
    ║     libgtk-4.so.1                                    ║
    ║     libgraphene-1.0.so.0                             ║
    ║     libatomic.so.1                                   ║
    ║     libwoff2dec.so.1.0.2                             ║
    ║     libvpx.so.9                                      ║
    ║     libevent-2.1.so.7                                ║
    ║     libopus.so.0                                     ║
    ║     libgstallocators-1.0.so.0                        ║
    ║     libgstapp-1.0.so.0                               ║
    ║     libgstpbutils-1.0.so.0                           ║
    ║     libgstaudio-1.0.so.0                             ║
    ║     libgsttag-1.0.so.0                               ║
    ║     libgstvideo-1.0.so.0                             ║
    ║     libgstgl-1.0.so.0                                ║
    ║     libgstcodecparsers-1.0.so.0                      ║
    ║     libgstfft-1.0.so.0                               ║
    ║     libflite.so.1                                    ║
    ║     libflite_usenglish.so.1                          ║
    ║     libflite_cmu_grapheme_lang.so.1                  ║
    ║     libflite_cmu_grapheme_lex.so.1                   ║
    ║     libflite_cmu_indic_lang.so.1                     ║
    ║     libflite_cmu_indic_lex.so.1                      ║
    ║     libflite_cmulex.so.1                             ║
    ║     libflite_cmu_time_awb.so.1                       ║
    ║     libflite_cmu_us_awb.so.1                         ║
    ║     libflite_cmu_us_kal16.so.1                       ║
    ║     libflite_cmu_us_kal.so.1                         ║
    ║     libflite_cmu_us_rms.so.1                         ║
    ║     libflite_cmu_us_slt.so.1                         ║
    ║     libwebpdemux.so.2                                ║
    ║     libavif.so.16                                    ║
    ║     libharfbuzz-icu.so.0                             ║
    ║     libwebpmux.so.3                                  ║
    ║     libenchant-2.so.2                                ║
    ║     libsecret-1.so.0                                 ║
    ║     libhyphen.so.0                                   ║
    ║     libmanette-0.2.so.0                              ║
    ║     libGLESv2.so.2                                   ║
    ║     libx264.so                                       ║
    ╚══════════════════════════════════════════════════════╝

    TypeError: Cannot read properties of undefined (reading 'close')

      324 |
      325 |   test.afterAll(async () => {
    > 326 |     await adminPage.close();
          |                     ^
      327 |     await frontendPage.close();
      328 |   });
      329 | });
        at /mnt/wsl/docker-desktop-bind-mounts/Ubuntu/b1b687231e36a9dad8030de0e949ac74d048ee86a99fd2d0a4bd38e5e01d8541/tests/e2e/web-workflows.spec.js:326:21
]]>
</failure>
</testcase>
<testcase name="Nuclear Engagement Web Workflows › Performance workflow" classname="e2e/web-workflows.spec.js" time="0">
<failure message="web-workflows.spec.js:296:3 Performance workflow" type="FAILURE">
<![CDATA[  [Mobile Safari] › e2e/web-workflows.spec.js:296:3 › Nuclear Engagement Web Workflows › Performance workflow 

    Error: browserType.launch: 
    ╔══════════════════════════════════════════════════════╗
    ║ Host system is missing dependencies to run browsers. ║
    ║ Missing libraries:                                   ║
    ║     libgtk-4.so.1                                    ║
    ║     libgraphene-1.0.so.0                             ║
    ║     libatomic.so.1                                   ║
    ║     libwoff2dec.so.1.0.2                             ║
    ║     libvpx.so.9                                      ║
    ║     libevent-2.1.so.7                                ║
    ║     libopus.so.0                                     ║
    ║     libgstallocators-1.0.so.0                        ║
    ║     libgstapp-1.0.so.0                               ║
    ║     libgstpbutils-1.0.so.0                           ║
    ║     libgstaudio-1.0.so.0                             ║
    ║     libgsttag-1.0.so.0                               ║
    ║     libgstvideo-1.0.so.0                             ║
    ║     libgstgl-1.0.so.0                                ║
    ║     libgstcodecparsers-1.0.so.0                      ║
    ║     libgstfft-1.0.so.0                               ║
    ║     libflite.so.1                                    ║
    ║     libflite_usenglish.so.1                          ║
    ║     libflite_cmu_grapheme_lang.so.1                  ║
    ║     libflite_cmu_grapheme_lex.so.1                   ║
    ║     libflite_cmu_indic_lang.so.1                     ║
    ║     libflite_cmu_indic_lex.so.1                      ║
    ║     libflite_cmulex.so.1                             ║
    ║     libflite_cmu_time_awb.so.1                       ║
    ║     libflite_cmu_us_awb.so.1                         ║
    ║     libflite_cmu_us_kal16.so.1                       ║
    ║     libflite_cmu_us_kal.so.1                         ║
    ║     libflite_cmu_us_rms.so.1                         ║
    ║     libflite_cmu_us_slt.so.1                         ║
    ║     libwebpdemux.so.2                                ║
    ║     libavif.so.16                                    ║
    ║     libharfbuzz-icu.so.0                             ║
    ║     libwebpmux.so.3                                  ║
    ║     libenchant-2.so.2                                ║
    ║     libsecret-1.so.0                                 ║
    ║     libhyphen.so.0                                   ║
    ║     libmanette-0.2.so.0                              ║
    ║     libGLESv2.so.2                                   ║
    ║     libx264.so                                       ║
    ╚══════════════════════════════════════════════════════╝

    TypeError: Cannot read properties of undefined (reading 'close')

      324 |
      325 |   test.afterAll(async () => {
    > 326 |     await adminPage.close();
          |                     ^
      327 |     await frontendPage.close();
      328 |   });
      329 | });
        at /mnt/wsl/docker-desktop-bind-mounts/Ubuntu/b1b687231e36a9dad8030de0e949ac74d048ee86a99fd2d0a4bd38e5e01d8541/tests/e2e/web-workflows.spec.js:326:21
]]>
</failure>
</testcase>
</testsuite>
<testsuite name="accessibility/AccessibilityTest.spec.cjs" timestamp="2025-07-03T13:28:10.455Z" hostname="Microsoft Edge" tests="10" failures="10" skipped="0" time="0.145" errors="0">
<testcase name="Nuclear Engagement Accessibility Tests › Quiz component accessibility" classname="accessibility/AccessibilityTest.spec.cjs" time="0.014">
<failure message="AccessibilityTest.spec.cjs:10:3 Quiz component accessibility" type="FAILURE">
<![CDATA[  [Microsoft Edge] › accessibility/AccessibilityTest.spec.cjs:10:3 › Nuclear Engagement Accessibility Tests › Quiz component accessibility 

    Error: browserType.launch: Chromium distribution 'msedge' is not found at /opt/microsoft/msedge/msedge
    Run "npx playwright install msedge"
]]>
</failure>
</testcase>
<testcase name="Nuclear Engagement Accessibility Tests › Table of Contents accessibility" classname="accessibility/AccessibilityTest.spec.cjs" time="0.012">
<failure message="AccessibilityTest.spec.cjs:47:3 Table of Contents accessibility" type="FAILURE">
<![CDATA[  [Microsoft Edge] › accessibility/AccessibilityTest.spec.cjs:47:3 › Nuclear Engagement Accessibility Tests › Table of Contents accessibility 

    Error: browserType.launch: Chromium distribution 'msedge' is not found at /opt/microsoft/msedge/msedge
    Run "npx playwright install msedge"
]]>
</failure>
</testcase>
<testcase name="Nuclear Engagement Accessibility Tests › Summary component accessibility" classname="accessibility/AccessibilityTest.spec.cjs" time="0.013">
<failure message="AccessibilityTest.spec.cjs:88:3 Summary component accessibility" type="FAILURE">
<![CDATA[  [Microsoft Edge] › accessibility/AccessibilityTest.spec.cjs:88:3 › Nuclear Engagement Accessibility Tests › Summary component accessibility 

    Error: browserType.launch: Chromium distribution 'msedge' is not found at /opt/microsoft/msedge/msedge
    Run "npx playwright install msedge"
]]>
</failure>
</testcase>
<testcase name="Nuclear Engagement Accessibility Tests › Color contrast and visual accessibility" classname="accessibility/AccessibilityTest.spec.cjs" time="0.013">
<failure message="AccessibilityTest.spec.cjs:119:3 Color contrast and visual accessibility" type="FAILURE">
<![CDATA[  [Microsoft Edge] › accessibility/AccessibilityTest.spec.cjs:119:3 › Nuclear Engagement Accessibility Tests › Color contrast and visual accessibility 

    Error: browserType.launch: Chromium distribution 'msedge' is not found at /opt/microsoft/msedge/msedge
    Run "npx playwright install msedge"
]]>
</failure>
</testcase>
<testcase name="Nuclear Engagement Accessibility Tests › Screen reader compatibility" classname="accessibility/AccessibilityTest.spec.cjs" time="0.025">
<failure message="AccessibilityTest.spec.cjs:158:3 Screen reader compatibility" type="FAILURE">
<![CDATA[  [Microsoft Edge] › accessibility/AccessibilityTest.spec.cjs:158:3 › Nuclear Engagement Accessibility Tests › Screen reader compatibility 

    Error: browserType.launch: Chromium distribution 'msedge' is not found at /opt/microsoft/msedge/msedge
    Run "npx playwright install msedge"
]]>
</failure>
</testcase>
<testcase name="Nuclear Engagement Accessibility Tests › Mobile accessibility" classname="accessibility/AccessibilityTest.spec.cjs" time="0.01">
<failure message="AccessibilityTest.spec.cjs:203:3 Mobile accessibility" type="FAILURE">
<![CDATA[  [Microsoft Edge] › accessibility/AccessibilityTest.spec.cjs:203:3 › Nuclear Engagement Accessibility Tests › Mobile accessibility 

    Error: browserType.launch: Chromium distribution 'msedge' is not found at /opt/microsoft/msedge/msedge
    Run "npx playwright install msedge"
]]>
</failure>
</testcase>
<testcase name="Nuclear Engagement Accessibility Tests › Reduced motion preferences" classname="accessibility/AccessibilityTest.spec.cjs" time="0.019">
<failure message="AccessibilityTest.spec.cjs:241:3 Reduced motion preferences" type="FAILURE">
<![CDATA[  [Microsoft Edge] › accessibility/AccessibilityTest.spec.cjs:241:3 › Nuclear Engagement Accessibility Tests › Reduced motion preferences 

    Error: browserType.launch: Chromium distribution 'msedge' is not found at /opt/microsoft/msedge/msedge
    Run "npx playwright install msedge"
]]>
</failure>
</testcase>
<testcase name="Nuclear Engagement Accessibility Tests › High contrast mode compatibility" classname="accessibility/AccessibilityTest.spec.cjs" time="0.013">
<failure message="AccessibilityTest.spec.cjs:270:3 High contrast mode compatibility" type="FAILURE">
<![CDATA[  [Microsoft Edge] › accessibility/AccessibilityTest.spec.cjs:270:3 › Nuclear Engagement Accessibility Tests › High contrast mode compatibility 

    Error: browserType.launch: Chromium distribution 'msedge' is not found at /opt/microsoft/msedge/msedge
    Run "npx playwright install msedge"
]]>
</failure>
</testcase>
<testcase name="Nuclear Engagement Accessibility Tests › Form accessibility" classname="accessibility/AccessibilityTest.spec.cjs" time="0.011">
<failure message="AccessibilityTest.spec.cjs:299:3 Form accessibility" type="FAILURE">
<![CDATA[  [Microsoft Edge] › accessibility/AccessibilityTest.spec.cjs:299:3 › Nuclear Engagement Accessibility Tests › Form accessibility 

    Error: browserType.launch: Chromium distribution 'msedge' is not found at /opt/microsoft/msedge/msedge
    Run "npx playwright install msedge"
]]>
</failure>
</testcase>
<testcase name="Nuclear Engagement Accessibility Tests › Page structure and semantics" classname="accessibility/AccessibilityTest.spec.cjs" time="0.015">
<failure message="AccessibilityTest.spec.cjs:340:3 Page structure and semantics" type="FAILURE">
<![CDATA[  [Microsoft Edge] › accessibility/AccessibilityTest.spec.cjs:340:3 › Nuclear Engagement Accessibility Tests › Page structure and semantics 

    Error: browserType.launch: Chromium distribution 'msedge' is not found at /opt/microsoft/msedge/msedge
    Run "npx playwright install msedge"
]]>
</failure>
</testcase>
</testsuite>
<testsuite name="e2e/simple.spec.js" timestamp="2025-07-03T13:28:10.455Z" hostname="Microsoft Edge" tests="1" failures="1" skipped="0" time="0.014" errors="0">
<testcase name="Simple Playwright Test › basic test to verify playwright works" classname="e2e/simple.spec.js" time="0.014">
<failure message="simple.spec.js:4:3 basic test to verify playwright works" type="FAILURE">
<![CDATA[  [Microsoft Edge] › e2e/simple.spec.js:4:3 › Simple Playwright Test › basic test to verify playwright works 

    Error: browserType.launch: Chromium distribution 'msedge' is not found at /opt/microsoft/msedge/msedge
    Run "npx playwright install msedge"
]]>
</failure>
</testcase>
</testsuite>
<testsuite name="e2e/web-workflows.spec.js" timestamp="2025-07-03T13:28:10.455Z" hostname="Microsoft Edge" tests="10" failures="10" skipped="0" time="0" errors="0">
<testcase name="Nuclear Engagement Web Workflows › Complete plugin setup workflow" classname="e2e/web-workflows.spec.js" time="0">
<failure message="web-workflows.spec.js:35:3 Complete plugin setup workflow" type="FAILURE">
<![CDATA[  [Microsoft Edge] › e2e/web-workflows.spec.js:35:3 › Nuclear Engagement Web Workflows › Complete plugin setup workflow 

    Error: browserType.launch: Chromium distribution 'msedge' is not found at /opt/microsoft/msedge/msedge
    Run "npx playwright install msedge"

    TypeError: Cannot read properties of undefined (reading 'close')

      324 |
      325 |   test.afterAll(async () => {
    > 326 |     await adminPage.close();
          |                     ^
      327 |     await frontendPage.close();
      328 |   });
      329 | });
        at /mnt/wsl/docker-desktop-bind-mounts/Ubuntu/b1b687231e36a9dad8030de0e949ac74d048ee86a99fd2d0a4bd38e5e01d8541/tests/e2e/web-workflows.spec.js:326:21
]]>
</failure>
</testcase>
<testcase name="Nuclear Engagement Web Workflows › Content generation workflow" classname="e2e/web-workflows.spec.js" time="0">
<failure message="web-workflows.spec.js:60:3 Content generation workflow" type="FAILURE">
<![CDATA[  [Microsoft Edge] › e2e/web-workflows.spec.js:60:3 › Nuclear Engagement Web Workflows › Content generation workflow 

    Error: browserType.launch: Chromium distribution 'msedge' is not found at /opt/microsoft/msedge/msedge
    Run "npx playwright install msedge"

    TypeError: Cannot read properties of undefined (reading 'close')

      324 |
      325 |   test.afterAll(async () => {
    > 326 |     await adminPage.close();
          |                     ^
      327 |     await frontendPage.close();
      328 |   });
      329 | });
        at /mnt/wsl/docker-desktop-bind-mounts/Ubuntu/b1b687231e36a9dad8030de0e949ac74d048ee86a99fd2d0a4bd38e5e01d8541/tests/e2e/web-workflows.spec.js:326:21
]]>
</failure>
</testcase>
<testcase name="Nuclear Engagement Web Workflows › Quiz interaction workflow" classname="e2e/web-workflows.spec.js" time="0">
<failure message="web-workflows.spec.js:93:3 Quiz interaction workflow" type="FAILURE">
<![CDATA[  [Microsoft Edge] › e2e/web-workflows.spec.js:93:3 › Nuclear Engagement Web Workflows › Quiz interaction workflow 

    Error: browserType.launch: Chromium distribution 'msedge' is not found at /opt/microsoft/msedge/msedge
    Run "npx playwright install msedge"

    TypeError: Cannot read properties of undefined (reading 'close')

      324 |
      325 |   test.afterAll(async () => {
    > 326 |     await adminPage.close();
          |                     ^
      327 |     await frontendPage.close();
      328 |   });
      329 | });
        at /mnt/wsl/docker-desktop-bind-mounts/Ubuntu/b1b687231e36a9dad8030de0e949ac74d048ee86a99fd2d0a4bd38e5e01d8541/tests/e2e/web-workflows.spec.js:326:21
]]>
</failure>
</testcase>
<testcase name="Nuclear Engagement Web Workflows › Table of Contents interaction workflow" classname="e2e/web-workflows.spec.js" time="0">
<failure message="web-workflows.spec.js:127:3 Table of Contents interaction workflow" type="FAILURE">
<![CDATA[  [Microsoft Edge] › e2e/web-workflows.spec.js:127:3 › Nuclear Engagement Web Workflows › Table of Contents interaction workflow 

    Error: browserType.launch: Chromium distribution 'msedge' is not found at /opt/microsoft/msedge/msedge
    Run "npx playwright install msedge"

    TypeError: Cannot read properties of undefined (reading 'close')

      324 |
      325 |   test.afterAll(async () => {
    > 326 |     await adminPage.close();
          |                     ^
      327 |     await frontendPage.close();
      328 |   });
      329 | });
        at /mnt/wsl/docker-desktop-bind-mounts/Ubuntu/b1b687231e36a9dad8030de0e949ac74d048ee86a99fd2d0a4bd38e5e01d8541/tests/e2e/web-workflows.spec.js:326:21
]]>
</failure>
</testcase>
<testcase name="Nuclear Engagement Web Workflows › Summary display workflow" classname="e2e/web-workflows.spec.js" time="0">
<failure message="web-workflows.spec.js:152:3 Summary display workflow" type="FAILURE">
<![CDATA[  [Microsoft Edge] › e2e/web-workflows.spec.js:152:3 › Nuclear Engagement Web Workflows › Summary display workflow 

    Error: browserType.launch: Chromium distribution 'msedge' is not found at /opt/microsoft/msedge/msedge
    Run "npx playwright install msedge"

    TypeError: Cannot read properties of undefined (reading 'close')

      324 |
      325 |   test.afterAll(async () => {
    > 326 |     await adminPage.close();
          |                     ^
      327 |     await frontendPage.close();
      328 |   });
      329 | });
        at /mnt/wsl/docker-desktop-bind-mounts/Ubuntu/b1b687231e36a9dad8030de0e949ac74d048ee86a99fd2d0a4bd38e5e01d8541/tests/e2e/web-workflows.spec.js:326:21
]]>
</failure>
</testcase>
<testcase name="Nuclear Engagement Web Workflows › Admin bulk generation workflow" classname="e2e/web-workflows.spec.js" time="0">
<failure message="web-workflows.spec.js:175:3 Admin bulk generation workflow" type="FAILURE">
<![CDATA[  [Microsoft Edge] › e2e/web-workflows.spec.js:175:3 › Nuclear Engagement Web Workflows › Admin bulk generation workflow 

    Error: browserType.launch: Chromium distribution 'msedge' is not found at /opt/microsoft/msedge/msedge
    Run "npx playwright install msedge"

    TypeError: Cannot read properties of undefined (reading 'close')

      324 |
      325 |   test.afterAll(async () => {
    > 326 |     await adminPage.close();
          |                     ^
      327 |     await frontendPage.close();
      328 |   });
      329 | });
        at /mnt/wsl/docker-desktop-bind-mounts/Ubuntu/b1b687231e36a9dad8030de0e949ac74d048ee86a99fd2d0a4bd38e5e01d8541/tests/e2e/web-workflows.spec.js:326:21
]]>
</failure>
</testcase>
<testcase name="Nuclear Engagement Web Workflows › Settings management workflow" classname="e2e/web-workflows.spec.js" time="0">
<failure message="web-workflows.spec.js:204:3 Settings management workflow" type="FAILURE">
<![CDATA[  [Microsoft Edge] › e2e/web-workflows.spec.js:204:3 › Nuclear Engagement Web Workflows › Settings management workflow 

    Error: browserType.launch: Chromium distribution 'msedge' is not found at /opt/microsoft/msedge/msedge
    Run "npx playwright install msedge"

    TypeError: Cannot read properties of undefined (reading 'close')

      324 |
      325 |   test.afterAll(async () => {
    > 326 |     await adminPage.close();
          |                     ^
      327 |     await frontendPage.close();
      328 |   });
      329 | });
        at /mnt/wsl/docker-desktop-bind-mounts/Ubuntu/b1b687231e36a9dad8030de0e949ac74d048ee86a99fd2d0a4bd38e5e01d8541/tests/e2e/web-workflows.spec.js:326:21
]]>
</failure>
</testcase>
<testcase name="Nuclear Engagement Web Workflows › Error handling workflow" classname="e2e/web-workflows.spec.js" time="0">
<failure message="web-workflows.spec.js:232:3 Error handling workflow" type="FAILURE">
<![CDATA[  [Microsoft Edge] › e2e/web-workflows.spec.js:232:3 › Nuclear Engagement Web Workflows › Error handling workflow 

    Error: browserType.launch: Chromium distribution 'msedge' is not found at /opt/microsoft/msedge/msedge
    Run "npx playwright install msedge"

    TypeError: Cannot read properties of undefined (reading 'close')

      324 |
      325 |   test.afterAll(async () => {
    > 326 |     await adminPage.close();
          |                     ^
      327 |     await frontendPage.close();
      328 |   });
      329 | });
        at /mnt/wsl/docker-desktop-bind-mounts/Ubuntu/b1b687231e36a9dad8030de0e949ac74d048ee86a99fd2d0a4bd38e5e01d8541/tests/e2e/web-workflows.spec.js:326:21
]]>
</failure>
</testcase>
<testcase name="Nuclear Engagement Web Workflows › Responsive design workflow" classname="e2e/web-workflows.spec.js" time="0">
<failure message="web-workflows.spec.js:258:3 Responsive design workflow" type="FAILURE">
<![CDATA[  [Microsoft Edge] › e2e/web-workflows.spec.js:258:3 › Nuclear Engagement Web Workflows › Responsive design workflow 

    Error: browserType.launch: Chromium distribution 'msedge' is not found at /opt/microsoft/msedge/msedge
    Run "npx playwright install msedge"

    TypeError: Cannot read properties of undefined (reading 'close')

      324 |
      325 |   test.afterAll(async () => {
    > 326 |     await adminPage.close();
          |                     ^
      327 |     await frontendPage.close();
      328 |   });
      329 | });
        at /mnt/wsl/docker-desktop-bind-mounts/Ubuntu/b1b687231e36a9dad8030de0e949ac74d048ee86a99fd2d0a4bd38e5e01d8541/tests/e2e/web-workflows.spec.js:326:21
]]>
</failure>
</testcase>
<testcase name="Nuclear Engagement Web Workflows › Performance workflow" classname="e2e/web-workflows.spec.js" time="0">
<failure message="web-workflows.spec.js:296:3 Performance workflow" type="FAILURE">
<![CDATA[  [Microsoft Edge] › e2e/web-workflows.spec.js:296:3 › Nuclear Engagement Web Workflows › Performance workflow 

    Error: browserType.launch: Chromium distribution 'msedge' is not found at /opt/microsoft/msedge/msedge
    Run "npx playwright install msedge"

    TypeError: Cannot read properties of undefined (reading 'close')

      324 |
      325 |   test.afterAll(async () => {
    > 326 |     await adminPage.close();
          |                     ^
      327 |     await frontendPage.close();
      328 |   });
      329 | });
        at /mnt/wsl/docker-desktop-bind-mounts/Ubuntu/b1b687231e36a9dad8030de0e949ac74d048ee86a99fd2d0a4bd38e5e01d8541/tests/e2e/web-workflows.spec.js:326:21
]]>
</failure>
</testcase>
</testsuite>
</testsuites>